0:0:0:0:0:0:0:1 - - [09/Dec/2021:01:36:30 +0700] "POST /?form HTTP/1.1" 200 3507
0:0:0:0:0:0:0:1 - - [09/Dec/2021:01:36:30 +0700] "GET /css/bootstrap.min.css HTTP/1.1" 304 -
0:0:0:0:0:0:0:1 - - [09/Dec/2021:01:36:31 +0700] "GET /favicon.ico HTTP/1.1" 304 -
0:0:0:0:0:0:0:1 - - [09/Dec/2021:01:36:33 +0700] "GET /?form HTTP/1.1" 200 4498
0:0:0:0:0:0:0:1 - - [09/Dec/2021:01:36:33 +0700] "GET /form-validation.css HTTP/1.1" 400 968
0:0:0:0:0:0:0:1 - - [09/Dec/2021:01:37:26 +0700] "POST /?form HTTP/1.1" 200 3846
0:0:0:0:0:0:0:1 - - [09/Dec/2021:01:44:30 +0700] "POST /?form HTTP/1.1" 200 4802
0:0:0:0:0:0:0:1 - - [09/Dec/2021:01:45:21 +0700] "POST /?form HTTP/1.1" 200 4545
0:0:0:0:0:0:0:1 - - [09/Dec/2021:01:45:26 +0700] "POST /?form HTTP/1.1" 200 4890
0:0:0:0:0:0:0:1 - - [09/Dec/2021:01:45:31 +0700] "GET /? HTTP/1.1" 200 4890
0:0:0:0:0:0:0:1 - - [09/Dec/2021:01:45:35 +0700] "GET / HTTP/1.1" 200 4890
0:0:0:0:0:0:0:1 - - [09/Dec/2021:01:47:56 +0700] "GET / HTTP/1.1" 200 5251
0:0:0:0:0:0:0:1 - - [09/Dec/2021:01:48:58 +0700] "GET / HTTP/1.1" 200 4890
0:0:0:0:0:0:0:1 - - [09/Dec/2021:01:49:28 +0700] "GET / HTTP/1.1" 200 4890
0:0:0:0:0:0:0:1 - - [09/Dec/2021:01:49:29 +0700] "GET / HTTP/1.1" 200 4890
0:0:0:0:0:0:0:1 - - [09/Dec/2021:01:49:29 +0700] "GET / HTTP/1.1" 200 4890
0:0:0:0:0:0:0:1 - - [09/Dec/2021:01:50:21 +0700] "GET / HTTP/1.1" 200 785
0:0:0:0:0:0:0:1 - - [09/Dec/2021:01:50:23 +0700] "GET / HTTP/1.1" 200 785
0:0:0:0:0:0:0:1 - - [09/Dec/2021:01:50:23 +0700] "GET / HTTP/1.1" 200 785
0:0:0:0:0:0:0:1 - - [09/Dec/2021:01:50:23 +0700] "GET / HTTP/1.1" 200 785
0:0:0:0:0:0:0:1 - - [09/Dec/2021:01:50:24 +0700] "GET / HTTP/1.1" 200 785
0:0:0:0:0:0:0:1 - - [09/Dec/2021:01:50:24 +0700] "GET / HTTP/1.1" 200 785
0:0:0:0:0:0:0:1 - - [09/Dec/2021:01:51:32 +0700] "GET / HTTP/1.1" 200 785
0:0:0:0:0:0:0:1 - - [09/Dec/2021:01:51:34 +0700] "GET / HTTP/1.1" 200 785
0:0:0:0:0:0:0:1 - - [09/Dec/2021:01:51:35 +0700] "GET / HTTP/1.1" 200 785
0:0:0:0:0:0:0:1 - - [09/Dec/2021:01:51:36 +0700] "GET / HTTP/1.1" 200 785
0:0:0:0:0:0:0:1 - - [09/Dec/2021:01:53:25 +0700] "GET / HTTP/1.1" 200 785
0:0:0:0:0:0:0:1 - - [09/Dec/2021:01:53:26 +0700] "GET / HTTP/1.1" 200 785
0:0:0:0:0:0:0:1 - - [09/Dec/2021:01:55:54 +0700] "GET / HTTP/1.1" 200 785
0:0:0:0:0:0:0:1 - - [09/Dec/2021:01:56:08 +0700] "GET / HTTP/1.1" 200 2546
0:0:0:0:0:0:0:1 - - [09/Dec/2021:01:56:44 +0700] "GET / HTTP/1.1" 200 2522
0:0:0:0:0:0:0:1 - - [09/Dec/2021:01:59:57 +0700] "GET / HTTP/1.1" 200 2599
0:0:0:0:0:0:0:1 - - [09/Dec/2021:02:06:50 +0700] "GET / HTTP/1.1" 200 2599
0:0:0:0:0:0:0:1 - - [09/Dec/2021:02:06:50 +0700] "GET /favicon.ico HTTP/1.1" 304 -
0:0:0:0:0:0:0:1 - - [09/Dec/2021:02:11:09 +0700] "GET / HTTP/1.1" 500 7820
0:0:0:0:0:0:0:1 - - [09/Dec/2021:02:14:32 +0700] "GET / HTTP/1.1" 200 3029
0:0:0:0:0:0:0:1 - - [09/Dec/2021:02:14:58 +0700] "GET / HTTP/1.1" 200 3742
0:0:0:0:0:0:0:1 - - [09/Dec/2021:02:17:13 +0700] "GET / HTTP/1.1" 200 3665
0:0:0:0:0:0:0:1 - - [09/Dec/2021:02:17:13 +0700] "GET /css/bootstrap.min.css HTTP/1.1" 304 -
0:0:0:0:0:0:0:1 - - [09/Dec/2021:02:17:16 +0700] "GET / HTTP/1.1" 200 3665
0:0:0:0:0:0:0:1 - - [09/Dec/2021:02:18:55 +0700] "GET / HTTP/1.1" 200 3768
0:0:0:0:0:0:0:1 - - [09/Dec/2021:02:18:58 +0700] "GET / HTTP/1.1" 200 3768
0:0:0:0:0:0:0:1 - - [09/Dec/2021:02:18:58 +0700] "GET / HTTP/1.1" 200 3768
0:0:0:0:0:0:0:1 - - [09/Dec/2021:02:18:59 +0700] "GET / HTTP/1.1" 200 3768
0:0:0:0:0:0:0:1 - - [09/Dec/2021:02:20:14 +0700] "GET / HTTP/1.1" 200 3806
0:0:0:0:0:0:0:1 - - [09/Dec/2021:02:20:16 +0700] "GET / HTTP/1.1" 200 3806
0:0:0:0:0:0:0:1 - - [09/Dec/2021:02:20:37 +0700] "GET / HTTP/1.1" 200 3802
0:0:0:0:0:0:0:1 - - [09/Dec/2021:02:20:39 +0700] "GET / HTTP/1.1" 200 3802
0:0:0:0:0:0:0:1 - - [09/Dec/2021:02:20:41 +0700] "GET /?form HTTP/1.1" 200 4470
0:0:0:0:0:0:0:1 - - [09/Dec/2021:02:20:41 +0700] "GET /form-validation.css HTTP/1.1" 400 968
0:0:0:0:0:0:0:1 - - [09/Dec/2021:02:20:46 +0700] "GET / HTTP/1.1" 200 3802
0:0:0:0:0:0:0:1 - - [09/Dec/2021:02:20:47 +0700] "GET / HTTP/1.1" 200 3802
0:0:0:0:0:0:0:1 - - [09/Dec/2021:02:21:39 +0700] "GET / HTTP/1.1" 200 3793
0:0:0:0:0:0:0:1 - - [09/Dec/2021:02:21:48 +0700] "GET / HTTP/1.1" 200 3793
0:0:0:0:0:0:0:1 - - [09/Dec/2021:02:21:58 +0700] "GET / HTTP/1.1" 200 3802
0:0:0:0:0:0:0:1 - - [09/Dec/2021:02:22:00 +0700] "GET / HTTP/1.1" 200 3802
0:0:0:0:0:0:0:1 - - [09/Dec/2021:02:22:00 +0700] "GET / HTTP/1.1" 200 3802
0:0:0:0:0:0:0:1 - - [09/Dec/2021:02:22:01 +0700] "GET / HTTP/1.1" 200 3802
0:0:0:0:0:0:0:1 - - [09/Dec/2021:02:22:01 +0700] "GET / HTTP/1.1" 200 3802
0:0:0:0:0:0:0:1 - - [09/Dec/2021:02:22:02 +0700] "GET / HTTP/1.1" 200 3802
0:0:0:0:0:0:0:1 - - [09/Dec/2021:02:22:02 +0700] "GET / HTTP/1.1" 200 3802
0:0:0:0:0:0:0:1 - - [09/Dec/2021:02:22:37 +0700] "GET / HTTP/1.1" 200 3834
0:0:0:0:0:0:0:1 - - [09/Dec/2021:02:22:39 +0700] "GET / HTTP/1.1" 200 3834
0:0:0:0:0:0:0:1 - - [09/Dec/2021:02:22:40 +0700] "GET / HTTP/1.1" 200 3834
0:0:0:0:0:0:0:1 - - [09/Dec/2021:02:22:42 +0700] "GET / HTTP/1.1" 200 3834
0:0:0:0:0:0:0:1 - - [09/Dec/2021:02:27:42 +0700] "GET / HTTP/1.1" 200 4063
127.0.0.1 - - [09/Dec/2021:02:27:42 +0700] "GET / HTTP/1.1" 200 4063
0:0:0:0:0:0:0:1 - - [09/Dec/2021:02:29:39 +0700] "GET / HTTP/1.1" 200 4063
0:0:0:0:0:0:0:1 - - [09/Dec/2021:02:31:32 +0700] "GET / HTTP/1.1" 200 4063
0:0:0:0:0:0:0:1 - - [09/Dec/2021:02:33:55 +0700] "GET / HTTP/1.1" 200 20616
0:0:0:0:0:0:0:1 - - [09/Dec/2021:02:46:08 +0700] "GET / HTTP/1.1" 200 20773
0:0:0:0:0:0:0:1 - - [09/Dec/2021:02:46:17 +0700] "GET /favicon.ico HTTP/1.1" 304 -
127.0.0.1 - - [09/Dec/2021:02:46:40 +0700] "GET / HTTP/1.1" 200 20605
0:0:0:0:0:0:0:1 - - [09/Dec/2021:02:47:18 +0700] "GET / HTTP/1.1" 200 18600
0:0:0:0:0:0:0:1 - - [09/Dec/2021:02:47:18 +0700] "GET /css/bootstrap.min.css HTTP/1.1" 304 -
0:0:0:0:0:0:0:1 - - [09/Dec/2021:02:47:39 +0700] "GET / HTTP/1.1" 200 18240
0:0:0:0:0:0:0:1 - - [09/Dec/2021:02:48:36 +0700] "GET / HTTP/1.1" 200 21865
0:0:0:0:0:0:0:1 - - [09/Dec/2021:02:49:05 +0700] "GET / HTTP/1.1" 200 19776
0:0:0:0:0:0:0:1 - - [09/Dec/2021:02:49:27 +0700] "GET / HTTP/1.1" 200 19500
0:0:0:0:0:0:0:1 - - [09/Dec/2021:02:50:21 +0700] "GET / HTTP/1.1" 200 20172
0:0:0:0:0:0:0:1 - - [09/Dec/2021:02:50:59 +0700] "GET / HTTP/1.1" 500 7818
0:0:0:0:0:0:0:1 - - [09/Dec/2021:02:51:37 +0700] "GET / HTTP/1.1" 200 20124
0:0:0:0:0:0:0:1 - - [09/Dec/2021:03:15:07 +0700] "GET /?form HTTP/1.1" 200 4470
0:0:0:0:0:0:0:1 - - [09/Dec/2021:03:15:07 +0700] "GET /form-validation.css HTTP/1.1" 400 968
0:0:0:0:0:0:0:1 - - [09/Dec/2021:03:15:34 +0700] "POST /?form HTTP/1.1" 200 21594
0:0:0:0:0:0:0:1 - - [09/Dec/2021:03:17:36 +0700] "POST /?form HTTP/1.1" 500 4448
0:0:0:0:0:0:0:1 - - [09/Dec/2021:03:18:09 +0700] "POST /?form HTTP/1.1" 200 24500
0:0:0:0:0:0:0:1 - - [09/Dec/2021:03:33:18 +0700] "GET /?form HTTP/1.1" 200 4470
0:0:0:0:0:0:0:1 - - [09/Dec/2021:03:33:18 +0700] "GET /css/bootstrap.min.css HTTP/1.1" 304 -
0:0:0:0:0:0:0:1 - - [09/Dec/2021:03:33:18 +0700] "GET /form-validation.css HTTP/1.1" 400 968
0:0:0:0:0:0:0:1 - - [09/Dec/2021:03:33:31 +0700] "POST /?form HTTP/1.1" 200 25964
0:0:0:0:0:0:0:1 - - [09/Dec/2021:03:53:41 +0700] "POST /?form HTTP/1.1" 500 7828
0:0:0:0:0:0:0:1 - - [09/Dec/2021:03:53:42 +0700] "GET /favicon.ico HTTP/1.1" 304 -
0:0:0:0:0:0:0:1 - - [09/Dec/2021:03:54:14 +0700] "POST /?form HTTP/1.1" 200 28783
0:0:0:0:0:0:0:1 - - [09/Dec/2021:03:54:15 +0700] "GET /??lesson.video_ru_RU?? HTTP/1.1" 200 28783
0:0:0:0:0:0:0:1 - - [09/Dec/2021:03:54:15 +0700] "GET /??lesson.video_ru_RU?? HTTP/1.1" 200 28783
0:0:0:0:0:0:0:1 - - [09/Dec/2021:03:54:15 +0700] "GET /??lesson.video_ru_RU?? HTTP/1.1" 200 28783
0:0:0:0:0:0:0:1 - - [09/Dec/2021:03:54:15 +0700] "GET /??lesson.video_ru_RU?? HTTP/1.1" 200 28783
0:0:0:0:0:0:0:1 - - [09/Dec/2021:03:54:15 +0700] "GET /??lesson.video_ru_RU?? HTTP/1.1" 200 28783
0:0:0:0:0:0:0:1 - - [09/Dec/2021:03:54:15 +0700] "GET /??lesson.video_ru_RU?? HTTP/1.1" 200 28783
0:0:0:0:0:0:0:1 - - [09/Dec/2021:03:54:15 +0700] "GET /??lesson.video_ru_RU?? HTTP/1.1" 200 28783
0:0:0:0:0:0:0:1 - - [09/Dec/2021:03:54:15 +0700] "GET /??lesson.video_ru_RU?? HTTP/1.1" 200 28783
0:0:0:0:0:0:0:1 - - [09/Dec/2021:03:54:15 +0700] "GET /??lesson.video_ru_RU?? HTTP/1.1" 200 28783
0:0:0:0:0:0:0:1 - - [09/Dec/2021:03:54:15 +0700] "GET /??lesson.video_ru_RU?? HTTP/1.1" 200 28783
0:0:0:0:0:0:0:1 - - [09/Dec/2021:03:54:15 +0700] "GET /??lesson.video_ru_RU?? HTTP/1.1" 200 28783
0:0:0:0:0:0:0:1 - - [09/Dec/2021:03:54:15 +0700] "GET /??lesson.video_ru_RU?? HTTP/1.1" 200 28783
0:0:0:0:0:0:0:1 - - [09/Dec/2021:03:54:15 +0700] "GET /??lesson.video_ru_RU?? HTTP/1.1" 200 28783
0:0:0:0:0:0:0:1 - - [09/Dec/2021:03:54:15 +0700] "GET /??lesson.video_ru_RU?? HTTP/1.1" 200 28783
0:0:0:0:0:0:0:1 - - [09/Dec/2021:03:54:15 +0700] "GET /??lesson.video_ru_RU?? HTTP/1.1" 200 28783
0:0:0:0:0:0:0:1 - - [09/Dec/2021:03:54:15 +0700] "GET /??lesson.video_ru_RU?? HTTP/1.1" 200 28783
0:0:0:0:0:0:0:1 - - [09/Dec/2021:03:54:15 +0700] "GET /??lesson.video_ru_RU?? HTTP/1.1" 200 28783
0:0:0:0:0:0:0:1 - - [09/Dec/2021:03:54:15 +0700] "GET /??lesson.video_ru_RU?? HTTP/1.1" 200 28783
0:0:0:0:0:0:0:1 - - [09/Dec/2021:03:54:15 +0700] "GET /??lesson.video_ru_RU?? HTTP/1.1" 200 28783
0:0:0:0:0:0:0:1 - - [09/Dec/2021:03:54:16 +0700] "GET /??lesson.video_ru_RU?? HTTP/1.1" 200 28783
0:0:0:0:0:0:0:1 - - [09/Dec/2021:03:54:16 +0700] "GET /??lesson.video_ru_RU?? HTTP/1.1" 200 28783
0:0:0:0:0:0:0:1 - - [09/Dec/2021:03:54:16 +0700] "GET /??lesson.video_ru_RU?? HTTP/1.1" 200 28783
0:0:0:0:0:0:0:1 - - [09/Dec/2021:03:54:16 +0700] "GET /??lesson.video_ru_RU?? HTTP/1.1" 200 28783
0:0:0:0:0:0:0:1 - - [09/Dec/2021:03:54:16 +0700] "GET /??lesson.video_ru_RU?? HTTP/1.1" 200 28783
0:0:0:0:0:0:0:1 - - [09/Dec/2021:03:54:16 +0700] "GET /??lesson.video_ru_RU?? HTTP/1.1" 200 28783
0:0:0:0:0:0:0:1 - - [09/Dec/2021:03:54:16 +0700] "GET /??lesson.video_ru_RU?? HTTP/1.1" 200 28783
0:0:0:0:0:0:0:1 - - [09/Dec/2021:03:54:16 +0700] "GET /??lesson.video_ru_RU?? HTTP/1.1" 200 28783
0:0:0:0:0:0:0:1 - - [09/Dec/2021:03:54:16 +0700] "GET /??lesson.video_ru_RU?? HTTP/1.1" 200 28783
0:0:0:0:0:0:0:1 - - [09/Dec/2021:03:54:16 +0700] "GET /??lesson.video_ru_RU?? HTTP/1.1" 200 28783
0:0:0:0:0:0:0:1 - - [09/Dec/2021:03:54:16 +0700] "GET /??lesson.video_ru_RU?? HTTP/1.1" 200 28783
0:0:0:0:0:0:0:1 - - [09/Dec/2021:03:54:16 +0700] "GET /??lesson.video_ru_RU?? HTTP/1.1" 200 28783
0:0:0:0:0:0:0:1 - - [09/Dec/2021:03:54:16 +0700] "GET /??lesson.video_ru_RU?? HTTP/1.1" 200 28783
0:0:0:0:0:0:0:1 - - [09/Dec/2021:03:54:16 +0700] "GET /??lesson.video_ru_RU?? HTTP/1.1" 200 28783
0:0:0:0:0:0:0:1 - - [09/Dec/2021:03:54:16 +0700] "GET /??lesson.video_ru_RU?? HTTP/1.1" 200 28783
0:0:0:0:0:0:0:1 - - [09/Dec/2021:03:54:16 +0700] "GET /??lesson.video_ru_RU?? HTTP/1.1" 200 28783
0:0:0:0:0:0:0:1 - - [09/Dec/2021:03:54:16 +0700] "GET /??lesson.video_ru_RU?? HTTP/1.1" 200 28783
0:0:0:0:0:0:0:1 - - [09/Dec/2021:03:54:16 +0700] "GET /??lesson.video_ru_RU?? HTTP/1.1" 200 28783
0:0:0:0:0:0:0:1 - - [09/Dec/2021:03:54:16 +0700] "GET /??lesson.video_ru_RU?? HTTP/1.1" 200 28783
0:0:0:0:0:0:0:1 - - [09/Dec/2021:03:54:16 +0700] "GET /??lesson.video_ru_RU?? HTTP/1.1" 200 28783
0:0:0:0:0:0:0:1 - - [09/Dec/2021:03:54:16 +0700] "GET /??lesson.video_ru_RU?? HTTP/1.1" 200 28783
0:0:0:0:0:0:0:1 - - [09/Dec/2021:03:54:16 +0700] "GET /??lesson.video_ru_RU?? HTTP/1.1" 200 28783
0:0:0:0:0:0:0:1 - - [09/Dec/2021:03:54:17 +0700] "GET /??lesson.video_ru_RU?? HTTP/1.1" 200 28783
0:0:0:0:0:0:0:1 - - [09/Dec/2021:03:54:17 +0700] "GET /??lesson.video_ru_RU?? HTTP/1.1" 200 28783
0:0:0:0:0:0:0:1 - - [09/Dec/2021:03:54:17 +0700] "GET /??lesson.video_ru_RU?? HTTP/1.1" 200 28783
0:0:0:0:0:0:0:1 - - [09/Dec/2021:03:54:17 +0700] "GET /??lesson.video_ru_RU?? HTTP/1.1" 200 28783
0:0:0:0:0:0:0:1 - - [09/Dec/2021:03:54:17 +0700] "GET /??lesson.video_ru_RU?? HTTP/1.1" 200 28783
0:0:0:0:0:0:0:1 - - [09/Dec/2021:03:54:17 +0700] "GET /??lesson.video_ru_RU?? HTTP/1.1" 200 28783
0:0:0:0:0:0:0:1 - - [09/Dec/2021:03:54:17 +0700] "GET /??lesson.video_ru_RU?? HTTP/1.1" 200 28783
0:0:0:0:0:0:0:1 - - [09/Dec/2021:03:54:17 +0700] "GET /??lesson.video_ru_RU?? HTTP/1.1" 200 28783
0:0:0:0:0:0:0:1 - - [09/Dec/2021:03:54:17 +0700] "GET /??lesson.video_ru_RU?? HTTP/1.1" 200 28783
0:0:0:0:0:0:0:1 - - [09/Dec/2021:03:54:17 +0700] "GET /??lesson.video_ru_RU?? HTTP/1.1" 200 28783
0:0:0:0:0:0:0:1 - - [09/Dec/2021:03:54:17 +0700] "GET /??lesson.video_ru_RU?? HTTP/1.1" 200 28783
0:0:0:0:0:0:0:1 - - [09/Dec/2021:03:54:17 +0700] "GET /??lesson.video_ru_RU?? HTTP/1.1" 200 28783
0:0:0:0:0:0:0:1 - - [09/Dec/2021:03:54:17 +0700] "GET /??lesson.video_ru_RU?? HTTP/1.1" 200 28783
0:0:0:0:0:0:0:1 - - [09/Dec/2021:03:54:17 +0700] "GET /??lesson.video_ru_RU?? HTTP/1.1" 200 28783
0:0:0:0:0:0:0:1 - - [09/Dec/2021:03:54:17 +0700] "GET /??lesson.video_ru_RU?? HTTP/1.1" 200 28783
0:0:0:0:0:0:0:1 - - [09/Dec/2021:03:54:17 +0700] "GET /??lesson.video_ru_RU?? HTTP/1.1" 200 28783
0:0:0:0:0:0:0:1 - - [09/Dec/2021:03:54:17 +0700] "GET /??lesson.video_ru_RU?? HTTP/1.1" 200 28783
0:0:0:0:0:0:0:1 - - [09/Dec/2021:03:54:17 +0700] "GET /??lesson.video_ru_RU?? HTTP/1.1" 200 28783
0:0:0:0:0:0:0:1 - - [09/Dec/2021:03:54:17 +0700] "GET /??lesson.video_ru_RU?? HTTP/1.1" 200 28783
0:0:0:0:0:0:0:1 - - [09/Dec/2021:03:54:17 +0700] "GET /??lesson.video_ru_RU?? HTTP/1.1" 200 28783
0:0:0:0:0:0:0:1 - - [09/Dec/2021:03:54:17 +0700] "GET /??lesson.video_ru_RU?? HTTP/1.1" 200 28783
0:0:0:0:0:0:0:1 - - [09/Dec/2021:03:54:17 +0700] "GET /??lesson.video_ru_RU?? HTTP/1.1" 200 28783
0:0:0:0:0:0:0:1 - - [09/Dec/2021:03:54:17 +0700] "GET /??lesson.video_ru_RU?? HTTP/1.1" 200 28783
0:0:0:0:0:0:0:1 - - [09/Dec/2021:03:54:17 +0700] "GET /??lesson.video_ru_RU?? HTTP/1.1" 200 28783
0:0:0:0:0:0:0:1 - - [09/Dec/2021:03:54:17 +0700] "GET /??lesson.video_ru_RU?? HTTP/1.1" 200 28783
0:0:0:0:0:0:0:1 - - [09/Dec/2021:03:54:17 +0700] "GET /??lesson.video_ru_RU?? HTTP/1.1" 200 28783
0:0:0:0:0:0:0:1 - - [09/Dec/2021:03:54:18 +0700] "GET /??lesson.video_ru_RU?? HTTP/1.1" 200 28783
0:0:0:0:0:0:0:1 - - [09/Dec/2021:03:54:18 +0700] "GET /??lesson.video_ru_RU?? HTTP/1.1" 200 28783
0:0:0:0:0:0:0:1 - - [09/Dec/2021:03:54:18 +0700] "GET /??lesson.video_ru_RU?? HTTP/1.1" 200 28783
0:0:0:0:0:0:0:1 - - [09/Dec/2021:03:54:18 +0700] "GET /??lesson.video_ru_RU?? HTTP/1.1" 200 28783
0:0:0:0:0:0:0:1 - - [09/Dec/2021:03:54:18 +0700] "GET /??lesson.video_ru_RU?? HTTP/1.1" 200 28783
0:0:0:0:0:0:0:1 - - [09/Dec/2021:03:54:18 +0700] "GET /??lesson.video_ru_RU?? HTTP/1.1" 200 28783
0:0:0:0:0:0:0:1 - - [09/Dec/2021:03:54:18 +0700] "GET /??lesson.video_ru_RU?? HTTP/1.1" 200 28783
0:0:0:0:0:0:0:1 - - [09/Dec/2021:03:54:18 +0700] "GET /??lesson.video_ru_RU?? HTTP/1.1" 200 28783
0:0:0:0:0:0:0:1 - - [09/Dec/2021:03:54:18 +0700] "GET /??lesson.video_ru_RU?? HTTP/1.1" 200 28783
0:0:0:0:0:0:0:1 - - [09/Dec/2021:03:54:18 +0700] "GET /??lesson.video_ru_RU?? HTTP/1.1" 200 28783
0:0:0:0:0:0:0:1 - - [09/Dec/2021:03:54:18 +0700] "GET /??lesson.video_ru_RU?? HTTP/1.1" 200 28783
0:0:0:0:0:0:0:1 - - [09/Dec/2021:03:54:18 +0700] "GET /??lesson.video_ru_RU?? HTTP/1.1" 200 28783
0:0:0:0:0:0:0:1 - - [09/Dec/2021:03:54:18 +0700] "GET /??lesson.video_ru_RU?? HTTP/1.1" 200 28783
0:0:0:0:0:0:0:1 - - [09/Dec/2021:03:54:18 +0700] "GET /??lesson.video_ru_RU?? HTTP/1.1" 200 28783
0:0:0:0:0:0:0:1 - - [09/Dec/2021:03:54:18 +0700] "GET /??lesson.video_ru_RU?? HTTP/1.1" 200 28783
0:0:0:0:0:0:0:1 - - [09/Dec/2021:03:54:18 +0700] "GET /??lesson.video_ru_RU?? HTTP/1.1" 200 28783
0:0:0:0:0:0:0:1 - - [09/Dec/2021:03:54:18 +0700] "GET /??lesson.video_ru_RU?? HTTP/1.1" 200 28783
0:0:0:0:0:0:0:1 - - [09/Dec/2021:03:54:18 +0700] "GET /??lesson.video_ru_RU?? HTTP/1.1" 200 28783
0:0:0:0:0:0:0:1 - - [09/Dec/2021:03:54:18 +0700] "GET /??lesson.video_ru_RU?? HTTP/1.1" 200 28783
0:0:0:0:0:0:0:1 - - [09/Dec/2021:03:54:18 +0700] "GET /??lesson.video_ru_RU?? HTTP/1.1" 200 28783
0:0:0:0:0:0:0:1 - - [09/Dec/2021:03:54:18 +0700] "GET /??lesson.video_ru_RU?? HTTP/1.1" 200 28783
0:0:0:0:0:0:0:1 - - [09/Dec/2021:03:54:18 +0700] "GET /??lesson.video_ru_RU?? HTTP/1.1" 200 28783
0:0:0:0:0:0:0:1 - - [09/Dec/2021:03:54:18 +0700] "GET /??lesson.video_ru_RU?? HTTP/1.1" 200 28783
0:0:0:0:0:0:0:1 - - [09/Dec/2021:03:54:18 +0700] "GET /??lesson.video_ru_RU?? HTTP/1.1" 200 28783
0:0:0:0:0:0:0:1 - - [09/Dec/2021:03:54:18 +0700] "GET /??lesson.video_ru_RU?? HTTP/1.1" 200 28783
0:0:0:0:0:0:0:1 - - [09/Dec/2021:03:54:18 +0700] "GET /??lesson.video_ru_RU?? HTTP/1.1" 200 28783
0:0:0:0:0:0:0:1 - - [09/Dec/2021:03:54:18 +0700] "GET /??lesson.video_ru_RU?? HTTP/1.1" 200 28783
0:0:0:0:0:0:0:1 - - [09/Dec/2021:03:54:18 +0700] "GET /??lesson.video_ru_RU?? HTTP/1.1" 200 28783
0:0:0:0:0:0:0:1 - - [09/Dec/2021:03:54:18 +0700] "GET /??lesson.video_ru_RU?? HTTP/1.1" 200 28783
0:0:0:0:0:0:0:1 - - [09/Dec/2021:03:54:19 +0700] "GET /??lesson.video_ru_RU?? HTTP/1.1" 200 28783
0:0:0:0:0:0:0:1 - - [09/Dec/2021:03:54:19 +0700] "GET /??lesson.video_ru_RU?? HTTP/1.1" 200 28783
0:0:0:0:0:0:0:1 - - [09/Dec/2021:03:54:19 +0700] "GET /??lesson.video_ru_RU?? HTTP/1.1" 200 28783
0:0:0:0:0:0:0:1 - - [09/Dec/2021:03:54:19 +0700] "GET /??lesson.video_ru_RU?? HTTP/1.1" 200 28783
0:0:0:0:0:0:0:1 - - [09/Dec/2021:03:54:19 +0700] "GET /??lesson.video_ru_RU?? HTTP/1.1" 200 28783
0:0:0:0:0:0:0:1 - - [09/Dec/2021:03:54:19 +0700] "GET /??lesson.video_ru_RU?? HTTP/1.1" 200 28783
0:0:0:0:0:0:0:1 - - [09/Dec/2021:03:54:19 +0700] "GET /??lesson.video_ru_RU?? HTTP/1.1" 200 28783
0:0:0:0:0:0:0:1 - - [09/Dec/2021:03:54:19 +0700] "GET /??lesson.video_ru_RU?? HTTP/1.1" 200 28783
0:0:0:0:0:0:0:1 - - [09/Dec/2021:03:54:19 +0700] "GET /??lesson.video_ru_RU?? HTTP/1.1" 200 28783
0:0:0:0:0:0:0:1 - - [09/Dec/2021:03:54:19 +0700] "GET /??lesson.video_ru_RU?? HTTP/1.1" 200 28783
0:0:0:0:0:0:0:1 - - [09/Dec/2021:03:54:19 +0700] "GET /??lesson.video_ru_RU?? HTTP/1.1" 200 28783
0:0:0:0:0:0:0:1 - - [09/Dec/2021:03:54:19 +0700] "GET /??lesson.video_ru_RU?? HTTP/1.1" 200 28783
0:0:0:0:0:0:0:1 - - [09/Dec/2021:03:54:19 +0700] "GET /??lesson.video_ru_RU?? HTTP/1.1" 200 28783
0:0:0:0:0:0:0:1 - - [09/Dec/2021:03:54:19 +0700] "GET /??lesson.video_ru_RU?? HTTP/1.1" 200 28783
0:0:0:0:0:0:0:1 - - [09/Dec/2021:03:54:19 +0700] "GET /??lesson.video_ru_RU?? HTTP/1.1" 200 28783
0:0:0:0:0:0:0:1 - - [09/Dec/2021:03:54:19 +0700] "GET /??lesson.video_ru_RU?? HTTP/1.1" 200 28783
0:0:0:0:0:0:0:1 - - [09/Dec/2021:03:54:19 +0700] "GET /??lesson.video_ru_RU?? HTTP/1.1" 200 28783
0:0:0:0:0:0:0:1 - - [09/Dec/2021:03:54:19 +0700] "GET /??lesson.video_ru_RU?? HTTP/1.1" 200 28783
0:0:0:0:0:0:0:1 - - [09/Dec/2021:03:54:19 +0700] "GET /??lesson.video_ru_RU?? HTTP/1.1" 200 28783
0:0:0:0:0:0:0:1 - - [09/Dec/2021:03:54:19 +0700] "GET /??lesson.video_ru_RU?? HTTP/1.1" 200 28783
0:0:0:0:0:0:0:1 - - [09/Dec/2021:03:54:19 +0700] "GET /??lesson.video_ru_RU?? HTTP/1.1" 200 28783
0:0:0:0:0:0:0:1 - - [09/Dec/2021:03:54:19 +0700] "GET /??lesson.video_ru_RU?? HTTP/1.1" 200 28783
0:0:0:0:0:0:0:1 - - [09/Dec/2021:03:54:19 +0700] "GET /??lesson.video_ru_RU?? HTTP/1.1" 200 28783
0:0:0:0:0:0:0:1 - - [09/Dec/2021:03:54:19 +0700] "GET /??lesson.video_ru_RU?? HTTP/1.1" 200 28783
0:0:0:0:0:0:0:1 - - [09/Dec/2021:03:54:19 +0700] "GET /??lesson.video_ru_RU?? HTTP/1.1" 200 28783
0:0:0:0:0:0:0:1 - - [09/Dec/2021:03:54:19 +0700] "GET /??lesson.video_ru_RU?? HTTP/1.1" 200 28783
0:0:0:0:0:0:0:1 - - [09/Dec/2021:03:54:19 +0700] "GET /??lesson.video_ru_RU?? HTTP/1.1" 200 28783
0:0:0:0:0:0:0:1 - - [09/Dec/2021:03:54:19 +0700] "GET /??lesson.video_ru_RU?? HTTP/1.1" 200 28783
0:0:0:0:0:0:0:1 - - [09/Dec/2021:03:54:19 +0700] "GET /??lesson.video_ru_RU?? HTTP/1.1" 200 28783
0:0:0:0:0:0:0:1 - - [09/Dec/2021:03:54:20 +0700] "GET /??lesson.video_ru_RU?? HTTP/1.1" 200 28783
0:0:0:0:0:0:0:1 - - [09/Dec/2021:03:54:20 +0700] "GET /??lesson.video_ru_RU?? HTTP/1.1" 200 28783
0:0:0:0:0:0:0:1 - - [09/Dec/2021:03:54:20 +0700] "GET /??lesson.video_ru_RU?? HTTP/1.1" 200 28783
0:0:0:0:0:0:0:1 - - [09/Dec/2021:03:54:20 +0700] "GET /??lesson.video_ru_RU?? HTTP/1.1" 200 28783
0:0:0:0:0:0:0:1 - - [09/Dec/2021:03:54:20 +0700] "GET /??lesson.video_ru_RU?? HTTP/1.1" 200 28783
0:0:0:0:0:0:0:1 - - [09/Dec/2021:03:54:20 +0700] "GET /??lesson.video_ru_RU?? HTTP/1.1" 200 28783
0:0:0:0:0:0:0:1 - - [09/Dec/2021:03:54:20 +0700] "GET /??lesson.video_ru_RU?? HTTP/1.1" 200 28783
0:0:0:0:0:0:0:1 - - [09/Dec/2021:03:54:20 +0700] "GET /??lesson.video_ru_RU?? HTTP/1.1" 200 28783
0:0:0:0:0:0:0:1 - - [09/Dec/2021:03:54:20 +0700] "GET /??lesson.video_ru_RU?? HTTP/1.1" 200 28783
0:0:0:0:0:0:0:1 - - [09/Dec/2021:03:54:20 +0700] "GET /??lesson.video_ru_RU?? HTTP/1.1" 200 28783
0:0:0:0:0:0:0:1 - - [09/Dec/2021:03:54:20 +0700] "GET /??lesson.video_ru_RU?? HTTP/1.1" 200 28783
0:0:0:0:0:0:0:1 - - [09/Dec/2021:03:54:20 +0700] "GET /??lesson.video_ru_RU?? HTTP/1.1" 200 28783
0:0:0:0:0:0:0:1 - - [09/Dec/2021:03:54:20 +0700] "GET /??lesson.video_ru_RU?? HTTP/1.1" 200 28783
0:0:0:0:0:0:0:1 - - [09/Dec/2021:03:54:20 +0700] "GET /??lesson.video_ru_RU?? HTTP/1.1" 200 28783
0:0:0:0:0:0:0:1 - - [09/Dec/2021:03:54:20 +0700] "GET /??lesson.video_ru_RU?? HTTP/1.1" 200 28783
0:0:0:0:0:0:0:1 - - [09/Dec/2021:03:54:20 +0700] "GET /??lesson.video_ru_RU?? HTTP/1.1" 200 28783
0:0:0:0:0:0:0:1 - - [09/Dec/2021:03:54:20 +0700] "GET /??lesson.video_ru_RU?? HTTP/1.1" 200 28783
0:0:0:0:0:0:0:1 - - [09/Dec/2021:03:54:20 +0700] "GET /??lesson.video_ru_RU?? HTTP/1.1" 200 28783
0:0:0:0:0:0:0:1 - - [09/Dec/2021:03:54:20 +0700] "GET /??lesson.video_ru_RU?? HTTP/1.1" 200 28783
0:0:0:0:0:0:0:1 - - [09/Dec/2021:03:54:20 +0700] "GET /??lesson.video_ru_RU?? HTTP/1.1" 200 28783
0:0:0:0:0:0:0:1 - - [09/Dec/2021:03:54:20 +0700] "GET /??lesson.video_ru_RU?? HTTP/1.1" 200 28783
0:0:0:0:0:0:0:1 - - [09/Dec/2021:03:54:20 +0700] "GET /??lesson.video_ru_RU?? HTTP/1.1" 200 28783
0:0:0:0:0:0:0:1 - - [09/Dec/2021:03:54:20 +0700] "GET /??lesson.video_ru_RU?? HTTP/1.1" 200 28783
0:0:0:0:0:0:0:1 - - [09/Dec/2021:03:54:20 +0700] "GET /??lesson.video_ru_RU?? HTTP/1.1" 200 28783
0:0:0:0:0:0:0:1 - - [09/Dec/2021:03:54:20 +0700] "GET /??lesson.video_ru_RU?? HTTP/1.1" 200 28783
0:0:0:0:0:0:0:1 - - [09/Dec/2021:03:54:20 +0700] "GET /??lesson.video_ru_RU?? HTTP/1.1" 200 28783
0:0:0:0:0:0:0:1 - - [09/Dec/2021:03:54:20 +0700] "GET /??lesson.video_ru_RU?? HTTP/1.1" 200 28783
0:0:0:0:0:0:0:1 - - [09/Dec/2021:03:54:20 +0700] "GET /??lesson.video_ru_RU?? HTTP/1.1" 200 28783
0:0:0:0:0:0:0:1 - - [09/Dec/2021:03:54:21 +0700] "GET /??lesson.video_ru_RU?? HTTP/1.1" 200 28783
0:0:0:0:0:0:0:1 - - [09/Dec/2021:03:54:21 +0700] "GET /??lesson.video_ru_RU?? HTTP/1.1" 200 28783
0:0:0:0:0:0:0:1 - - [09/Dec/2021:03:54:21 +0700] "GET /??lesson.video_ru_RU?? HTTP/1.1" 200 28783
0:0:0:0:0:0:0:1 - - [09/Dec/2021:03:54:21 +0700] "GET /??lesson.video_ru_RU?? HTTP/1.1" 200 28783
0:0:0:0:0:0:0:1 - - [09/Dec/2021:03:54:21 +0700] "GET /??lesson.video_ru_RU?? HTTP/1.1" 200 28783
0:0:0:0:0:0:0:1 - - [09/Dec/2021:03:54:21 +0700] "GET /??lesson.video_ru_RU?? HTTP/1.1" 200 28783
0:0:0:0:0:0:0:1 - - [09/Dec/2021:03:54:21 +0700] "GET /??lesson.video_ru_RU?? HTTP/1.1" 200 28783
0:0:0:0:0:0:0:1 - - [09/Dec/2021:03:54:21 +0700] "GET /??lesson.video_ru_RU?? HTTP/1.1" 200 28783
0:0:0:0:0:0:0:1 - - [09/Dec/2021:03:54:21 +0700] "GET /??lesson.video_ru_RU?? HTTP/1.1" 200 28783
0:0:0:0:0:0:0:1 - - [09/Dec/2021:03:54:21 +0700] "GET /??lesson.video_ru_RU?? HTTP/1.1" 200 28783
0:0:0:0:0:0:0:1 - - [09/Dec/2021:03:54:21 +0700] "GET /??lesson.video_ru_RU?? HTTP/1.1" 200 28783
0:0:0:0:0:0:0:1 - - [09/Dec/2021:03:54:21 +0700] "GET /??lesson.video_ru_RU?? HTTP/1.1" 200 28783
0:0:0:0:0:0:0:1 - - [09/Dec/2021:03:54:21 +0700] "GET /??lesson.video_ru_RU?? HTTP/1.1" 200 28783
0:0:0:0:0:0:0:1 - - [09/Dec/2021:03:54:21 +0700] "GET /??lesson.video_ru_RU?? HTTP/1.1" 200 28783
0:0:0:0:0:0:0:1 - - [09/Dec/2021:03:54:21 +0700] "GET /??lesson.video_ru_RU?? HTTP/1.1" 200 28783
0:0:0:0:0:0:0:1 - - [09/Dec/2021:03:54:21 +0700] "GET /??lesson.video_ru_RU?? HTTP/1.1" 200 28783
0:0:0:0:0:0:0:1 - - [09/Dec/2021:03:54:21 +0700] "GET /??lesson.video_ru_RU?? HTTP/1.1" 200 28783
0:0:0:0:0:0:0:1 - - [09/Dec/2021:03:54:21 +0700] "GET /??lesson.video_ru_RU?? HTTP/1.1" 200 28783
0:0:0:0:0:0:0:1 - - [09/Dec/2021:03:54:21 +0700] "GET /??lesson.video_ru_RU?? HTTP/1.1" 200 28783
0:0:0:0:0:0:0:1 - - [09/Dec/2021:03:54:21 +0700] "GET /??lesson.video_ru_RU?? HTTP/1.1" 200 28783
0:0:0:0:0:0:0:1 - - [09/Dec/2021:03:54:21 +0700] "GET /??lesson.video_ru_RU?? HTTP/1.1" 200 28783
0:0:0:0:0:0:0:1 - - [09/Dec/2021:03:54:21 +0700] "GET /??lesson.video_ru_RU?? HTTP/1.1" 200 28783
0:0:0:0:0:0:0:1 - - [09/Dec/2021:03:54:21 +0700] "GET /??lesson.video_ru_RU?? HTTP/1.1" 200 28783
0:0:0:0:0:0:0:1 - - [09/Dec/2021:03:54:21 +0700] "GET /??lesson.video_ru_RU?? HTTP/1.1" 200 28783
0:0:0:0:0:0:0:1 - - [09/Dec/2021:03:54:21 +0700] "GET /??lesson.video_ru_RU?? HTTP/1.1" 200 28783
0:0:0:0:0:0:0:1 - - [09/Dec/2021:03:54:21 +0700] "GET /??lesson.video_ru_RU?? HTTP/1.1" 200 28783
0:0:0:0:0:0:0:1 - - [09/Dec/2021:03:54:21 +0700] "GET /??lesson.video_ru_RU?? HTTP/1.1" 200 28783
0:0:0:0:0:0:0:1 - - [09/Dec/2021:03:54:21 +0700] "GET /??lesson.video_ru_RU?? HTTP/1.1" 200 28783
0:0:0:0:0:0:0:1 - - [09/Dec/2021:03:54:21 +0700] "GET /??lesson.video_ru_RU?? HTTP/1.1" 200 28783
0:0:0:0:0:0:0:1 - - [09/Dec/2021:03:54:22 +0700] "GET /??lesson.video_ru_RU?? HTTP/1.1" 200 28783
0:0:0:0:0:0:0:1 - - [09/Dec/2021:03:54:22 +0700] "GET /??lesson.video_ru_RU?? HTTP/1.1" 200 28783
0:0:0:0:0:0:0:1 - - [09/Dec/2021:03:54:22 +0700] "GET /??lesson.video_ru_RU?? HTTP/1.1" 200 28783
0:0:0:0:0:0:0:1 - - [09/Dec/2021:03:54:22 +0700] "GET /??lesson.video_ru_RU?? HTTP/1.1" 200 28783
0:0:0:0:0:0:0:1 - - [09/Dec/2021:03:54:22 +0700] "GET /??lesson.video_ru_RU?? HTTP/1.1" 200 28783
0:0:0:0:0:0:0:1 - - [09/Dec/2021:03:54:22 +0700] "GET /??lesson.video_ru_RU?? HTTP/1.1" 200 28783
0:0:0:0:0:0:0:1 - - [09/Dec/2021:03:54:22 +0700] "GET /??lesson.video_ru_RU?? HTTP/1.1" 200 28783
0:0:0:0:0:0:0:1 - - [09/Dec/2021:03:54:22 +0700] "GET /??lesson.video_ru_RU?? HTTP/1.1" 200 28783
0:0:0:0:0:0:0:1 - - [09/Dec/2021:03:54:22 +0700] "GET /??lesson.video_ru_RU?? HTTP/1.1" 200 28783
0:0:0:0:0:0:0:1 - - [09/Dec/2021:03:54:22 +0700] "GET /??lesson.video_ru_RU?? HTTP/1.1" 200 28783
0:0:0:0:0:0:0:1 - - [09/Dec/2021:03:54:22 +0700] "GET /??lesson.video_ru_RU?? HTTP/1.1" 200 28783
0:0:0:0:0:0:0:1 - - [09/Dec/2021:03:54:22 +0700] "GET /??lesson.video_ru_RU?? HTTP/1.1" 200 28783
0:0:0:0:0:0:0:1 - - [09/Dec/2021:03:54:22 +0700] "GET /??lesson.video_ru_RU?? HTTP/1.1" 200 28783
0:0:0:0:0:0:0:1 - - [09/Dec/2021:03:54:22 +0700] "GET /??lesson.video_ru_RU?? HTTP/1.1" 200 28783
0:0:0:0:0:0:0:1 - - [09/Dec/2021:03:54:22 +0700] "GET /??lesson.video_ru_RU?? HTTP/1.1" 200 28783
0:0:0:0:0:0:0:1 - - [09/Dec/2021:03:54:22 +0700] "GET /??lesson.video_ru_RU?? HTTP/1.1" 200 28783
0:0:0:0:0:0:0:1 - - [09/Dec/2021:03:54:22 +0700] "GET /??lesson.video_ru_RU?? HTTP/1.1" 200 28783
0:0:0:0:0:0:0:1 - - [09/Dec/2021:03:54:22 +0700] "GET /??lesson.video_ru_RU?? HTTP/1.1" 200 28783
0:0:0:0:0:0:0:1 - - [09/Dec/2021:03:54:22 +0700] "GET /??lesson.video_ru_RU?? HTTP/1.1" 200 28783
0:0:0:0:0:0:0:1 - - [09/Dec/2021:03:54:22 +0700] "GET /??lesson.video_ru_RU?? HTTP/1.1" 200 28783
0:0:0:0:0:0:0:1 - - [09/Dec/2021:03:54:22 +0700] "GET /??lesson.video_ru_RU?? HTTP/1.1" 200 28783
0:0:0:0:0:0:0:1 - - [09/Dec/2021:03:54:22 +0700] "GET /??lesson.video_ru_RU?? HTTP/1.1" 200 28783
0:0:0:0:0:0:0:1 - - [09/Dec/2021:03:54:22 +0700] "GET /??lesson.video_ru_RU?? HTTP/1.1" 200 28783
0:0:0:0:0:0:0:1 - - [09/Dec/2021:03:54:22 +0700] "GET /??lesson.video_ru_RU?? HTTP/1.1" 200 28783
0:0:0:0:0:0:0:1 - - [09/Dec/2021:03:54:22 +0700] "GET /??lesson.video_ru_RU?? HTTP/1.1" 200 28783
0:0:0:0:0:0:0:1 - - [09/Dec/2021:03:54:22 +0700] "GET /??lesson.video_ru_RU?? HTTP/1.1" 200 28783
0:0:0:0:0:0:0:1 - - [09/Dec/2021:03:54:22 +0700] "GET /??lesson.video_ru_RU?? HTTP/1.1" 200 28783
0:0:0:0:0:0:0:1 - - [09/Dec/2021:03:54:22 +0700] "GET /??lesson.video_ru_RU?? HTTP/1.1" 200 28783
0:0:0:0:0:0:0:1 - - [09/Dec/2021:03:54:22 +0700] "GET /??lesson.video_ru_RU?? HTTP/1.1" 200 28783
0:0:0:0:0:0:0:1 - - [09/Dec/2021:03:54:23 +0700] "GET /??lesson.video_ru_RU?? HTTP/1.1" 200 28783
0:0:0:0:0:0:0:1 - - [09/Dec/2021:03:54:23 +0700] "GET /??lesson.video_ru_RU?? HTTP/1.1" 200 28783
0:0:0:0:0:0:0:1 - - [09/Dec/2021:03:54:23 +0700] "GET /??lesson.video_ru_RU?? HTTP/1.1" 200 28783
0:0:0:0:0:0:0:1 - - [09/Dec/2021:03:54:23 +0700] "GET /??lesson.video_ru_RU?? HTTP/1.1" 200 28783
0:0:0:0:0:0:0:1 - - [09/Dec/2021:03:54:23 +0700] "GET /??lesson.video_ru_RU?? HTTP/1.1" 200 28783
0:0:0:0:0:0:0:1 - - [09/Dec/2021:03:54:23 +0700] "GET /??lesson.video_ru_RU?? HTTP/1.1" 200 28783
0:0:0:0:0:0:0:1 - - [09/Dec/2021:03:54:23 +0700] "GET /??lesson.video_ru_RU?? HTTP/1.1" 200 28783
0:0:0:0:0:0:0:1 - - [09/Dec/2021:03:54:23 +0700] "GET /??lesson.video_ru_RU?? HTTP/1.1" 200 28783
0:0:0:0:0:0:0:1 - - [09/Dec/2021:03:54:23 +0700] "GET /??lesson.video_ru_RU?? HTTP/1.1" 200 28783
0:0:0:0:0:0:0:1 - - [09/Dec/2021:03:54:23 +0700] "GET /??lesson.video_ru_RU?? HTTP/1.1" 200 28783
0:0:0:0:0:0:0:1 - - [09/Dec/2021:03:54:23 +0700] "GET /??lesson.video_ru_RU?? HTTP/1.1" 200 28783
0:0:0:0:0:0:0:1 - - [09/Dec/2021:03:54:23 +0700] "GET /??lesson.video_ru_RU?? HTTP/1.1" 200 28783
0:0:0:0:0:0:0:1 - - [09/Dec/2021:03:54:23 +0700] "GET /??lesson.video_ru_RU?? HTTP/1.1" 200 28783
0:0:0:0:0:0:0:1 - - [09/Dec/2021:03:54:23 +0700] "GET /??lesson.video_ru_RU?? HTTP/1.1" 200 28783
0:0:0:0:0:0:0:1 - - [09/Dec/2021:03:54:23 +0700] "GET /??lesson.video_ru_RU?? HTTP/1.1" 200 28783
0:0:0:0:0:0:0:1 - - [09/Dec/2021:03:54:23 +0700] "GET /??lesson.video_ru_RU?? HTTP/1.1" 200 28783
0:0:0:0:0:0:0:1 - - [09/Dec/2021:03:54:23 +0700] "GET /??lesson.video_ru_RU?? HTTP/1.1" 200 28783
0:0:0:0:0:0:0:1 - - [09/Dec/2021:03:54:23 +0700] "GET /??lesson.video_ru_RU?? HTTP/1.1" 200 28783
0:0:0:0:0:0:0:1 - - [09/Dec/2021:03:54:23 +0700] "GET /??lesson.video_ru_RU?? HTTP/1.1" 200 28783
0:0:0:0:0:0:0:1 - - [09/Dec/2021:03:54:23 +0700] "GET /??lesson.video_ru_RU?? HTTP/1.1" 200 28783
0:0:0:0:0:0:0:1 - - [09/Dec/2021:03:54:23 +0700] "GET /??lesson.video_ru_RU?? HTTP/1.1" 200 28783
0:0:0:0:0:0:0:1 - - [09/Dec/2021:03:54:23 +0700] "GET /??lesson.video_ru_RU?? HTTP/1.1" 200 28783
0:0:0:0:0:0:0:1 - - [09/Dec/2021:03:54:23 +0700] "GET /??lesson.video_ru_RU?? HTTP/1.1" 200 28783
0:0:0:0:0:0:0:1 - - [09/Dec/2021:03:54:23 +0700] "GET /??lesson.video_ru_RU?? HTTP/1.1" 200 28783
0:0:0:0:0:0:0:1 - - [09/Dec/2021:03:54:23 +0700] "GET /??lesson.video_ru_RU?? HTTP/1.1" 200 28783
0:0:0:0:0:0:0:1 - - [09/Dec/2021:03:54:23 +0700] "GET /??lesson.video_ru_RU?? HTTP/1.1" 200 28783
0:0:0:0:0:0:0:1 - - [09/Dec/2021:03:54:23 +0700] "GET /??lesson.video_ru_RU?? HTTP/1.1" 200 28783
0:0:0:0:0:0:0:1 - - [09/Dec/2021:03:54:23 +0700] "GET /??lesson.video_ru_RU?? HTTP/1.1" 200 28783
0:0:0:0:0:0:0:1 - - [09/Dec/2021:03:54:24 +0700] "GET /??lesson.video_ru_RU?? HTTP/1.1" 200 28783
0:0:0:0:0:0:0:1 - - [09/Dec/2021:03:54:24 +0700] "GET /??lesson.video_ru_RU?? HTTP/1.1" 200 28783
0:0:0:0:0:0:0:1 - - [09/Dec/2021:03:54:24 +0700] "GET /??lesson.video_ru_RU?? HTTP/1.1" 200 28783
0:0:0:0:0:0:0:1 - - [09/Dec/2021:03:54:24 +0700] "GET /??lesson.video_ru_RU?? HTTP/1.1" 200 28783
0:0:0:0:0:0:0:1 - - [09/Dec/2021:03:54:24 +0700] "GET /??lesson.video_ru_RU?? HTTP/1.1" 200 28783
0:0:0:0:0:0:0:1 - - [09/Dec/2021:03:54:24 +0700] "GET /??lesson.video_ru_RU?? HTTP/1.1" 200 28783
0:0:0:0:0:0:0:1 - - [09/Dec/2021:03:54:24 +0700] "GET /??lesson.video_ru_RU?? HTTP/1.1" 200 28783
0:0:0:0:0:0:0:1 - - [09/Dec/2021:03:54:24 +0700] "GET /??lesson.video_ru_RU?? HTTP/1.1" 200 28783
0:0:0:0:0:0:0:1 - - [09/Dec/2021:03:54:24 +0700] "GET /??lesson.video_ru_RU?? HTTP/1.1" 200 28783
0:0:0:0:0:0:0:1 - - [09/Dec/2021:03:54:24 +0700] "GET /??lesson.video_ru_RU?? HTTP/1.1" 200 28783
0:0:0:0:0:0:0:1 - - [09/Dec/2021:03:54:24 +0700] "GET /??lesson.video_ru_RU?? HTTP/1.1" 200 28783
0:0:0:0:0:0:0:1 - - [09/Dec/2021:03:54:24 +0700] "GET /??lesson.video_ru_RU?? HTTP/1.1" 200 28783
0:0:0:0:0:0:0:1 - - [09/Dec/2021:03:54:24 +0700] "GET /??lesson.video_ru_RU?? HTTP/1.1" 200 28783
0:0:0:0:0:0:0:1 - - [09/Dec/2021:03:54:24 +0700] "GET /??lesson.video_ru_RU?? HTTP/1.1" 200 28783
0:0:0:0:0:0:0:1 - - [09/Dec/2021:03:54:24 +0700] "GET /??lesson.video_ru_RU?? HTTP/1.1" 200 28783
0:0:0:0:0:0:0:1 - - [09/Dec/2021:03:54:24 +0700] "GET /??lesson.video_ru_RU?? HTTP/1.1" 200 28783
0:0:0:0:0:0:0:1 - - [09/Dec/2021:03:54:24 +0700] "GET /??lesson.video_ru_RU?? HTTP/1.1" 200 28783
0:0:0:0:0:0:0:1 - - [09/Dec/2021:03:54:24 +0700] "GET /??lesson.video_ru_RU?? HTTP/1.1" 200 28783
0:0:0:0:0:0:0:1 - - [09/Dec/2021:03:54:24 +0700] "GET /??lesson.video_ru_RU?? HTTP/1.1" 200 28783
0:0:0:0:0:0:0:1 - - [09/Dec/2021:03:54:24 +0700] "GET /??lesson.video_ru_RU?? HTTP/1.1" 200 28783
0:0:0:0:0:0:0:1 - - [09/Dec/2021:03:54:24 +0700] "GET /??lesson.video_ru_RU?? HTTP/1.1" 200 28783
0:0:0:0:0:0:0:1 - - [09/Dec/2021:03:54:24 +0700] "GET /??lesson.video_ru_RU?? HTTP/1.1" 200 28783
0:0:0:0:0:0:0:1 - - [09/Dec/2021:03:54:24 +0700] "GET /??lesson.video_ru_RU?? HTTP/1.1" 200 28783
0:0:0:0:0:0:0:1 - - [09/Dec/2021:03:54:24 +0700] "GET /??lesson.video_ru_RU?? HTTP/1.1" 200 28783
0:0:0:0:0:0:0:1 - - [09/Dec/2021:03:54:25 +0700] "GET /??lesson.video_ru_RU?? HTTP/1.1" 200 28783
0:0:0:0:0:0:0:1 - - [09/Dec/2021:03:54:25 +0700] "GET /??lesson.video_ru_RU?? HTTP/1.1" 200 28783
0:0:0:0:0:0:0:1 - - [09/Dec/2021:03:54:25 +0700] "GET /??lesson.video_ru_RU?? HTTP/1.1" 200 28783
0:0:0:0:0:0:0:1 - - [09/Dec/2021:03:54:25 +0700] "GET /??lesson.video_ru_RU?? HTTP/1.1" 200 28783
0:0:0:0:0:0:0:1 - - [09/Dec/2021:03:54:25 +0700] "GET /??lesson.video_ru_RU?? HTTP/1.1" 200 28783
0:0:0:0:0:0:0:1 - - [09/Dec/2021:03:54:25 +0700] "GET /??lesson.video_ru_RU?? HTTP/1.1" 200 28783
0:0:0:0:0:0:0:1 - - [09/Dec/2021:03:54:25 +0700] "GET /??lesson.video_ru_RU?? HTTP/1.1" 200 28783
0:0:0:0:0:0:0:1 - - [09/Dec/2021:03:54:25 +0700] "GET /??lesson.video_ru_RU?? HTTP/1.1" 200 28783
0:0:0:0:0:0:0:1 - - [09/Dec/2021:03:54:25 +0700] "GET /??lesson.video_ru_RU?? HTTP/1.1" 200 28783
0:0:0:0:0:0:0:1 - - [09/Dec/2021:03:54:25 +0700] "GET /??lesson.video_ru_RU?? HTTP/1.1" 200 28783
0:0:0:0:0:0:0:1 - - [09/Dec/2021:03:54:25 +0700] "GET /??lesson.video_ru_RU?? HTTP/1.1" 200 28783
0:0:0:0:0:0:0:1 - - [09/Dec/2021:03:54:25 +0700] "GET /??lesson.video_ru_RU?? HTTP/1.1" 200 28783
0:0:0:0:0:0:0:1 - - [09/Dec/2021:03:54:25 +0700] "GET /??lesson.video_ru_RU?? HTTP/1.1" 200 28783
0:0:0:0:0:0:0:1 - - [09/Dec/2021:03:54:25 +0700] "GET /??lesson.video_ru_RU?? HTTP/1.1" 200 28783
0:0:0:0:0:0:0:1 - - [09/Dec/2021:03:54:25 +0700] "GET /??lesson.video_ru_RU?? HTTP/1.1" 200 28783
0:0:0:0:0:0:0:1 - - [09/Dec/2021:03:54:25 +0700] "GET /??lesson.video_ru_RU?? HTTP/1.1" 200 28783
0:0:0:0:0:0:0:1 - - [09/Dec/2021:03:54:25 +0700] "GET /??lesson.video_ru_RU?? HTTP/1.1" 200 28783
0:0:0:0:0:0:0:1 - - [09/Dec/2021:03:54:25 +0700] "GET /??lesson.video_ru_RU?? HTTP/1.1" 200 28783
0:0:0:0:0:0:0:1 - - [09/Dec/2021:03:54:25 +0700] "GET /??lesson.video_ru_RU?? HTTP/1.1" 200 28783
0:0:0:0:0:0:0:1 - - [09/Dec/2021:03:54:25 +0700] "GET /??lesson.video_ru_RU?? HTTP/1.1" 200 28783
0:0:0:0:0:0:0:1 - - [09/Dec/2021:03:54:25 +0700] "GET /??lesson.video_ru_RU?? HTTP/1.1" 200 28783
0:0:0:0:0:0:0:1 - - [09/Dec/2021:03:54:25 +0700] "GET /??lesson.video_ru_RU?? HTTP/1.1" 200 28783
0:0:0:0:0:0:0:1 - - [09/Dec/2021:03:54:25 +0700] "GET /??lesson.video_ru_RU?? HTTP/1.1" 200 28783
0:0:0:0:0:0:0:1 - - [09/Dec/2021:03:54:25 +0700] "GET /??lesson.video_ru_RU?? HTTP/1.1" 200 28783
0:0:0:0:0:0:0:1 - - [09/Dec/2021:03:54:25 +0700] "GET /??lesson.video_ru_RU?? HTTP/1.1" 200 28783
0:0:0:0:0:0:0:1 - - [09/Dec/2021:03:54:25 +0700] "GET /??lesson.video_ru_RU?? HTTP/1.1" 200 28783
0:0:0:0:0:0:0:1 - - [09/Dec/2021:03:54:25 +0700] "GET /??lesson.video_ru_RU?? HTTP/1.1" 200 28783
0:0:0:0:0:0:0:1 - - [09/Dec/2021:03:54:25 +0700] "GET /??lesson.video_ru_RU?? HTTP/1.1" 200 28783
0:0:0:0:0:0:0:1 - - [09/Dec/2021:03:54:25 +0700] "GET /??lesson.video_ru_RU?? HTTP/1.1" 200 28783
0:0:0:0:0:0:0:1 - - [09/Dec/2021:03:54:25 +0700] "GET /??lesson.video_ru_RU?? HTTP/1.1" 200 28783
0:0:0:0:0:0:0:1 - - [09/Dec/2021:03:54:26 +0700] "GET /??lesson.video_ru_RU?? HTTP/1.1" 200 28783
0:0:0:0:0:0:0:1 - - [09/Dec/2021:03:54:26 +0700] "GET /??lesson.video_ru_RU?? HTTP/1.1" 200 28783
0:0:0:0:0:0:0:1 - - [09/Dec/2021:03:54:26 +0700] "GET /??lesson.video_ru_RU?? HTTP/1.1" 200 28783
0:0:0:0:0:0:0:1 - - [09/Dec/2021:03:54:26 +0700] "GET /??lesson.video_ru_RU?? HTTP/1.1" 200 28783
0:0:0:0:0:0:0:1 - - [09/Dec/2021:03:54:26 +0700] "GET /??lesson.video_ru_RU?? HTTP/1.1" 200 28783
0:0:0:0:0:0:0:1 - - [09/Dec/2021:03:54:26 +0700] "GET /??lesson.video_ru_RU?? HTTP/1.1" 200 28783
0:0:0:0:0:0:0:1 - - [09/Dec/2021:03:54:26 +0700] "GET /??lesson.video_ru_RU?? HTTP/1.1" 200 28783
0:0:0:0:0:0:0:1 - - [09/Dec/2021:03:54:26 +0700] "GET /??lesson.video_ru_RU?? HTTP/1.1" 200 28783
0:0:0:0:0:0:0:1 - - [09/Dec/2021:03:54:26 +0700] "GET /??lesson.video_ru_RU?? HTTP/1.1" 200 28783
0:0:0:0:0:0:0:1 - - [09/Dec/2021:03:54:26 +0700] "GET /??lesson.video_ru_RU?? HTTP/1.1" 200 28783
0:0:0:0:0:0:0:1 - - [09/Dec/2021:03:54:26 +0700] "GET /??lesson.video_ru_RU?? HTTP/1.1" 200 28783
0:0:0:0:0:0:0:1 - - [09/Dec/2021:03:54:26 +0700] "GET /??lesson.video_ru_RU?? HTTP/1.1" 200 28783
0:0:0:0:0:0:0:1 - - [09/Dec/2021:03:54:26 +0700] "GET /??lesson.video_ru_RU?? HTTP/1.1" 200 28783
0:0:0:0:0:0:0:1 - - [09/Dec/2021:03:54:26 +0700] "GET /??lesson.video_ru_RU?? HTTP/1.1" 200 28783
0:0:0:0:0:0:0:1 - - [09/Dec/2021:03:54:26 +0700] "GET /??lesson.video_ru_RU?? HTTP/1.1" 200 28783
0:0:0:0:0:0:0:1 - - [09/Dec/2021:03:54:26 +0700] "GET /??lesson.video_ru_RU?? HTTP/1.1" 200 28783
0:0:0:0:0:0:0:1 - - [09/Dec/2021:03:54:26 +0700] "GET /??lesson.video_ru_RU?? HTTP/1.1" 200 28783
0:0:0:0:0:0:0:1 - - [09/Dec/2021:03:54:26 +0700] "GET /??lesson.video_ru_RU?? HTTP/1.1" 200 28783
0:0:0:0:0:0:0:1 - - [09/Dec/2021:03:54:26 +0700] "GET /??lesson.video_ru_RU?? HTTP/1.1" 200 28783
0:0:0:0:0:0:0:1 - - [09/Dec/2021:03:54:26 +0700] "GET /??lesson.video_ru_RU?? HTTP/1.1" 200 28783
0:0:0:0:0:0:0:1 - - [09/Dec/2021:03:54:26 +0700] "GET /??lesson.video_ru_RU?? HTTP/1.1" 200 28783
0:0:0:0:0:0:0:1 - - [09/Dec/2021:03:54:26 +0700] "GET /??lesson.video_ru_RU?? HTTP/1.1" 200 28783
0:0:0:0:0:0:0:1 - - [09/Dec/2021:03:54:26 +0700] "GET /??lesson.video_ru_RU?? HTTP/1.1" 200 28783
0:0:0:0:0:0:0:1 - - [09/Dec/2021:03:54:26 +0700] "GET /??lesson.video_ru_RU?? HTTP/1.1" 200 28783
0:0:0:0:0:0:0:1 - - [09/Dec/2021:03:54:26 +0700] "GET /??lesson.video_ru_RU?? HTTP/1.1" 200 28783
0:0:0:0:0:0:0:1 - - [09/Dec/2021:03:54:26 +0700] "GET /??lesson.video_ru_RU?? HTTP/1.1" 200 28783
0:0:0:0:0:0:0:1 - - [09/Dec/2021:03:54:26 +0700] "GET /??lesson.video_ru_RU?? HTTP/1.1" 200 28783
0:0:0:0:0:0:0:1 - - [09/Dec/2021:03:54:27 +0700] "GET /??lesson.video_ru_RU?? HTTP/1.1" 200 28783
0:0:0:0:0:0:0:1 - - [09/Dec/2021:03:54:27 +0700] "GET /??lesson.video_ru_RU?? HTTP/1.1" 200 28783
0:0:0:0:0:0:0:1 - - [09/Dec/2021:03:54:27 +0700] "GET /??lesson.video_ru_RU?? HTTP/1.1" 200 28783
0:0:0:0:0:0:0:1 - - [09/Dec/2021:03:54:27 +0700] "GET /??lesson.video_ru_RU?? HTTP/1.1" 200 28783
0:0:0:0:0:0:0:1 - - [09/Dec/2021:03:54:27 +0700] "GET /??lesson.video_ru_RU?? HTTP/1.1" 200 28783
0:0:0:0:0:0:0:1 - - [09/Dec/2021:03:54:27 +0700] "GET /??lesson.video_ru_RU?? HTTP/1.1" 200 28783
0:0:0:0:0:0:0:1 - - [09/Dec/2021:03:54:27 +0700] "GET /??lesson.video_ru_RU?? HTTP/1.1" 200 28783
0:0:0:0:0:0:0:1 - - [09/Dec/2021:03:54:27 +0700] "GET /??lesson.video_ru_RU?? HTTP/1.1" 200 28783
0:0:0:0:0:0:0:1 - - [09/Dec/2021:03:54:27 +0700] "GET /??lesson.video_ru_RU?? HTTP/1.1" 200 28783
0:0:0:0:0:0:0:1 - - [09/Dec/2021:03:54:27 +0700] "GET /??lesson.video_ru_RU?? HTTP/1.1" 200 28783
0:0:0:0:0:0:0:1 - - [09/Dec/2021:03:54:27 +0700] "GET /??lesson.video_ru_RU?? HTTP/1.1" 200 28783
0:0:0:0:0:0:0:1 - - [09/Dec/2021:03:54:27 +0700] "GET /??lesson.video_ru_RU?? HTTP/1.1" 200 28783
0:0:0:0:0:0:0:1 - - [09/Dec/2021:03:54:27 +0700] "GET /??lesson.video_ru_RU?? HTTP/1.1" 200 28783
0:0:0:0:0:0:0:1 - - [09/Dec/2021:03:54:27 +0700] "GET /??lesson.video_ru_RU?? HTTP/1.1" 200 28783
0:0:0:0:0:0:0:1 - - [09/Dec/2021:03:54:27 +0700] "GET /??lesson.video_ru_RU?? HTTP/1.1" 200 28783
0:0:0:0:0:0:0:1 - - [09/Dec/2021:03:54:27 +0700] "GET /??lesson.video_ru_RU?? HTTP/1.1" 200 28783
0:0:0:0:0:0:0:1 - - [09/Dec/2021:03:54:27 +0700] "GET /??lesson.video_ru_RU?? HTTP/1.1" 200 28783
0:0:0:0:0:0:0:1 - - [09/Dec/2021:03:54:27 +0700] "GET /??lesson.video_ru_RU?? HTTP/1.1" 200 28783
0:0:0:0:0:0:0:1 - - [09/Dec/2021:03:54:27 +0700] "GET /??lesson.video_ru_RU?? HTTP/1.1" 200 28783
0:0:0:0:0:0:0:1 - - [09/Dec/2021:03:54:27 +0700] "GET /??lesson.video_ru_RU?? HTTP/1.1" 200 28783
0:0:0:0:0:0:0:1 - - [09/Dec/2021:03:54:27 +0700] "GET /??lesson.video_ru_RU?? HTTP/1.1" 200 28783
0:0:0:0:0:0:0:1 - - [09/Dec/2021:03:54:27 +0700] "GET /??lesson.video_ru_RU?? HTTP/1.1" 200 28783
0:0:0:0:0:0:0:1 - - [09/Dec/2021:03:55:21 +0700] "GET / HTTP/1.1" 200 28593
0:0:0:0:0:0:0:1 - - [09/Dec/2021:03:55:24 +0700] "GET /??lesson.video_ru_RU?? HTTP/1.1" 200 28593
0:0:0:0:0:0:0:1 - - [09/Dec/2021:03:55:24 +0700] "GET /??lesson.video_ru_RU?? HTTP/1.1" 200 28593
0:0:0:0:0:0:0:1 - - [09/Dec/2021:03:55:24 +0700] "GET /??lesson.video_ru_RU?? HTTP/1.1" 200 28593
0:0:0:0:0:0:0:1 - - [09/Dec/2021:03:55:24 +0700] "GET /??lesson.video_ru_RU?? HTTP/1.1" 200 28593
0:0:0:0:0:0:0:1 - - [09/Dec/2021:03:55:24 +0700] "GET /??lesson.video_ru_RU?? HTTP/1.1" 200 28593
0:0:0:0:0:0:0:1 - - [09/Dec/2021:03:55:24 +0700] "GET /??lesson.video_ru_RU?? HTTP/1.1" 200 28593
0:0:0:0:0:0:0:1 - - [09/Dec/2021:03:55:24 +0700] "GET /??lesson.video_ru_RU?? HTTP/1.1" 200 28593
0:0:0:0:0:0:0:1 - - [09/Dec/2021:03:55:24 +0700] "GET /??lesson.video_ru_RU?? HTTP/1.1" 200 28593
0:0:0:0:0:0:0:1 - - [09/Dec/2021:03:55:24 +0700] "GET /??lesson.video_ru_RU?? HTTP/1.1" 200 28593
0:0:0:0:0:0:0:1 - - [09/Dec/2021:03:55:24 +0700] "GET /??lesson.video_ru_RU?? HTTP/1.1" 200 28593
0:0:0:0:0:0:0:1 - - [09/Dec/2021:03:55:24 +0700] "GET /??lesson.video_ru_RU?? HTTP/1.1" 200 28593
0:0:0:0:0:0:0:1 - - [09/Dec/2021:03:55:24 +0700] "GET /??lesson.video_ru_RU?? HTTP/1.1" 200 28593
0:0:0:0:0:0:0:1 - - [09/Dec/2021:03:55:24 +0700] "GET /??lesson.video_ru_RU?? HTTP/1.1" 200 28593
0:0:0:0:0:0:0:1 - - [09/Dec/2021:03:55:24 +0700] "GET /??lesson.video_ru_RU?? HTTP/1.1" 200 28593
0:0:0:0:0:0:0:1 - - [09/Dec/2021:03:55:25 +0700] "GET /??lesson.video_ru_RU?? HTTP/1.1" 200 28593
0:0:0:0:0:0:0:1 - - [09/Dec/2021:03:55:25 +0700] "GET /??lesson.video_ru_RU?? HTTP/1.1" 200 28593
0:0:0:0:0:0:0:1 - - [09/Dec/2021:03:55:25 +0700] "GET /??lesson.video_ru_RU?? HTTP/1.1" 200 28593
0:0:0:0:0:0:0:1 - - [09/Dec/2021:03:55:25 +0700] "GET /??lesson.video_ru_RU?? HTTP/1.1" 200 28593
0:0:0:0:0:0:0:1 - - [09/Dec/2021:03:55:25 +0700] "GET /??lesson.video_ru_RU?? HTTP/1.1" 200 28593
0:0:0:0:0:0:0:1 - - [09/Dec/2021:03:55:25 +0700] "GET /??lesson.video_ru_RU?? HTTP/1.1" 200 28593
0:0:0:0:0:0:0:1 - - [09/Dec/2021:03:55:25 +0700] "GET /??lesson.video_ru_RU?? HTTP/1.1" 200 28593
0:0:0:0:0:0:0:1 - - [09/Dec/2021:03:55:25 +0700] "GET /??lesson.video_ru_RU?? HTTP/1.1" 200 28593
0:0:0:0:0:0:0:1 - - [09/Dec/2021:03:55:25 +0700] "GET /??lesson.video_ru_RU?? HTTP/1.1" 200 28593
0:0:0:0:0:0:0:1 - - [09/Dec/2021:03:55:25 +0700] "GET /??lesson.video_ru_RU?? HTTP/1.1" 200 28593
0:0:0:0:0:0:0:1 - - [09/Dec/2021:03:55:25 +0700] "GET /??lesson.video_ru_RU?? HTTP/1.1" 200 28593
0:0:0:0:0:0:0:1 - - [09/Dec/2021:03:55:25 +0700] "GET /??lesson.video_ru_RU?? HTTP/1.1" 200 28593
0:0:0:0:0:0:0:1 - - [09/Dec/2021:03:55:25 +0700] "GET /??lesson.video_ru_RU?? HTTP/1.1" 200 28593
0:0:0:0:0:0:0:1 - - [09/Dec/2021:03:55:25 +0700] "GET /??lesson.video_ru_RU?? HTTP/1.1" 200 28593
0:0:0:0:0:0:0:1 - - [09/Dec/2021:03:55:25 +0700] "GET /??lesson.video_ru_RU?? HTTP/1.1" 200 28593
0:0:0:0:0:0:0:1 - - [09/Dec/2021:03:55:25 +0700] "GET /??lesson.video_ru_RU?? HTTP/1.1" 200 28593
0:0:0:0:0:0:0:1 - - [09/Dec/2021:03:55:25 +0700] "GET /??lesson.video_ru_RU?? HTTP/1.1" 200 28593
0:0:0:0:0:0:0:1 - - [09/Dec/2021:03:55:26 +0700] "GET /??lesson.video_ru_RU?? HTTP/1.1" 200 28593
0:0:0:0:0:0:0:1 - - [09/Dec/2021:03:55:26 +0700] "GET /??lesson.video_ru_RU?? HTTP/1.1" 200 28593
0:0:0:0:0:0:0:1 - - [09/Dec/2021:03:55:26 +0700] "GET /??lesson.video_ru_RU?? HTTP/1.1" 200 28593
0:0:0:0:0:0:0:1 - - [09/Dec/2021:03:55:26 +0700] "GET /??lesson.video_ru_RU?? HTTP/1.1" 200 28593
0:0:0:0:0:0:0:1 - - [09/Dec/2021:03:55:26 +0700] "GET /??lesson.video_ru_RU?? HTTP/1.1" 200 28593
0:0:0:0:0:0:0:1 - - [09/Dec/2021:03:55:26 +0700] "GET /??lesson.video_ru_RU?? HTTP/1.1" 200 28593
0:0:0:0:0:0:0:1 - - [09/Dec/2021:03:55:26 +0700] "GET /??lesson.video_ru_RU?? HTTP/1.1" 200 28593
0:0:0:0:0:0:0:1 - - [09/Dec/2021:03:55:26 +0700] "GET /??lesson.video_ru_RU?? HTTP/1.1" 200 28593
0:0:0:0:0:0:0:1 - - [09/Dec/2021:03:55:26 +0700] "GET /??lesson.video_ru_RU?? HTTP/1.1" 200 28593
0:0:0:0:0:0:0:1 - - [09/Dec/2021:03:55:26 +0700] "GET /??lesson.video_ru_RU?? HTTP/1.1" 200 28593
0:0:0:0:0:0:0:1 - - [09/Dec/2021:03:55:26 +0700] "GET /??lesson.video_ru_RU?? HTTP/1.1" 200 28593
0:0:0:0:0:0:0:1 - - [09/Dec/2021:03:55:26 +0700] "GET /??lesson.video_ru_RU?? HTTP/1.1" 200 28593
0:0:0:0:0:0:0:1 - - [09/Dec/2021:03:55:26 +0700] "GET /??lesson.video_ru_RU?? HTTP/1.1" 200 28593
0:0:0:0:0:0:0:1 - - [09/Dec/2021:03:55:26 +0700] "GET /??lesson.video_ru_RU?? HTTP/1.1" 200 28593
0:0:0:0:0:0:0:1 - - [09/Dec/2021:03:55:26 +0700] "GET /??lesson.video_ru_RU?? HTTP/1.1" 200 28593
0:0:0:0:0:0:0:1 - - [09/Dec/2021:03:55:26 +0700] "GET /??lesson.video_ru_RU?? HTTP/1.1" 200 28593
0:0:0:0:0:0:0:1 - - [09/Dec/2021:03:55:26 +0700] "GET /??lesson.video_ru_RU?? HTTP/1.1" 200 28593
0:0:0:0:0:0:0:1 - - [09/Dec/2021:03:55:26 +0700] "GET /??lesson.video_ru_RU?? HTTP/1.1" 200 28593
0:0:0:0:0:0:0:1 - - [09/Dec/2021:03:55:26 +0700] "GET /??lesson.video_ru_RU?? HTTP/1.1" 200 28593
0:0:0:0:0:0:0:1 - - [09/Dec/2021:03:55:26 +0700] "GET /??lesson.video_ru_RU?? HTTP/1.1" 200 28593
0:0:0:0:0:0:0:1 - - [09/Dec/2021:03:55:26 +0700] "GET /??lesson.video_ru_RU?? HTTP/1.1" 200 28593
0:0:0:0:0:0:0:1 - - [09/Dec/2021:03:55:26 +0700] "GET /??lesson.video_ru_RU?? HTTP/1.1" 200 28593
0:0:0:0:0:0:0:1 - - [09/Dec/2021:03:55:26 +0700] "GET /??lesson.video_ru_RU?? HTTP/1.1" 200 28593
0:0:0:0:0:0:0:1 - - [09/Dec/2021:03:55:26 +0700] "GET /??lesson.video_ru_RU?? HTTP/1.1" 200 28593
0:0:0:0:0:0:0:1 - - [09/Dec/2021:03:55:26 +0700] "GET /??lesson.video_ru_RU?? HTTP/1.1" 200 28593
0:0:0:0:0:0:0:1 - - [09/Dec/2021:03:55:26 +0700] "GET /??lesson.video_ru_RU?? HTTP/1.1" 200 28593
0:0:0:0:0:0:0:1 - - [09/Dec/2021:03:55:26 +0700] "GET /??lesson.video_ru_RU?? HTTP/1.1" 200 28593
0:0:0:0:0:0:0:1 - - [09/Dec/2021:03:55:26 +0700] "GET /??lesson.video_ru_RU?? HTTP/1.1" 200 28593
0:0:0:0:0:0:0:1 - - [09/Dec/2021:03:55:26 +0700] "GET /??lesson.video_ru_RU?? HTTP/1.1" 200 28593
0:0:0:0:0:0:0:1 - - [09/Dec/2021:03:55:26 +0700] "GET /??lesson.video_ru_RU?? HTTP/1.1" 200 28593
0:0:0:0:0:0:0:1 - - [09/Dec/2021:03:55:26 +0700] "GET /??lesson.video_ru_RU?? HTTP/1.1" 200 28593
0:0:0:0:0:0:0:1 - - [09/Dec/2021:03:55:26 +0700] "GET /??lesson.video_ru_RU?? HTTP/1.1" 200 28593
0:0:0:0:0:0:0:1 - - [09/Dec/2021:03:55:27 +0700] "GET /??lesson.video_ru_RU?? HTTP/1.1" 200 28593
0:0:0:0:0:0:0:1 - - [09/Dec/2021:03:55:27 +0700] "GET /??lesson.video_ru_RU?? HTTP/1.1" 200 28593
0:0:0:0:0:0:0:1 - - [09/Dec/2021:03:55:27 +0700] "GET /??lesson.video_ru_RU?? HTTP/1.1" 200 28593
0:0:0:0:0:0:0:1 - - [09/Dec/2021:03:55:27 +0700] "GET /??lesson.video_ru_RU?? HTTP/1.1" 200 28593
0:0:0:0:0:0:0:1 - - [09/Dec/2021:03:55:27 +0700] "GET /??lesson.video_ru_RU?? HTTP/1.1" 200 28593
0:0:0:0:0:0:0:1 - - [09/Dec/2021:03:55:27 +0700] "GET /??lesson.video_ru_RU?? HTTP/1.1" 200 28593
0:0:0:0:0:0:0:1 - - [09/Dec/2021:03:55:27 +0700] "GET /??lesson.video_ru_RU?? HTTP/1.1" 200 28593
0:0:0:0:0:0:0:1 - - [09/Dec/2021:03:55:27 +0700] "GET /??lesson.video_ru_RU?? HTTP/1.1" 200 28593
0:0:0:0:0:0:0:1 - - [09/Dec/2021:03:55:27 +0700] "GET /??lesson.video_ru_RU?? HTTP/1.1" 200 28593
0:0:0:0:0:0:0:1 - - [09/Dec/2021:03:55:27 +0700] "GET /??lesson.video_ru_RU?? HTTP/1.1" 200 28593
0:0:0:0:0:0:0:1 - - [09/Dec/2021:03:55:27 +0700] "GET /??lesson.video_ru_RU?? HTTP/1.1" 200 28593
0:0:0:0:0:0:0:1 - - [09/Dec/2021:03:55:27 +0700] "GET /??lesson.video_ru_RU?? HTTP/1.1" 200 28593
0:0:0:0:0:0:0:1 - - [09/Dec/2021:03:55:27 +0700] "GET /??lesson.video_ru_RU?? HTTP/1.1" 200 28593
0:0:0:0:0:0:0:1 - - [09/Dec/2021:03:55:27 +0700] "GET /??lesson.video_ru_RU?? HTTP/1.1" 200 28593
0:0:0:0:0:0:0:1 - - [09/Dec/2021:03:55:27 +0700] "GET /??lesson.video_ru_RU?? HTTP/1.1" 200 28593
0:0:0:0:0:0:0:1 - - [09/Dec/2021:03:55:27 +0700] "GET /??lesson.video_ru_RU?? HTTP/1.1" 200 28593
0:0:0:0:0:0:0:1 - - [09/Dec/2021:03:55:27 +0700] "GET /??lesson.video_ru_RU?? HTTP/1.1" 200 28593
0:0:0:0:0:0:0:1 - - [09/Dec/2021:03:55:27 +0700] "GET /??lesson.video_ru_RU?? HTTP/1.1" 200 28593
0:0:0:0:0:0:0:1 - - [09/Dec/2021:03:55:27 +0700] "GET /??lesson.video_ru_RU?? HTTP/1.1" 200 28593
0:0:0:0:0:0:0:1 - - [09/Dec/2021:03:55:27 +0700] "GET /??lesson.video_ru_RU?? HTTP/1.1" 200 28593
0:0:0:0:0:0:0:1 - - [09/Dec/2021:03:55:27 +0700] "GET /??lesson.video_ru_RU?? HTTP/1.1" 200 28593
0:0:0:0:0:0:0:1 - - [09/Dec/2021:03:55:27 +0700] "GET /??lesson.video_ru_RU?? HTTP/1.1" 200 28593
0:0:0:0:0:0:0:1 - - [09/Dec/2021:03:55:27 +0700] "GET /??lesson.video_ru_RU?? HTTP/1.1" 200 28593
0:0:0:0:0:0:0:1 - - [09/Dec/2021:03:55:27 +0700] "GET /??lesson.video_ru_RU?? HTTP/1.1" 200 28593
0:0:0:0:0:0:0:1 - - [09/Dec/2021:03:55:27 +0700] "GET /??lesson.video_ru_RU?? HTTP/1.1" 200 28593
0:0:0:0:0:0:0:1 - - [09/Dec/2021:03:55:27 +0700] "GET /??lesson.video_ru_RU?? HTTP/1.1" 200 28593
0:0:0:0:0:0:0:1 - - [09/Dec/2021:03:55:27 +0700] "GET /??lesson.video_ru_RU?? HTTP/1.1" 200 28593
0:0:0:0:0:0:0:1 - - [09/Dec/2021:03:55:27 +0700] "GET /??lesson.video_ru_RU?? HTTP/1.1" 200 28593
0:0:0:0:0:0:0:1 - - [09/Dec/2021:03:55:27 +0700] "GET /??lesson.video_ru_RU?? HTTP/1.1" 200 28593
0:0:0:0:0:0:0:1 - - [09/Dec/2021:03:55:27 +0700] "GET /??lesson.video_ru_RU?? HTTP/1.1" 200 28593
0:0:0:0:0:0:0:1 - - [09/Dec/2021:03:55:27 +0700] "GET /??lesson.video_ru_RU?? HTTP/1.1" 200 28593
0:0:0:0:0:0:0:1 - - [09/Dec/2021:03:55:27 +0700] "GET /??lesson.video_ru_RU?? HTTP/1.1" 200 28593
0:0:0:0:0:0:0:1 - - [09/Dec/2021:03:55:27 +0700] "GET /??lesson.video_ru_RU?? HTTP/1.1" 200 28593
0:0:0:0:0:0:0:1 - - [09/Dec/2021:03:55:27 +0700] "GET /??lesson.video_ru_RU?? HTTP/1.1" 200 28593
0:0:0:0:0:0:0:1 - - [09/Dec/2021:03:55:27 +0700] "GET /??lesson.video_ru_RU?? HTTP/1.1" 200 28593
0:0:0:0:0:0:0:1 - - [09/Dec/2021:03:55:27 +0700] "GET /??lesson.video_ru_RU?? HTTP/1.1" 200 28593
0:0:0:0:0:0:0:1 - - [09/Dec/2021:03:55:27 +0700] "GET /??lesson.video_ru_RU?? HTTP/1.1" 200 28593
0:0:0:0:0:0:0:1 - - [09/Dec/2021:03:55:27 +0700] "GET /??lesson.video_ru_RU?? HTTP/1.1" 200 28593
0:0:0:0:0:0:0:1 - - [09/Dec/2021:03:55:27 +0700] "GET /??lesson.video_ru_RU?? HTTP/1.1" 200 28593
0:0:0:0:0:0:0:1 - - [09/Dec/2021:03:55:27 +0700] "GET /??lesson.video_ru_RU?? HTTP/1.1" 200 28593
0:0:0:0:0:0:0:1 - - [09/Dec/2021:03:55:27 +0700] "GET /??lesson.video_ru_RU?? HTTP/1.1" 200 28593
0:0:0:0:0:0:0:1 - - [09/Dec/2021:03:55:27 +0700] "GET /??lesson.video_ru_RU?? HTTP/1.1" 200 28593
0:0:0:0:0:0:0:1 - - [09/Dec/2021:03:55:27 +0700] "GET /??lesson.video_ru_RU?? HTTP/1.1" 200 28593
0:0:0:0:0:0:0:1 - - [09/Dec/2021:03:55:27 +0700] "GET /??lesson.video_ru_RU?? HTTP/1.1" 200 28593
0:0:0:0:0:0:0:1 - - [09/Dec/2021:03:55:28 +0700] "GET /??lesson.video_ru_RU?? HTTP/1.1" 200 28593
0:0:0:0:0:0:0:1 - - [09/Dec/2021:03:55:28 +0700] "GET /??lesson.video_ru_RU?? HTTP/1.1" 200 28593
0:0:0:0:0:0:0:1 - - [09/Dec/2021:03:55:28 +0700] "GET /??lesson.video_ru_RU?? HTTP/1.1" 200 28593
0:0:0:0:0:0:0:1 - - [09/Dec/2021:03:55:28 +0700] "GET /??lesson.video_ru_RU?? HTTP/1.1" 200 28593
0:0:0:0:0:0:0:1 - - [09/Dec/2021:03:55:28 +0700] "GET /??lesson.video_ru_RU?? HTTP/1.1" 200 28593
0:0:0:0:0:0:0:1 - - [09/Dec/2021:03:55:28 +0700] "GET /??lesson.video_ru_RU?? HTTP/1.1" 200 28593
0:0:0:0:0:0:0:1 - - [09/Dec/2021:03:55:28 +0700] "GET /??lesson.video_ru_RU?? HTTP/1.1" 200 28593
0:0:0:0:0:0:0:1 - - [09/Dec/2021:03:55:28 +0700] "GET /??lesson.video_ru_RU?? HTTP/1.1" 200 28593
0:0:0:0:0:0:0:1 - - [09/Dec/2021:03:55:28 +0700] "GET /??lesson.video_ru_RU?? HTTP/1.1" 200 28593
0:0:0:0:0:0:0:1 - - [09/Dec/2021:03:55:28 +0700] "GET /??lesson.video_ru_RU?? HTTP/1.1" 200 28593
0:0:0:0:0:0:0:1 - - [09/Dec/2021:03:55:28 +0700] "GET /??lesson.video_ru_RU?? HTTP/1.1" 200 28593
0:0:0:0:0:0:0:1 - - [09/Dec/2021:03:55:28 +0700] "GET /??lesson.video_ru_RU?? HTTP/1.1" 200 28593
0:0:0:0:0:0:0:1 - - [09/Dec/2021:03:55:28 +0700] "GET /??lesson.video_ru_RU?? HTTP/1.1" 200 28593
0:0:0:0:0:0:0:1 - - [09/Dec/2021:03:55:28 +0700] "GET /??lesson.video_ru_RU?? HTTP/1.1" 200 28593
0:0:0:0:0:0:0:1 - - [09/Dec/2021:03:55:28 +0700] "GET /??lesson.video_ru_RU?? HTTP/1.1" 200 28593
0:0:0:0:0:0:0:1 - - [09/Dec/2021:03:55:28 +0700] "GET /??lesson.video_ru_RU?? HTTP/1.1" 200 28593
0:0:0:0:0:0:0:1 - - [09/Dec/2021:03:55:28 +0700] "GET /??lesson.video_ru_RU?? HTTP/1.1" 200 28593
0:0:0:0:0:0:0:1 - - [09/Dec/2021:03:55:28 +0700] "GET /??lesson.video_ru_RU?? HTTP/1.1" 200 28593
0:0:0:0:0:0:0:1 - - [09/Dec/2021:03:55:28 +0700] "GET /??lesson.video_ru_RU?? HTTP/1.1" 200 28593
0:0:0:0:0:0:0:1 - - [09/Dec/2021:03:55:28 +0700] "GET /??lesson.video_ru_RU?? HTTP/1.1" 200 28593
0:0:0:0:0:0:0:1 - - [09/Dec/2021:03:55:28 +0700] "GET /??lesson.video_ru_RU?? HTTP/1.1" 200 28593
0:0:0:0:0:0:0:1 - - [09/Dec/2021:03:55:28 +0700] "GET /??lesson.video_ru_RU?? HTTP/1.1" 200 28593
0:0:0:0:0:0:0:1 - - [09/Dec/2021:03:55:28 +0700] "GET /??lesson.video_ru_RU?? HTTP/1.1" 200 28593
0:0:0:0:0:0:0:1 - - [09/Dec/2021:03:55:28 +0700] "GET /??lesson.video_ru_RU?? HTTP/1.1" 200 28593
0:0:0:0:0:0:0:1 - - [09/Dec/2021:03:55:28 +0700] "GET /??lesson.video_ru_RU?? HTTP/1.1" 200 28593
0:0:0:0:0:0:0:1 - - [09/Dec/2021:03:55:28 +0700] "GET /??lesson.video_ru_RU?? HTTP/1.1" 200 28593
0:0:0:0:0:0:0:1 - - [09/Dec/2021:03:55:28 +0700] "GET /??lesson.video_ru_RU?? HTTP/1.1" 200 28593
0:0:0:0:0:0:0:1 - - [09/Dec/2021:03:55:28 +0700] "GET /??lesson.video_ru_RU?? HTTP/1.1" 200 28593
0:0:0:0:0:0:0:1 - - [09/Dec/2021:03:55:28 +0700] "GET /??lesson.video_ru_RU?? HTTP/1.1" 200 28593
0:0:0:0:0:0:0:1 - - [09/Dec/2021:03:55:28 +0700] "GET /??lesson.video_ru_RU?? HTTP/1.1" 200 28593
0:0:0:0:0:0:0:1 - - [09/Dec/2021:03:55:28 +0700] "GET /??lesson.video_ru_RU?? HTTP/1.1" 200 28593
0:0:0:0:0:0:0:1 - - [09/Dec/2021:03:55:28 +0700] "GET /??lesson.video_ru_RU?? HTTP/1.1" 200 28593
0:0:0:0:0:0:0:1 - - [09/Dec/2021:03:55:28 +0700] "GET /??lesson.video_ru_RU?? HTTP/1.1" 200 28593
0:0:0:0:0:0:0:1 - - [09/Dec/2021:03:55:28 +0700] "GET /??lesson.video_ru_RU?? HTTP/1.1" 200 28593
0:0:0:0:0:0:0:1 - - [09/Dec/2021:03:55:28 +0700] "GET /??lesson.video_ru_RU?? HTTP/1.1" 200 28593
0:0:0:0:0:0:0:1 - - [09/Dec/2021:03:55:28 +0700] "GET /??lesson.video_ru_RU?? HTTP/1.1" 200 28593
0:0:0:0:0:0:0:1 - - [09/Dec/2021:03:55:28 +0700] "GET /??lesson.video_ru_RU?? HTTP/1.1" 200 28593
0:0:0:0:0:0:0:1 - - [09/Dec/2021:03:55:28 +0700] "GET /??lesson.video_ru_RU?? HTTP/1.1" 200 28593
0:0:0:0:0:0:0:1 - - [09/Dec/2021:03:55:29 +0700] "GET /??lesson.video_ru_RU?? HTTP/1.1" 200 28593
0:0:0:0:0:0:0:1 - - [09/Dec/2021:03:55:29 +0700] "GET /??lesson.video_ru_RU?? HTTP/1.1" 200 28593
0:0:0:0:0:0:0:1 - - [09/Dec/2021:03:55:29 +0700] "GET /??lesson.video_ru_RU?? HTTP/1.1" 200 28593
0:0:0:0:0:0:0:1 - - [09/Dec/2021:03:55:29 +0700] "GET /??lesson.video_ru_RU?? HTTP/1.1" 200 28593
0:0:0:0:0:0:0:1 - - [09/Dec/2021:03:55:29 +0700] "GET /??lesson.video_ru_RU?? HTTP/1.1" 200 28593
0:0:0:0:0:0:0:1 - - [09/Dec/2021:03:55:29 +0700] "GET /??lesson.video_ru_RU?? HTTP/1.1" 200 28593
0:0:0:0:0:0:0:1 - - [09/Dec/2021:03:55:29 +0700] "GET /??lesson.video_ru_RU?? HTTP/1.1" 200 28593
0:0:0:0:0:0:0:1 - - [09/Dec/2021:03:55:29 +0700] "GET /??lesson.video_ru_RU?? HTTP/1.1" 200 28593
0:0:0:0:0:0:0:1 - - [09/Dec/2021:03:55:29 +0700] "GET /??lesson.video_ru_RU?? HTTP/1.1" 200 28593
0:0:0:0:0:0:0:1 - - [09/Dec/2021:03:55:29 +0700] "GET /??lesson.video_ru_RU?? HTTP/1.1" 200 28593
0:0:0:0:0:0:0:1 - - [09/Dec/2021:03:55:29 +0700] "GET /??lesson.video_ru_RU?? HTTP/1.1" 200 28593
0:0:0:0:0:0:0:1 - - [09/Dec/2021:03:55:29 +0700] "GET /??lesson.video_ru_RU?? HTTP/1.1" 200 28593
0:0:0:0:0:0:0:1 - - [09/Dec/2021:03:55:29 +0700] "GET /??lesson.video_ru_RU?? HTTP/1.1" 200 28593
0:0:0:0:0:0:0:1 - - [09/Dec/2021:03:55:29 +0700] "GET /??lesson.video_ru_RU?? HTTP/1.1" 200 28593
0:0:0:0:0:0:0:1 - - [09/Dec/2021:03:55:29 +0700] "GET /??lesson.video_ru_RU?? HTTP/1.1" 200 28593
0:0:0:0:0:0:0:1 - - [09/Dec/2021:03:55:29 +0700] "GET /??lesson.video_ru_RU?? HTTP/1.1" 200 28593
0:0:0:0:0:0:0:1 - - [09/Dec/2021:03:55:29 +0700] "GET /??lesson.video_ru_RU?? HTTP/1.1" 200 28593
0:0:0:0:0:0:0:1 - - [09/Dec/2021:03:55:29 +0700] "GET /??lesson.video_ru_RU?? HTTP/1.1" 200 28593
0:0:0:0:0:0:0:1 - - [09/Dec/2021:03:55:29 +0700] "GET /??lesson.video_ru_RU?? HTTP/1.1" 200 28593
0:0:0:0:0:0:0:1 - - [09/Dec/2021:03:55:29 +0700] "GET /??lesson.video_ru_RU?? HTTP/1.1" 200 28593
0:0:0:0:0:0:0:1 - - [09/Dec/2021:03:55:29 +0700] "GET /??lesson.video_ru_RU?? HTTP/1.1" 200 28593
0:0:0:0:0:0:0:1 - - [09/Dec/2021:03:55:29 +0700] "GET /??lesson.video_ru_RU?? HTTP/1.1" 200 28593
0:0:0:0:0:0:0:1 - - [09/Dec/2021:03:55:29 +0700] "GET /??lesson.video_ru_RU?? HTTP/1.1" 200 28593
0:0:0:0:0:0:0:1 - - [09/Dec/2021:03:55:29 +0700] "GET /??lesson.video_ru_RU?? HTTP/1.1" 200 28593
0:0:0:0:0:0:0:1 - - [09/Dec/2021:03:55:29 +0700] "GET /??lesson.video_ru_RU?? HTTP/1.1" 200 28593
0:0:0:0:0:0:0:1 - - [09/Dec/2021:03:55:29 +0700] "GET /??lesson.video_ru_RU?? HTTP/1.1" 200 28593
0:0:0:0:0:0:0:1 - - [09/Dec/2021:03:55:29 +0700] "GET /??lesson.video_ru_RU?? HTTP/1.1" 200 28593
0:0:0:0:0:0:0:1 - - [09/Dec/2021:03:55:29 +0700] "GET /??lesson.video_ru_RU?? HTTP/1.1" 200 28593
0:0:0:0:0:0:0:1 - - [09/Dec/2021:03:55:29 +0700] "GET /??lesson.video_ru_RU?? HTTP/1.1" 200 28593
0:0:0:0:0:0:0:1 - - [09/Dec/2021:03:55:29 +0700] "GET /??lesson.video_ru_RU?? HTTP/1.1" 200 28593
0:0:0:0:0:0:0:1 - - [09/Dec/2021:03:55:29 +0700] "GET /??lesson.video_ru_RU?? HTTP/1.1" 200 28593
0:0:0:0:0:0:0:1 - - [09/Dec/2021:03:55:29 +0700] "GET /??lesson.video_ru_RU?? HTTP/1.1" 200 28593
0:0:0:0:0:0:0:1 - - [09/Dec/2021:03:55:29 +0700] "GET /??lesson.video_ru_RU?? HTTP/1.1" 200 28593
0:0:0:0:0:0:0:1 - - [09/Dec/2021:03:55:29 +0700] "GET /??lesson.video_ru_RU?? HTTP/1.1" 200 28593
0:0:0:0:0:0:0:1 - - [09/Dec/2021:03:55:29 +0700] "GET /??lesson.video_ru_RU?? HTTP/1.1" 200 28593
0:0:0:0:0:0:0:1 - - [09/Dec/2021:03:55:29 +0700] "GET /??lesson.video_ru_RU?? HTTP/1.1" 200 28593
0:0:0:0:0:0:0:1 - - [09/Dec/2021:03:55:29 +0700] "GET /??lesson.video_ru_RU?? HTTP/1.1" 200 28593
0:0:0:0:0:0:0:1 - - [09/Dec/2021:03:55:29 +0700] "GET /??lesson.video_ru_RU?? HTTP/1.1" 200 28593
0:0:0:0:0:0:0:1 - - [09/Dec/2021:03:55:29 +0700] "GET /??lesson.video_ru_RU?? HTTP/1.1" 200 28593
0:0:0:0:0:0:0:1 - - [09/Dec/2021:03:55:29 +0700] "GET /??lesson.video_ru_RU?? HTTP/1.1" 200 28593
0:0:0:0:0:0:0:1 - - [09/Dec/2021:03:55:29 +0700] "GET /??lesson.video_ru_RU?? HTTP/1.1" 200 28593
0:0:0:0:0:0:0:1 - - [09/Dec/2021:03:55:29 +0700] "GET /??lesson.video_ru_RU?? HTTP/1.1" 200 28593
0:0:0:0:0:0:0:1 - - [09/Dec/2021:03:55:29 +0700] "GET /??lesson.video_ru_RU?? HTTP/1.1" 200 28593
0:0:0:0:0:0:0:1 - - [09/Dec/2021:03:55:29 +0700] "GET /??lesson.video_ru_RU?? HTTP/1.1" 200 28593
0:0:0:0:0:0:0:1 - - [09/Dec/2021:03:55:30 +0700] "GET /??lesson.video_ru_RU?? HTTP/1.1" 200 28593
0:0:0:0:0:0:0:1 - - [09/Dec/2021:03:55:30 +0700] "GET /??lesson.video_ru_RU?? HTTP/1.1" 200 28593
0:0:0:0:0:0:0:1 - - [09/Dec/2021:03:55:30 +0700] "GET /??lesson.video_ru_RU?? HTTP/1.1" 200 28593
0:0:0:0:0:0:0:1 - - [09/Dec/2021:03:55:30 +0700] "GET /??lesson.video_ru_RU?? HTTP/1.1" 200 28593
0:0:0:0:0:0:0:1 - - [09/Dec/2021:03:55:30 +0700] "GET /??lesson.video_ru_RU?? HTTP/1.1" 200 28593
0:0:0:0:0:0:0:1 - - [09/Dec/2021:03:55:30 +0700] "GET /??lesson.video_ru_RU?? HTTP/1.1" 200 28593
0:0:0:0:0:0:0:1 - - [09/Dec/2021:03:55:30 +0700] "GET /??lesson.video_ru_RU?? HTTP/1.1" 200 28593
0:0:0:0:0:0:0:1 - - [09/Dec/2021:03:55:30 +0700] "GET /??lesson.video_ru_RU?? HTTP/1.1" 200 28593
0:0:0:0:0:0:0:1 - - [09/Dec/2021:03:55:30 +0700] "GET /??lesson.video_ru_RU?? HTTP/1.1" 200 28593
0:0:0:0:0:0:0:1 - - [09/Dec/2021:03:55:30 +0700] "GET /??lesson.video_ru_RU?? HTTP/1.1" 200 28593
0:0:0:0:0:0:0:1 - - [09/Dec/2021:03:55:30 +0700] "GET /??lesson.video_ru_RU?? HTTP/1.1" 200 28593
0:0:0:0:0:0:0:1 - - [09/Dec/2021:03:55:30 +0700] "GET /??lesson.video_ru_RU?? HTTP/1.1" 200 28593
0:0:0:0:0:0:0:1 - - [09/Dec/2021:03:55:30 +0700] "GET /??lesson.video_ru_RU?? HTTP/1.1" 200 28593
0:0:0:0:0:0:0:1 - - [09/Dec/2021:03:55:30 +0700] "GET /??lesson.video_ru_RU?? HTTP/1.1" 200 28593
0:0:0:0:0:0:0:1 - - [09/Dec/2021:03:55:30 +0700] "GET /??lesson.video_ru_RU?? HTTP/1.1" 200 28593
0:0:0:0:0:0:0:1 - - [09/Dec/2021:03:55:30 +0700] "GET /??lesson.video_ru_RU?? HTTP/1.1" 200 28593
0:0:0:0:0:0:0:1 - - [09/Dec/2021:03:55:30 +0700] "GET /??lesson.video_ru_RU?? HTTP/1.1" 200 28593
0:0:0:0:0:0:0:1 - - [09/Dec/2021:03:55:30 +0700] "GET /??lesson.video_ru_RU?? HTTP/1.1" 200 28593
0:0:0:0:0:0:0:1 - - [09/Dec/2021:03:55:30 +0700] "GET /??lesson.video_ru_RU?? HTTP/1.1" 200 28593
0:0:0:0:0:0:0:1 - - [09/Dec/2021:03:55:30 +0700] "GET /??lesson.video_ru_RU?? HTTP/1.1" 200 28593
0:0:0:0:0:0:0:1 - - [09/Dec/2021:03:55:30 +0700] "GET /??lesson.video_ru_RU?? HTTP/1.1" 200 28593
0:0:0:0:0:0:0:1 - - [09/Dec/2021:03:55:30 +0700] "GET /??lesson.video_ru_RU?? HTTP/1.1" 200 28593
0:0:0:0:0:0:0:1 - - [09/Dec/2021:03:55:30 +0700] "GET /??lesson.video_ru_RU?? HTTP/1.1" 200 28593
0:0:0:0:0:0:0:1 - - [09/Dec/2021:03:55:30 +0700] "GET /??lesson.video_ru_RU?? HTTP/1.1" 200 28593
0:0:0:0:0:0:0:1 - - [09/Dec/2021:03:55:30 +0700] "GET /??lesson.video_ru_RU?? HTTP/1.1" 200 28593
0:0:0:0:0:0:0:1 - - [09/Dec/2021:03:55:30 +0700] "GET /??lesson.video_ru_RU?? HTTP/1.1" 200 28593
0:0:0:0:0:0:0:1 - - [09/Dec/2021:03:55:30 +0700] "GET /??lesson.video_ru_RU?? HTTP/1.1" 200 28593
0:0:0:0:0:0:0:1 - - [09/Dec/2021:03:55:30 +0700] "GET /??lesson.video_ru_RU?? HTTP/1.1" 200 28593
0:0:0:0:0:0:0:1 - - [09/Dec/2021:03:55:30 +0700] "GET /??lesson.video_ru_RU?? HTTP/1.1" 200 28593
0:0:0:0:0:0:0:1 - - [09/Dec/2021:03:55:30 +0700] "GET /??lesson.video_ru_RU?? HTTP/1.1" 200 28593
0:0:0:0:0:0:0:1 - - [09/Dec/2021:03:55:30 +0700] "GET /??lesson.video_ru_RU?? HTTP/1.1" 200 28593
0:0:0:0:0:0:0:1 - - [09/Dec/2021:03:55:30 +0700] "GET /??lesson.video_ru_RU?? HTTP/1.1" 200 28593
0:0:0:0:0:0:0:1 - - [09/Dec/2021:03:55:30 +0700] "GET /??lesson.video_ru_RU?? HTTP/1.1" 200 28593
0:0:0:0:0:0:0:1 - - [09/Dec/2021:03:55:30 +0700] "GET /??lesson.video_ru_RU?? HTTP/1.1" 200 28593
0:0:0:0:0:0:0:1 - - [09/Dec/2021:03:55:30 +0700] "GET /??lesson.video_ru_RU?? HTTP/1.1" 200 28593
0:0:0:0:0:0:0:1 - - [09/Dec/2021:03:55:30 +0700] "GET /??lesson.video_ru_RU?? HTTP/1.1" 200 28593
0:0:0:0:0:0:0:1 - - [09/Dec/2021:03:55:30 +0700] "GET /??lesson.video_ru_RU?? HTTP/1.1" 200 28593
0:0:0:0:0:0:0:1 - - [09/Dec/2021:03:55:30 +0700] "GET /??lesson.video_ru_RU?? HTTP/1.1" 200 28593
0:0:0:0:0:0:0:1 - - [09/Dec/2021:03:55:30 +0700] "GET /??lesson.video_ru_RU?? HTTP/1.1" 200 28593
0:0:0:0:0:0:0:1 - - [09/Dec/2021:03:55:30 +0700] "GET /??lesson.video_ru_RU?? HTTP/1.1" 200 28593
0:0:0:0:0:0:0:1 - - [09/Dec/2021:03:55:30 +0700] "GET /??lesson.video_ru_RU?? HTTP/1.1" 200 28593
0:0:0:0:0:0:0:1 - - [09/Dec/2021:03:55:30 +0700] "GET /??lesson.video_ru_RU?? HTTP/1.1" 200 28593
0:0:0:0:0:0:0:1 - - [09/Dec/2021:03:55:30 +0700] "GET /??lesson.video_ru_RU?? HTTP/1.1" 200 28593
0:0:0:0:0:0:0:1 - - [09/Dec/2021:03:55:30 +0700] "GET /??lesson.video_ru_RU?? HTTP/1.1" 200 28593
0:0:0:0:0:0:0:1 - - [09/Dec/2021:03:55:30 +0700] "GET /??lesson.video_ru_RU?? HTTP/1.1" 200 28593
0:0:0:0:0:0:0:1 - - [09/Dec/2021:03:55:30 +0700] "GET /??lesson.video_ru_RU?? HTTP/1.1" 200 28593
0:0:0:0:0:0:0:1 - - [09/Dec/2021:03:55:30 +0700] "GET /??lesson.video_ru_RU?? HTTP/1.1" 200 28593
0:0:0:0:0:0:0:1 - - [09/Dec/2021:03:55:31 +0700] "GET /??lesson.video_ru_RU?? HTTP/1.1" 200 28593
0:0:0:0:0:0:0:1 - - [09/Dec/2021:03:55:31 +0700] "GET /??lesson.video_ru_RU?? HTTP/1.1" 200 28593
0:0:0:0:0:0:0:1 - - [09/Dec/2021:03:55:31 +0700] "GET /??lesson.video_ru_RU?? HTTP/1.1" 200 28593
0:0:0:0:0:0:0:1 - - [09/Dec/2021:03:55:31 +0700] "GET /??lesson.video_ru_RU?? HTTP/1.1" 200 28593
0:0:0:0:0:0:0:1 - - [09/Dec/2021:03:55:31 +0700] "GET /??lesson.video_ru_RU?? HTTP/1.1" 200 28593
0:0:0:0:0:0:0:1 - - [09/Dec/2021:03:55:31 +0700] "GET /??lesson.video_ru_RU?? HTTP/1.1" 200 28593
0:0:0:0:0:0:0:1 - - [09/Dec/2021:03:55:31 +0700] "GET /??lesson.video_ru_RU?? HTTP/1.1" 200 28593
0:0:0:0:0:0:0:1 - - [09/Dec/2021:03:55:31 +0700] "GET /??lesson.video_ru_RU?? HTTP/1.1" 200 28593
0:0:0:0:0:0:0:1 - - [09/Dec/2021:03:55:31 +0700] "GET /??lesson.video_ru_RU?? HTTP/1.1" 200 28593
0:0:0:0:0:0:0:1 - - [09/Dec/2021:03:55:31 +0700] "GET /??lesson.video_ru_RU?? HTTP/1.1" 200 28593
0:0:0:0:0:0:0:1 - - [09/Dec/2021:03:55:31 +0700] "GET /??lesson.video_ru_RU?? HTTP/1.1" 200 28593
0:0:0:0:0:0:0:1 - - [09/Dec/2021:03:55:31 +0700] "GET /??lesson.video_ru_RU?? HTTP/1.1" 200 28593
0:0:0:0:0:0:0:1 - - [09/Dec/2021:03:55:31 +0700] "GET /??lesson.video_ru_RU?? HTTP/1.1" 200 28593
0:0:0:0:0:0:0:1 - - [09/Dec/2021:03:55:31 +0700] "GET /??lesson.video_ru_RU?? HTTP/1.1" 200 28593
0:0:0:0:0:0:0:1 - - [09/Dec/2021:03:55:31 +0700] "GET /??lesson.video_ru_RU?? HTTP/1.1" 200 28593
0:0:0:0:0:0:0:1 - - [09/Dec/2021:03:55:31 +0700] "GET /??lesson.video_ru_RU?? HTTP/1.1" 200 28593
0:0:0:0:0:0:0:1 - - [09/Dec/2021:03:55:31 +0700] "GET /??lesson.video_ru_RU?? HTTP/1.1" 200 28593
0:0:0:0:0:0:0:1 - - [09/Dec/2021:03:55:31 +0700] "GET /??lesson.video_ru_RU?? HTTP/1.1" 200 28593
0:0:0:0:0:0:0:1 - - [09/Dec/2021:03:55:31 +0700] "GET /??lesson.video_ru_RU?? HTTP/1.1" 200 28593
0:0:0:0:0:0:0:1 - - [09/Dec/2021:03:55:31 +0700] "GET /??lesson.video_ru_RU?? HTTP/1.1" 200 28593
0:0:0:0:0:0:0:1 - - [09/Dec/2021:03:55:31 +0700] "GET /??lesson.video_ru_RU?? HTTP/1.1" 200 28593
0:0:0:0:0:0:0:1 - - [09/Dec/2021:03:55:31 +0700] "GET /??lesson.video_ru_RU?? HTTP/1.1" 200 28593
0:0:0:0:0:0:0:1 - - [09/Dec/2021:03:55:31 +0700] "GET /??lesson.video_ru_RU?? HTTP/1.1" 200 28593
0:0:0:0:0:0:0:1 - - [09/Dec/2021:03:55:31 +0700] "GET /??lesson.video_ru_RU?? HTTP/1.1" 200 28593
0:0:0:0:0:0:0:1 - - [09/Dec/2021:03:55:31 +0700] "GET /??lesson.video_ru_RU?? HTTP/1.1" 200 28593
0:0:0:0:0:0:0:1 - - [09/Dec/2021:03:55:31 +0700] "GET /??lesson.video_ru_RU?? HTTP/1.1" 200 28593
0:0:0:0:0:0:0:1 - - [09/Dec/2021:03:55:31 +0700] "GET /??lesson.video_ru_RU?? HTTP/1.1" 200 28593
0:0:0:0:0:0:0:1 - - [09/Dec/2021:03:55:31 +0700] "GET /??lesson.video_ru_RU?? HTTP/1.1" 200 28593
0:0:0:0:0:0:0:1 - - [09/Dec/2021:03:55:31 +0700] "GET /??lesson.video_ru_RU?? HTTP/1.1" 200 28593
0:0:0:0:0:0:0:1 - - [09/Dec/2021:03:55:31 +0700] "GET /??lesson.video_ru_RU?? HTTP/1.1" 200 28593
0:0:0:0:0:0:0:1 - - [09/Dec/2021:03:55:31 +0700] "GET /??lesson.video_ru_RU?? HTTP/1.1" 200 28593
0:0:0:0:0:0:0:1 - - [09/Dec/2021:03:55:31 +0700] "GET /??lesson.video_ru_RU?? HTTP/1.1" 200 28593
0:0:0:0:0:0:0:1 - - [09/Dec/2021:03:55:31 +0700] "GET /??lesson.video_ru_RU?? HTTP/1.1" 200 28593
0:0:0:0:0:0:0:1 - - [09/Dec/2021:03:55:31 +0700] "GET /??lesson.video_ru_RU?? HTTP/1.1" 200 28593
0:0:0:0:0:0:0:1 - - [09/Dec/2021:03:55:31 +0700] "GET /??lesson.video_ru_RU?? HTTP/1.1" 200 28593
0:0:0:0:0:0:0:1 - - [09/Dec/2021:03:55:31 +0700] "GET /??lesson.video_ru_RU?? HTTP/1.1" 200 28593
0:0:0:0:0:0:0:1 - - [09/Dec/2021:03:55:31 +0700] "GET /??lesson.video_ru_RU?? HTTP/1.1" 200 28593
0:0:0:0:0:0:0:1 - - [09/Dec/2021:03:55:31 +0700] "GET /??lesson.video_ru_RU?? HTTP/1.1" 200 28593
0:0:0:0:0:0:0:1 - - [09/Dec/2021:03:55:31 +0700] "GET /??lesson.video_ru_RU?? HTTP/1.1" 200 28593
0:0:0:0:0:0:0:1 - - [09/Dec/2021:03:55:31 +0700] "GET /??lesson.video_ru_RU?? HTTP/1.1" 200 28593
0:0:0:0:0:0:0:1 - - [09/Dec/2021:03:55:31 +0700] "GET /??lesson.video_ru_RU?? HTTP/1.1" 200 28593
0:0:0:0:0:0:0:1 - - [09/Dec/2021:03:55:31 +0700] "GET /??lesson.video_ru_RU?? HTTP/1.1" 200 28593
0:0:0:0:0:0:0:1 - - [09/Dec/2021:03:55:31 +0700] "GET /??lesson.video_ru_RU?? HTTP/1.1" 200 28593
0:0:0:0:0:0:0:1 - - [09/Dec/2021:03:55:32 +0700] "GET /??lesson.video_ru_RU?? HTTP/1.1" 200 28593
0:0:0:0:0:0:0:1 - - [09/Dec/2021:03:55:32 +0700] "GET /??lesson.video_ru_RU?? HTTP/1.1" 200 28593
0:0:0:0:0:0:0:1 - - [09/Dec/2021:03:55:32 +0700] "GET /??lesson.video_ru_RU?? HTTP/1.1" 200 28593
0:0:0:0:0:0:0:1 - - [09/Dec/2021:03:55:32 +0700] "GET /??lesson.video_ru_RU?? HTTP/1.1" 200 28593
0:0:0:0:0:0:0:1 - - [09/Dec/2021:03:55:32 +0700] "GET /??lesson.video_ru_RU?? HTTP/1.1" 200 28593
0:0:0:0:0:0:0:1 - - [09/Dec/2021:03:55:32 +0700] "GET /??lesson.video_ru_RU?? HTTP/1.1" 200 28593
0:0:0:0:0:0:0:1 - - [09/Dec/2021:03:55:32 +0700] "GET /??lesson.video_ru_RU?? HTTP/1.1" 200 28593
0:0:0:0:0:0:0:1 - - [09/Dec/2021:03:55:32 +0700] "GET /??lesson.video_ru_RU?? HTTP/1.1" 200 28593
0:0:0:0:0:0:0:1 - - [09/Dec/2021:03:55:32 +0700] "GET /??lesson.video_ru_RU?? HTTP/1.1" 200 28593
0:0:0:0:0:0:0:1 - - [09/Dec/2021:03:55:32 +0700] "GET /??lesson.video_ru_RU?? HTTP/1.1" 200 28593
0:0:0:0:0:0:0:1 - - [09/Dec/2021:03:55:32 +0700] "GET /??lesson.video_ru_RU?? HTTP/1.1" 200 28593
0:0:0:0:0:0:0:1 - - [09/Dec/2021:03:55:32 +0700] "GET /??lesson.video_ru_RU?? HTTP/1.1" 200 28593
0:0:0:0:0:0:0:1 - - [09/Dec/2021:03:55:32 +0700] "GET /??lesson.video_ru_RU?? HTTP/1.1" 200 28593
0:0:0:0:0:0:0:1 - - [09/Dec/2021:03:55:32 +0700] "GET /??lesson.video_ru_RU?? HTTP/1.1" 200 28593
0:0:0:0:0:0:0:1 - - [09/Dec/2021:03:55:32 +0700] "GET /??lesson.video_ru_RU?? HTTP/1.1" 200 28593
0:0:0:0:0:0:0:1 - - [09/Dec/2021:03:55:32 +0700] "GET /??lesson.video_ru_RU?? HTTP/1.1" 200 28593
0:0:0:0:0:0:0:1 - - [09/Dec/2021:03:55:32 +0700] "GET /??lesson.video_ru_RU?? HTTP/1.1" 200 28593
0:0:0:0:0:0:0:1 - - [09/Dec/2021:03:55:32 +0700] "GET /??lesson.video_ru_RU?? HTTP/1.1" 200 28593
0:0:0:0:0:0:0:1 - - [09/Dec/2021:03:55:32 +0700] "GET /??lesson.video_ru_RU?? HTTP/1.1" 200 28593
0:0:0:0:0:0:0:1 - - [09/Dec/2021:03:55:32 +0700] "GET /??lesson.video_ru_RU?? HTTP/1.1" 200 28593
0:0:0:0:0:0:0:1 - - [09/Dec/2021:03:55:32 +0700] "GET /??lesson.video_ru_RU?? HTTP/1.1" 200 28593
0:0:0:0:0:0:0:1 - - [09/Dec/2021:03:55:32 +0700] "GET /??lesson.video_ru_RU?? HTTP/1.1" 200 28593
0:0:0:0:0:0:0:1 - - [09/Dec/2021:03:55:32 +0700] "GET /??lesson.video_ru_RU?? HTTP/1.1" 200 28593
0:0:0:0:0:0:0:1 - - [09/Dec/2021:03:55:32 +0700] "GET /??lesson.video_ru_RU?? HTTP/1.1" 200 28593
0:0:0:0:0:0:0:1 - - [09/Dec/2021:03:55:32 +0700] "GET /??lesson.video_ru_RU?? HTTP/1.1" 200 28593
0:0:0:0:0:0:0:1 - - [09/Dec/2021:03:55:32 +0700] "GET /??lesson.video_ru_RU?? HTTP/1.1" 200 28593
0:0:0:0:0:0:0:1 - - [09/Dec/2021:03:55:32 +0700] "GET /??lesson.video_ru_RU?? HTTP/1.1" 200 28593
0:0:0:0:0:0:0:1 - - [09/Dec/2021:03:55:32 +0700] "GET /??lesson.video_ru_RU?? HTTP/1.1" 200 28593
0:0:0:0:0:0:0:1 - - [09/Dec/2021:03:55:32 +0700] "GET /??lesson.video_ru_RU?? HTTP/1.1" 200 28593
0:0:0:0:0:0:0:1 - - [09/Dec/2021:03:55:32 +0700] "GET /??lesson.video_ru_RU?? HTTP/1.1" 200 28593
0:0:0:0:0:0:0:1 - - [09/Dec/2021:03:55:32 +0700] "GET /??lesson.video_ru_RU?? HTTP/1.1" 200 28593
0:0:0:0:0:0:0:1 - - [09/Dec/2021:03:55:32 +0700] "GET /??lesson.video_ru_RU?? HTTP/1.1" 200 28593
0:0:0:0:0:0:0:1 - - [09/Dec/2021:03:55:32 +0700] "GET /??lesson.video_ru_RU?? HTTP/1.1" 200 28593
0:0:0:0:0:0:0:1 - - [09/Dec/2021:03:55:32 +0700] "GET /??lesson.video_ru_RU?? HTTP/1.1" 200 28593
0:0:0:0:0:0:0:1 - - [09/Dec/2021:03:55:32 +0700] "GET /??lesson.video_ru_RU?? HTTP/1.1" 200 28593
0:0:0:0:0:0:0:1 - - [09/Dec/2021:03:55:32 +0700] "GET /??lesson.video_ru_RU?? HTTP/1.1" 200 28593
0:0:0:0:0:0:0:1 - - [09/Dec/2021:03:55:32 +0700] "GET /??lesson.video_ru_RU?? HTTP/1.1" 200 28593
0:0:0:0:0:0:0:1 - - [09/Dec/2021:03:55:32 +0700] "GET /??lesson.video_ru_RU?? HTTP/1.1" 200 28593
0:0:0:0:0:0:0:1 - - [09/Dec/2021:03:55:32 +0700] "GET /??lesson.video_ru_RU?? HTTP/1.1" 200 28593
0:0:0:0:0:0:0:1 - - [09/Dec/2021:03:55:32 +0700] "GET /??lesson.video_ru_RU?? HTTP/1.1" 200 28593
0:0:0:0:0:0:0:1 - - [09/Dec/2021:03:55:32 +0700] "GET /??lesson.video_ru_RU?? HTTP/1.1" 200 28593
0:0:0:0:0:0:0:1 - - [09/Dec/2021:03:55:32 +0700] "GET /??lesson.video_ru_RU?? HTTP/1.1" 200 28593
0:0:0:0:0:0:0:1 - - [09/Dec/2021:03:55:32 +0700] "GET /??lesson.video_ru_RU?? HTTP/1.1" 200 28593
0:0:0:0:0:0:0:1 - - [09/Dec/2021:03:55:32 +0700] "GET /??lesson.video_ru_RU?? HTTP/1.1" 200 28593
0:0:0:0:0:0:0:1 - - [09/Dec/2021:03:55:32 +0700] "GET /??lesson.video_ru_RU?? HTTP/1.1" 200 28593
0:0:0:0:0:0:0:1 - - [09/Dec/2021:03:55:32 +0700] "GET /??lesson.video_ru_RU?? HTTP/1.1" 200 28593
0:0:0:0:0:0:0:1 - - [09/Dec/2021:03:55:32 +0700] "GET /??lesson.video_ru_RU?? HTTP/1.1" 200 28593
0:0:0:0:0:0:0:1 - - [09/Dec/2021:03:55:32 +0700] "GET /??lesson.video_ru_RU?? HTTP/1.1" 200 28593
0:0:0:0:0:0:0:1 - - [09/Dec/2021:03:55:32 +0700] "GET /??lesson.video_ru_RU?? HTTP/1.1" 200 28593
0:0:0:0:0:0:0:1 - - [09/Dec/2021:03:55:32 +0700] "GET /??lesson.video_ru_RU?? HTTP/1.1" 200 28593
0:0:0:0:0:0:0:1 - - [09/Dec/2021:03:55:33 +0700] "GET /??lesson.video_ru_RU?? HTTP/1.1" 200 28593
0:0:0:0:0:0:0:1 - - [09/Dec/2021:03:55:33 +0700] "GET /??lesson.video_ru_RU?? HTTP/1.1" 200 28593
0:0:0:0:0:0:0:1 - - [09/Dec/2021:03:55:33 +0700] "GET /??lesson.video_ru_RU?? HTTP/1.1" 200 28593
0:0:0:0:0:0:0:1 - - [09/Dec/2021:03:55:33 +0700] "GET /??lesson.video_ru_RU?? HTTP/1.1" 200 28593
0:0:0:0:0:0:0:1 - - [09/Dec/2021:03:55:33 +0700] "GET /??lesson.video_ru_RU?? HTTP/1.1" 200 28593
0:0:0:0:0:0:0:1 - - [09/Dec/2021:03:55:33 +0700] "GET /??lesson.video_ru_RU?? HTTP/1.1" 200 28593
0:0:0:0:0:0:0:1 - - [09/Dec/2021:03:55:33 +0700] "GET /??lesson.video_ru_RU?? HTTP/1.1" 200 28593
0:0:0:0:0:0:0:1 - - [09/Dec/2021:03:55:33 +0700] "GET /??lesson.video_ru_RU?? HTTP/1.1" 200 28593
0:0:0:0:0:0:0:1 - - [09/Dec/2021:03:55:33 +0700] "GET /??lesson.video_ru_RU?? HTTP/1.1" 200 28593
0:0:0:0:0:0:0:1 - - [09/Dec/2021:03:55:33 +0700] "GET /??lesson.video_ru_RU?? HTTP/1.1" 200 28593
0:0:0:0:0:0:0:1 - - [09/Dec/2021:03:55:33 +0700] "GET /??lesson.video_ru_RU?? HTTP/1.1" 200 28593
0:0:0:0:0:0:0:1 - - [09/Dec/2021:03:55:33 +0700] "GET /??lesson.video_ru_RU?? HTTP/1.1" 200 28593
0:0:0:0:0:0:0:1 - - [09/Dec/2021:03:55:33 +0700] "GET /??lesson.video_ru_RU?? HTTP/1.1" 200 28593
0:0:0:0:0:0:0:1 - - [09/Dec/2021:03:56:56 +0700] "GET / HTTP/1.1" 500 8073
0:0:0:0:0:0:0:1 - - [09/Dec/2021:03:56:57 +0700] "GET / HTTP/1.1" 500 8073
0:0:0:0:0:0:0:1 - - [09/Dec/2021:03:57:58 +0700] "GET / HTTP/1.1" 200 28936
0:0:0:0:0:0:0:1 - - [09/Dec/2021:03:59:06 +0700] "GET / HTTP/1.1" 200 28924
0:0:0:0:0:0:0:1 - - [09/Dec/2021:04:00:01 +0700] "GET / HTTP/1.1" 200 28956
0:0:0:0:0:0:0:1 - - [09/Dec/2021:11:23:21 +0700] "GET / HTTP/1.1" 200 2665
0:0:0:0:0:0:0:1 - - [09/Dec/2021:11:23:21 +0700] "GET /css/bootstrap.min.css HTTP/1.1" 304 -
0:0:0:0:0:0:0:1 - - [09/Dec/2021:11:23:25 +0700] "GET /?form HTTP/1.1" 200 4470
0:0:0:0:0:0:0:1 - - [09/Dec/2021:11:23:25 +0700] "GET /form-validation.css HTTP/1.1" 400 968
0:0:0:0:0:0:0:1 - - [09/Dec/2021:11:24:10 +0700] "POST /?form HTTP/1.1" 200 2665
0:0:0:0:0:0:0:1 - - [09/Dec/2021:11:26:48 +0700] "POST /?form HTTP/1.1" 200 5626
0:0:0:0:0:0:0:1 - - [09/Dec/2021:11:26:50 +0700] "GET /favicon.ico HTTP/1.1" 304 -
0:0:0:0:0:0:0:1 - - [09/Dec/2021:11:27:43 +0700] "GET /? HTTP/1.1" 200 5626
0:0:0:0:0:0:0:1 - - [09/Dec/2021:11:27:47 +0700] "GET / HTTP/1.1" 200 5626
0:0:0:0:0:0:0:1 - - [09/Dec/2021:11:27:55 +0700] "GET / HTTP/1.1" 200 5626
0:0:0:0:0:0:0:1 - - [09/Dec/2021:11:28:31 +0700] "GET / HTTP/1.1" 200 4144
0:0:0:0:0:0:0:1 - - [09/Dec/2021:11:28:35 +0700] "GET /?form HTTP/1.1" 200 4470
0:0:0:0:0:0:0:1 - - [09/Dec/2021:11:28:35 +0700] "GET /form-validation.css HTTP/1.1" 400 968
0:0:0:0:0:0:0:1 - - [09/Dec/2021:11:29:21 +0700] "POST /?form HTTP/1.1" 200 5620
0:0:0:0:0:0:0:1 - - [09/Dec/2021:11:37:28 +0700] "GET / HTTP/1.1" 200 5620
0:0:0:0:0:0:0:1 - - [09/Dec/2021:11:37:47 +0700] "GET / HTTP/1.1" 200 5620
0:0:0:0:0:0:0:1 - - [09/Dec/2021:11:37:55 +0700] "GET /?form HTTP/1.1" 200 4470
0:0:0:0:0:0:0:1 - - [09/Dec/2021:11:37:55 +0700] "GET /form-validation.css HTTP/1.1" 400 968
0:0:0:0:0:0:0:1 - - [09/Dec/2021:11:38:39 +0700] "POST /?form HTTP/1.1" 200 7096
0:0:0:0:0:0:0:1 - - [09/Dec/2021:11:38:50 +0700] "GET /?form HTTP/1.1" 200 4470
0:0:0:0:0:0:0:1 - - [09/Dec/2021:11:38:50 +0700] "GET /form-validation.css HTTP/1.1" 400 968
0:0:0:0:0:0:0:1 - - [09/Dec/2021:11:53:09 +0700] "GET / HTTP/1.1" 200 7096
