0:0:0:0:0:0:0:1 - - [14/Dec/2021:00:02:46 +0700] "GET /resources/static/img/adidas.jpg HTTP/1.1" 404 949
0:0:0:0:0:0:0:1 - - [14/Dec/2021:00:02:47 +0700] "GET / HTTP/1.1" 404 949
0:0:0:0:0:0:0:1 - - [14/Dec/2021:00:02:48 +0700] "GET / HTTP/1.1" 404 949
0:0:0:0:0:0:0:1 - - [14/Dec/2021:00:02:53 +0700] "GET /user HTTP/1.1" 400 968
0:0:0:0:0:0:0:1 - - [14/Dec/2021:00:02:58 +0700] "GET /user/login HTTP/1.1" 404 949
0:0:0:0:0:0:0:1 - - [14/Dec/2021:00:04:08 +0700] "GET /user/login HTTP/1.1" 404 949
0:0:0:0:0:0:0:1 - - [14/Dec/2021:00:04:09 +0700] "GET /user/login HTTP/1.1" 404 949
0:0:0:0:0:0:0:1 - - [14/Dec/2021:00:04:10 +0700] "GET /user/login HTTP/1.1" 404 949
0:0:0:0:0:0:0:1 - - [14/Dec/2021:00:04:11 +0700] "GET /user/login HTTP/1.1" 404 949
0:0:0:0:0:0:0:1 - - [14/Dec/2021:00:04:26 +0700] "GET /lessons HTTP/1.1" 500 4113
0:0:0:0:0:0:0:1 - - [14/Dec/2021:00:06:11 +0700] "GET /lessons HTTP/1.1" 200 7096
0:0:0:0:0:0:0:1 - - [14/Dec/2021:00:07:25 +0700] "GET /?form HTTP/1.1" 404 949
0:0:0:0:0:0:0:1 - - [14/Dec/2021:00:07:30 +0700] "GET /?form HTTP/1.1" 404 949
0:0:0:0:0:0:0:1 - - [14/Dec/2021:00:07:59 +0700] "GET /?form HTTP/1.1" 404 949
0:0:0:0:0:0:0:1 - - [14/Dec/2021:00:08:00 +0700] "GET /?form HTTP/1.1" 404 949
0:0:0:0:0:0:0:1 - - [14/Dec/2021:00:08:05 +0700] "GET /?form HTTP/1.1" 404 949
0:0:0:0:0:0:0:1 - - [14/Dec/2021:00:08:07 +0700] "GET /?form HTTP/1.1" 404 949
0:0:0:0:0:0:0:1 - - [14/Dec/2021:00:08:12 +0700] "GET / HTTP/1.1" 404 949
0:0:0:0:0:0:0:1 - - [14/Dec/2021:00:08:15 +0700] "GET / HTTP/1.1" 404 949
0:0:0:0:0:0:0:1 - - [14/Dec/2021:00:08:23 +0700] "GET /lessons/form HTTP/1.1" 400 968
0:0:0:0:0:0:0:1 - - [14/Dec/2021:00:08:38 +0700] "GET /lessons/ HTTP/1.1" 200 7096
0:0:0:0:0:0:0:1 - - [14/Dec/2021:00:09:04 +0700] "GET / HTTP/1.1" 200 7096
0:0:0:0:0:0:0:1 - - [14/Dec/2021:00:09:06 +0700] "GET /?form HTTP/1.1" 200 4470
0:0:0:0:0:0:0:1 - - [14/Dec/2021:00:09:06 +0700] "GET /form-validation.css HTTP/1.1" 400 968
0:0:0:0:0:0:0:1 - - [14/Dec/2021:00:09:43 +0700] "GET /user HTTP/1.1" 400 968
0:0:0:0:0:0:0:1 - - [14/Dec/2021:00:09:49 +0700] "GET /user/login HTTP/1.1" 404 949
0:0:0:0:0:0:0:1 - - [14/Dec/2021:00:11:55 +0700] "GET / HTTP/1.1" 200 7096
0:0:0:0:0:0:0:1 - - [14/Dec/2021:00:13:11 +0700] "GET / HTTP/1.1" 200 7096
0:0:0:0:0:0:0:1 - - [14/Dec/2021:00:16:02 +0700] "GET / HTTP/1.1" 500 9312
0:0:0:0:0:0:0:1 - - [14/Dec/2021:00:17:13 +0700] "GET / HTTP/1.1" 500 9312
0:0:0:0:0:0:0:1 - - [14/Dec/2021:00:17:16 +0700] "GET / HTTP/1.1" 500 9312
0:0:0:0:0:0:0:1 - - [14/Dec/2021:00:17:17 +0700] "GET / HTTP/1.1" 500 9312
0:0:0:0:0:0:0:1 - - [14/Dec/2021:00:17:18 +0700] "GET / HTTP/1.1" 500 9312
0:0:0:0:0:0:0:1 - - [14/Dec/2021:00:17:34 +0700] "GET / HTTP/1.1" 500 9312
0:0:0:0:0:0:0:1 - - [14/Dec/2021:00:17:35 +0700] "GET / HTTP/1.1" 500 9312
0:0:0:0:0:0:0:1 - - [14/Dec/2021:00:17:36 +0700] "GET / HTTP/1.1" 500 9312
0:0:0:0:0:0:0:1 - - [14/Dec/2021:00:17:42 +0700] "GET / HTTP/1.1" 500 9312
0:0:0:0:0:0:0:1 - - [14/Dec/2021:00:17:45 +0700] "GET / HTTP/1.1" 500 9312
0:0:0:0:0:0:0:1 - - [14/Dec/2021:00:18:10 +0700] "GET / HTTP/1.1" 200 7096
0:0:0:0:0:0:0:1 - - [14/Dec/2021:00:18:57 +0700] "GET / HTTP/1.1" 200 7204
0:0:0:0:0:0:0:1 - - [14/Dec/2021:00:19:00 +0700] "GET / HTTP/1.1" 200 7204
0:0:0:0:0:0:0:1 - - [14/Dec/2021:00:19:01 +0700] "GET / HTTP/1.1" 200 7204
0:0:0:0:0:0:0:1 - - [14/Dec/2021:00:19:02 +0700] "GET / HTTP/1.1" 200 7204
0:0:0:0:0:0:0:1 - - [14/Dec/2021:00:19:04 +0700] "GET / HTTP/1.1" 200 7204
0:0:0:0:0:0:0:1 - - [14/Dec/2021:00:19:05 +0700] "GET / HTTP/1.1" 200 7204
0:0:0:0:0:0:0:1 - - [14/Dec/2021:00:20:36 +0700] "GET / HTTP/1.1" 200 7207
0:0:0:0:0:0:0:1 - - [14/Dec/2021:00:20:39 +0700] "GET /reg HTTP/1.1" 400 968
0:0:0:0:0:0:0:1 - - [14/Dec/2021:00:21:05 +0700] "GET /reg HTTP/1.1" 400 968
0:0:0:0:0:0:0:1 - - [14/Dec/2021:00:21:10 +0700] "GET / HTTP/1.1" 200 7211
0:0:0:0:0:0:0:1 - - [14/Dec/2021:00:21:12 +0700] "GET /reg.html HTTP/1.1" 400 968
0:0:0:0:0:0:0:1 - - [14/Dec/2021:00:22:14 +0700] "GET / HTTP/1.1" 200 7204
0:0:0:0:0:0:0:1 - - [14/Dec/2021:00:22:20 +0700] "GET / HTTP/1.1" 200 7204
0:0:0:0:0:0:0:1 - - [14/Dec/2021:00:22:37 +0700] "GET / HTTP/1.1" 200 7204
0:0:0:0:0:0:0:1 - - [14/Dec/2021:00:22:40 +0700] "GET / HTTP/1.1" 200 7204
0:0:0:0:0:0:0:1 - - [14/Dec/2021:00:23:32 +0700] "GET / HTTP/1.1" 200 7214
0:0:0:0:0:0:0:1 - - [14/Dec/2021:00:23:37 +0700] "GET /user/login HTTP/1.1" 404 949
0:0:0:0:0:0:0:1 - - [14/Dec/2021:00:24:11 +0700] "GET /user/login HTTP/1.1" 404 949
0:0:0:0:0:0:0:1 - - [14/Dec/2021:00:24:18 +0700] "GET / HTTP/1.1" 200 7214
0:0:0:0:0:0:0:1 - - [14/Dec/2021:00:24:22 +0700] "GET /user/login HTTP/1.1" 404 949
0:0:0:0:0:0:0:1 - - [14/Dec/2021:00:30:09 +0700] "GET / HTTP/1.1" 200 7214
0:0:0:0:0:0:0:1 - - [14/Dec/2021:00:30:13 +0700] "GET /login HTTP/1.1" 400 968
0:0:0:0:0:0:0:1 - - [14/Dec/2021:00:30:18 +0700] "GET /login HTTP/1.1" 400 968
0:0:0:0:0:0:0:1 - - [14/Dec/2021:00:30:22 +0700] "GET /login HTTP/1.1" 400 968
0:0:0:0:0:0:0:1 - - [14/Dec/2021:00:33:23 +0700] "GET /login HTTP/1.1" 400 968
0:0:0:0:0:0:0:1 - - [14/Dec/2021:00:33:27 +0700] "GET / HTTP/1.1" 200 7214
0:0:0:0:0:0:0:1 - - [14/Dec/2021:00:33:29 +0700] "GET /user/login HTTP/1.1" 404 949
0:0:0:0:0:0:0:1 - - [14/Dec/2021:00:33:38 +0700] "GET /login HTTP/1.1" 400 968
0:0:0:0:0:0:0:1 - - [14/Dec/2021:00:36:07 +0700] "GET /login HTTP/1.1" 400 968
0:0:0:0:0:0:0:1 - - [14/Dec/2021:00:36:09 +0700] "GET /login HTTP/1.1" 400 968
0:0:0:0:0:0:0:1 - - [14/Dec/2021:00:36:11 +0700] "GET /login HTTP/1.1" 400 968
0:0:0:0:0:0:0:1 - - [14/Dec/2021:00:36:13 +0700] "GET /login HTTP/1.1" 400 968
0:0:0:0:0:0:0:1 - - [14/Dec/2021:00:36:43 +0700] "GET /login HTTP/1.1" 400 968
0:0:0:0:0:0:0:1 - - [14/Dec/2021:00:36:46 +0700] "GET /login HTTP/1.1" 400 968
0:0:0:0:0:0:0:1 - - [14/Dec/2021:00:36:49 +0700] "GET / HTTP/1.1" 200 7214
0:0:0:0:0:0:0:1 - - [14/Dec/2021:00:36:54 +0700] "GET /login HTTP/1.1" 400 968
0:0:0:0:0:0:0:1 - - [14/Dec/2021:00:38:39 +0700] "GET /login HTTP/1.1" 400 968
0:0:0:0:0:0:0:1 - - [14/Dec/2021:00:38:40 +0700] "GET /login HTTP/1.1" 400 968
0:0:0:0:0:0:0:1 - - [14/Dec/2021:00:38:43 +0700] "GET / HTTP/1.1" 200 7214
0:0:0:0:0:0:0:1 - - [14/Dec/2021:00:38:46 +0700] "GET /login HTTP/1.1" 400 968
0:0:0:0:0:0:0:1 - - [14/Dec/2021:00:39:43 +0700] "GET /login HTTP/1.1" 400 968
0:0:0:0:0:0:0:1 - - [14/Dec/2021:00:39:44 +0700] "GET /login HTTP/1.1" 400 968
0:0:0:0:0:0:0:1 - - [14/Dec/2021:00:39:49 +0700] "GET / HTTP/1.1" 200 7214
0:0:0:0:0:0:0:1 - - [14/Dec/2021:00:39:53 +0700] "GET /login HTTP/1.1" 400 968
0:0:0:0:0:0:0:1 - - [14/Dec/2021:00:41:00 +0700] "GET /login HTTP/1.1" 400 968
0:0:0:0:0:0:0:1 - - [14/Dec/2021:00:41:01 +0700] "GET /login HTTP/1.1" 400 968
0:0:0:0:0:0:0:1 - - [14/Dec/2021:00:41:04 +0700] "GET /form HTTP/1.1" 400 968
0:0:0:0:0:0:0:1 - - [14/Dec/2021:00:41:06 +0700] "GET /form HTTP/1.1" 400 968
0:0:0:0:0:0:0:1 - - [14/Dec/2021:00:41:10 +0700] "GET / HTTP/1.1" 200 7214
0:0:0:0:0:0:0:1 - - [14/Dec/2021:00:41:12 +0700] "GET /?form HTTP/1.1" 200 4588
0:0:0:0:0:0:0:1 - - [14/Dec/2021:00:41:12 +0700] "GET /form-validation.css HTTP/1.1" 400 968
0:0:0:0:0:0:0:1 - - [14/Dec/2021:00:41:27 +0700] "GET /?login HTTP/1.1" 200 4588
0:0:0:0:0:0:0:1 - - [14/Dec/2021:00:41:27 +0700] "GET /form-validation.css HTTP/1.1" 400 968
0:0:0:0:0:0:0:1 - - [14/Dec/2021:00:42:21 +0700] "GET /?login HTTP/1.1" 200 1861
0:0:0:0:0:0:0:1 - - [14/Dec/2021:00:42:21 +0700] "GET /resources/static/img/adidas.jpg HTTP/1.1" 404 949
0:0:0:0:0:0:0:1 - - [14/Dec/2021:00:42:33 +0700] "GET /user/login HTTP/1.1" 404 949
0:0:0:0:0:0:0:1 - - [14/Dec/2021:00:44:15 +0700] "GET / HTTP/1.1" 200 7214
0:0:0:0:0:0:0:1 - - [14/Dec/2021:00:44:19 +0700] "GET /login HTTP/1.1" 200 1861
0:0:0:0:0:0:0:1 - - [14/Dec/2021:00:44:19 +0700] "GET /resources/static/img/adidas.jpg HTTP/1.1" 404 949
0:0:0:0:0:0:0:1 - - [14/Dec/2021:00:46:21 +0700] "GET /?login HTTP/1.1" 200 1861
0:0:0:0:0:0:0:1 - - [14/Dec/2021:00:46:21 +0700] "GET /resources/static/img/adidas.jpg HTTP/1.1" 404 949
0:0:0:0:0:0:0:1 - - [14/Dec/2021:00:46:26 +0700] "GET /login HTTP/1.1" 400 968
0:0:0:0:0:0:0:1 - - [14/Dec/2021:00:46:32 +0700] "GET /&login HTTP/1.1" 400 968
0:0:0:0:0:0:0:1 - - [14/Dec/2021:00:46:37 +0700] "GET /&login HTTP/1.1" 400 968
0:0:0:0:0:0:0:1 - - [14/Dec/2021:00:46:42 +0700] "GET /?login HTTP/1.1" 200 1861
0:0:0:0:0:0:0:1 - - [14/Dec/2021:00:46:42 +0700] "GET /resources/static/img/adidas.jpg HTTP/1.1" 404 949
0:0:0:0:0:0:0:1 - - [14/Dec/2021:00:49:21 +0700] "GET /action_page.php?uname=%D0%B0&psw=%D0%B0 HTTP/1.1" 400 968
0:0:0:0:0:0:0:1 - - [14/Dec/2021:13:30:51 +0700] "GET / HTTP/1.1" 200 7214
0:0:0:0:0:0:0:1 - - [14/Dec/2021:13:30:51 +0700] "GET /css/bootstrap.min.css HTTP/1.1" 304 -
0:0:0:0:0:0:0:1 - - [14/Dec/2021:13:30:53 +0700] "GET /favicon.ico HTTP/1.1" 304 -
0:0:0:0:0:0:0:1 - - [14/Dec/2021:13:30:55 +0700] "GET / HTTP/1.1" 200 7214
0:0:0:0:0:0:0:1 - - [14/Dec/2021:13:31:20 +0700] "GET /?form HTTP/1.1" 200 4588
0:0:0:0:0:0:0:1 - - [14/Dec/2021:13:31:20 +0700] "GET /form-validation.css HTTP/1.1" 400 968
0:0:0:0:0:0:0:1 - - [14/Dec/2021:13:31:28 +0700] "GET /?form HTTP/1.1" 200 4588
0:0:0:0:0:0:0:1 - - [14/Dec/2021:13:31:28 +0700] "GET /form-validation.css HTTP/1.1" 400 968
0:0:0:0:0:0:0:1 - - [14/Dec/2021:13:31:50 +0700] "GET /user/login HTTP/1.1" 404 949
0:0:0:0:0:0:0:1 - - [14/Dec/2021:13:32:25 +0700] "POST /?form HTTP/1.1" 200 8710
0:0:0:0:0:0:0:1 - - [14/Dec/2021:13:33:22 +0700] "GET /user/?login HTTP/1.1" 200 1861
0:0:0:0:0:0:0:1 - - [14/Dec/2021:13:33:22 +0700] "GET /user/resources/static/img/adidas.jpg HTTP/1.1" 404 949
0:0:0:0:0:0:0:1 - - [14/Dec/2021:13:37:05 +0700] "GET / HTTP/1.1" 200 8710
0:0:0:0:0:0:0:1 - - [14/Dec/2021:13:37:08 +0700] "GET /?form HTTP/1.1" 200 4588
0:0:0:0:0:0:0:1 - - [14/Dec/2021:13:37:08 +0700] "GET /form-validation.css HTTP/1.1" 400 968
0:0:0:0:0:0:0:1 - - [14/Dec/2021:13:37:27 +0700] "POST /?form HTTP/1.1" 200 8710
0:0:0:0:0:0:0:1 - - [14/Dec/2021:13:37:37 +0700] "POST /?form HTTP/1.1" 200 8710
0:0:0:0:0:0:0:1 - - [14/Dec/2021:13:39:45 +0700] "POST /?form HTTP/1.1" 200 8710
0:0:0:0:0:0:0:1 - - [14/Dec/2021:13:39:48 +0700] "POST /?form HTTP/1.1" 200 8710
0:0:0:0:0:0:0:1 - - [14/Dec/2021:13:40:17 +0700] "GET /?form HTTP/1.1" 200 4587
0:0:0:0:0:0:0:1 - - [14/Dec/2021:13:40:17 +0700] "GET /form-validation.css HTTP/1.1" 400 968
0:0:0:0:0:0:0:1 - - [14/Dec/2021:13:40:35 +0700] "POST /form HTTP/1.1" 200 10186
0:0:0:0:0:0:0:1 - - [14/Dec/2021:13:49:36 +0700] "GET / HTTP/1.1" 200 10186
0:0:0:0:0:0:0:1 - - [14/Dec/2021:14:00:58 +0700] "GET / HTTP/1.1" 200 10186
0:0:0:0:0:0:0:1 - - [14/Dec/2021:14:01:04 +0700] "GET /users HTTP/1.1" 400 968
0:0:0:0:0:0:0:1 - - [14/Dec/2021:14:01:07 +0700] "GET /users/reg HTTP/1.1" 404 949
0:0:0:0:0:0:0:1 - - [14/Dec/2021:14:01:14 +0700] "GET /users/?reg HTTP/1.1" 400 968
0:0:0:0:0:0:0:1 - - [14/Dec/2021:14:01:27 +0700] "GET /user/reg HTTP/1.1" 405 1045
0:0:0:0:0:0:0:1 - - [14/Dec/2021:14:01:35 +0700] "GET /user/?reg HTTP/1.1" 500 7810
127.0.0.1 - - [14/Dec/2021:14:02:25 +0700] "GET /user/?reg HTTP/1.1" 500 7808
0:0:0:0:0:0:0:1 - - [14/Dec/2021:14:03:18 +0700] "GET /user/?reg HTTP/1.1" 500 7977
0:0:0:0:0:0:0:1 - - [14/Dec/2021:14:03:56 +0700] "GET /user/?reg HTTP/1.1" 500 7817
0:0:0:0:0:0:0:1 - - [14/Dec/2021:14:04:34 +0700] "GET /user/?reg HTTP/1.1" 500 7812
0:0:0:0:0:0:0:1 - - [14/Dec/2021:14:05:23 +0700] "GET /user/?reg HTTP/1.1" 500 5758
0:0:0:0:0:0:0:1 - - [14/Dec/2021:14:06:38 +0700] "GET /user/?reg HTTP/1.1" 200 2351
0:0:0:0:0:0:0:1 - - [14/Dec/2021:14:06:38 +0700] "GET /user/img_avatar2.png HTTP/1.1" 404 949
0:0:0:0:0:0:0:1 - - [14/Dec/2021:14:07:03 +0700] "POST /reg HTTP/1.1" 400 968
127.0.0.1 - - [14/Dec/2021:14:07:40 +0700] "POST /reg HTTP/1.1" 400 968
0:0:0:0:0:0:0:1 - - [14/Dec/2021:14:07:48 +0700] "POST /reg HTTP/1.1" 400 968
0:0:0:0:0:0:0:1 - - [14/Dec/2021:14:10:56 +0700] "POST /reg HTTP/1.1" 400 968
0:0:0:0:0:0:0:1 - - [14/Dec/2021:14:11:02 +0700] "GET /user/?reg HTTP/1.1" 200 2355
0:0:0:0:0:0:0:1 - - [14/Dec/2021:14:11:02 +0700] "GET /user/img_avatar2.png HTTP/1.1" 404 949
0:0:0:0:0:0:0:1 - - [14/Dec/2021:14:11:20 +0700] "POST /user/user/reg HTTP/1.1" 405 1047
0:0:0:0:0:0:0:1 - - [14/Dec/2021:14:11:54 +0700] "GET /user/reg HTTP/1.1" 405 1045
0:0:0:0:0:0:0:1 - - [14/Dec/2021:14:12:04 +0700] "GET /user/?reg HTTP/1.1" 200 2350
0:0:0:0:0:0:0:1 - - [14/Dec/2021:14:12:04 +0700] "GET /user/img_avatar2.png HTTP/1.1" 404 949
0:0:0:0:0:0:0:1 - - [14/Dec/2021:14:12:20 +0700] "POST /user/reg HTTP/1.1" 200 10186
0:0:0:0:0:0:0:1 - - [14/Dec/2021:14:40:34 +0700] "POST /user/reg HTTP/1.1" 200 10186
0:0:0:0:0:0:0:1 - - [14/Dec/2021:14:40:54 +0700] "GET /user/?reg HTTP/1.1" 200 2350
0:0:0:0:0:0:0:1 - - [14/Dec/2021:14:40:54 +0700] "GET /user/img_avatar2.png HTTP/1.1" 404 949
0:0:0:0:0:0:0:1 - - [14/Dec/2021:14:44:37 +0700] "GET /user/?login HTTP/1.1" 200 1861
0:0:0:0:0:0:0:1 - - [14/Dec/2021:14:44:37 +0700] "GET /user/resources/static/img/adidas.jpg HTTP/1.1" 404 949
0:0:0:0:0:0:0:1 - - [14/Dec/2021:15:08:56 +0700] "GET / HTTP/1.1" 200 10210
0:0:0:0:0:0:0:1 - - [14/Dec/2021:15:09:35 +0700] "GET /?form HTTP/1.1" 200 4611
0:0:0:0:0:0:0:1 - - [14/Dec/2021:15:09:35 +0700] "GET /form-validation.css HTTP/1.1" 400 968
0:0:0:0:0:0:0:1 - - [14/Dec/2021:15:09:40 +0700] "GET /?form HTTP/1.1" 200 4611
0:0:0:0:0:0:0:1 - - [14/Dec/2021:15:09:40 +0700] "GET /form-validation.css HTTP/1.1" 400 968
0:0:0:0:0:0:0:1 - - [14/Dec/2021:15:09:42 +0700] "GET /?form HTTP/1.1" 200 4611
0:0:0:0:0:0:0:1 - - [14/Dec/2021:15:09:42 +0700] "GET /form-validation.css HTTP/1.1" 400 968
0:0:0:0:0:0:0:1 - - [14/Dec/2021:15:09:43 +0700] "GET /?form HTTP/1.1" 200 4611
0:0:0:0:0:0:0:1 - - [14/Dec/2021:15:09:43 +0700] "GET /form-validation.css HTTP/1.1" 400 968
0:0:0:0:0:0:0:1 - - [14/Dec/2021:15:09:44 +0700] "GET /?form HTTP/1.1" 200 4611
0:0:0:0:0:0:0:1 - - [14/Dec/2021:15:09:44 +0700] "GET /form-validation.css HTTP/1.1" 400 968
0:0:0:0:0:0:0:1 - - [14/Dec/2021:15:11:49 +0700] "GET / HTTP/1.1" 200 5236
0:0:0:0:0:0:0:1 - - [14/Dec/2021:15:14:19 +0700] "GET / HTTP/1.1" 200 5285
0:0:0:0:0:0:0:1 - - [14/Dec/2021:21:42:17 +0700] "GET / HTTP/1.1" 200 5285
0:0:0:0:0:0:0:1 - - [14/Dec/2021:21:42:18 +0700] "GET /css/bootstrap.min.css HTTP/1.1" 200 83058
0:0:0:0:0:0:0:1 - - [14/Dec/2021:21:42:20 +0700] "GET /favicon.ico HTTP/1.1" 200 2862
0:0:0:0:0:0:0:1 - - [14/Dec/2021:21:42:27 +0700] "GET /?form HTTP/1.1" 200 4598
0:0:0:0:0:0:0:1 - - [14/Dec/2021:21:42:27 +0700] "GET /form-validation.css HTTP/1.1" 400 968
0:0:0:0:0:0:0:1 - - [14/Dec/2021:21:42:29 +0700] "POST /form HTTP/1.1" 200 4618
0:0:0:0:0:0:0:1 - - [14/Dec/2021:21:42:29 +0700] "GET /form-validation.css HTTP/1.1" 400 968
0:0:0:0:0:0:0:1 - - [14/Dec/2021:21:42:30 +0700] "POST /form HTTP/1.1" 200 4618
0:0:0:0:0:0:0:1 - - [14/Dec/2021:21:42:30 +0700] "GET /form-validation.css HTTP/1.1" 400 968
0:0:0:0:0:0:0:1 - - [14/Dec/2021:21:43:11 +0700] "POST /form HTTP/1.1" 200 5285
0:0:0:0:0:0:0:1 - - [14/Dec/2021:21:45:20 +0700] "POST /form HTTP/1.1" 200 5285
0:0:0:0:0:0:0:1 - - [14/Dec/2021:21:47:50 +0700] "POST /form HTTP/1.1" 200 5285
0:0:0:0:0:0:0:1 - - [14/Dec/2021:21:50:33 +0700] "POST /form HTTP/1.1" 200 5285
0:0:0:0:0:0:0:1 - - [14/Dec/2021:21:52:15 +0700] "POST /form HTTP/1.1" 200 5285
0:0:0:0:0:0:0:1 - - [14/Dec/2021:21:53:04 +0700] "POST /form HTTP/1.1" 200 5958
0:0:0:0:0:0:0:1 - - [14/Dec/2021:21:56:32 +0700] "GET /?form HTTP/1.1" 200 4598
0:0:0:0:0:0:0:1 - - [14/Dec/2021:21:56:32 +0700] "GET /form-validation.css HTTP/1.1" 400 968
0:0:0:0:0:0:0:1 - - [14/Dec/2021:21:57:30 +0700] "GET /?form HTTP/1.1" 200 4598
0:0:0:0:0:0:0:1 - - [14/Dec/2021:21:57:30 +0700] "GET /form-validation.css HTTP/1.1" 400 968
0:0:0:0:0:0:0:1 - - [14/Dec/2021:21:59:20 +0700] "GET / HTTP/1.1" 200 5958
0:0:0:0:0:0:0:1 - - [14/Dec/2021:21:59:23 +0700] "GET /?form HTTP/1.1" 200 4598
0:0:0:0:0:0:0:1 - - [14/Dec/2021:21:59:23 +0700] "GET /form-validation.css HTTP/1.1" 400 968
0:0:0:0:0:0:0:1 - - [14/Dec/2021:22:06:00 +0700] "GET / HTTP/1.1" 200 5958
0:0:0:0:0:0:0:1 - - [14/Dec/2021:22:06:06 +0700] "GET /?form HTTP/1.1" 200 4598
0:0:0:0:0:0:0:1 - - [14/Dec/2021:22:06:06 +0700] "GET /form-validation.css HTTP/1.1" 400 968
0:0:0:0:0:0:0:1 - - [14/Dec/2021:22:11:36 +0700] "GET / HTTP/1.1" 500 13448
0:0:0:0:0:0:0:1 - - [14/Dec/2021:22:12:29 +0700] "GET / HTTP/1.1" 500 13448
0:0:0:0:0:0:0:1 - - [14/Dec/2021:22:12:31 +0700] "GET / HTTP/1.1" 500 13447
0:0:0:0:0:0:0:1 - - [14/Dec/2021:22:13:12 +0700] "GET / HTTP/1.1" 500 9649
0:0:0:0:0:0:0:1 - - [14/Dec/2021:22:16:42 +0700] "GET / HTTP/1.1" 200 6087
0:0:0:0:0:0:0:1 - - [14/Dec/2021:22:17:48 +0700] "GET / HTTP/1.1" 200 6765
0:0:0:0:0:0:0:1 - - [14/Dec/2021:22:17:51 +0700] "GET / HTTP/1.1" 200 6765
0:0:0:0:0:0:0:1 - - [14/Dec/2021:22:18:50 +0700] "GET / HTTP/1.1" 500 11753
0:0:0:0:0:0:0:1 - - [14/Dec/2021:22:19:33 +0700] "GET / HTTP/1.1" 500 11745
0:0:0:0:0:0:0:1 - - [14/Dec/2021:22:20:44 +0700] "GET / HTTP/1.1" 500 11745
0:0:0:0:0:0:0:1 - - [14/Dec/2021:22:31:03 +0700] "GET / HTTP/1.1" 200 6904
0:0:0:0:0:0:0:1 - - [14/Dec/2021:22:44:35 +0700] "GET / HTTP/1.1" 200 6904
0:0:0:0:0:0:0:1 - - [14/Dec/2021:22:44:36 +0700] "GET / HTTP/1.1" 200 6904
0:0:0:0:0:0:0:1 - - [14/Dec/2021:22:44:39 +0700] "GET /?form HTTP/1.1" 200 4866
0:0:0:0:0:0:0:1 - - [14/Dec/2021:22:44:39 +0700] "GET /form-validation.css HTTP/1.1" 400 968
0:0:0:0:0:0:0:1 - - [14/Dec/2021:22:44:57 +0700] "POST /form HTTP/1.1" 200 7711
0:0:0:0:0:0:0:1 - - [14/Dec/2021:22:45:26 +0700] "GET /form-validation.css HTTP/1.1" 400 968
0:0:0:0:0:0:0:1 - - [14/Dec/2021:22:48:13 +0700] "GET /?form HTTP/1.1" 200 4845
0:0:0:0:0:0:0:1 - - [14/Dec/2021:22:48:13 +0700] "GET /form-validation.css HTTP/1.1" 400 968
0:0:0:0:0:0:0:1 - - [14/Dec/2021:22:49:25 +0700] "GET /?form HTTP/1.1" 200 4864
0:0:0:0:0:0:0:1 - - [14/Dec/2021:22:49:25 +0700] "GET /form-validation.css HTTP/1.1" 400 968
0:0:0:0:0:0:0:1 - - [14/Dec/2021:22:49:48 +0700] "GET /?form HTTP/1.1" 200 4859
0:0:0:0:0:0:0:1 - - [14/Dec/2021:22:49:48 +0700] "GET /form-validation.css HTTP/1.1" 400 968
0:0:0:0:0:0:0:1 - - [14/Dec/2021:22:49:52 +0700] "GET /?form HTTP/1.1" 200 4859
0:0:0:0:0:0:0:1 - - [14/Dec/2021:22:49:52 +0700] "GET /form-validation.css HTTP/1.1" 400 968
0:0:0:0:0:0:0:1 - - [14/Dec/2021:22:49:54 +0700] "GET /?form HTTP/1.1" 200 4859
0:0:0:0:0:0:0:1 - - [14/Dec/2021:22:49:54 +0700] "GET /form-validation.css HTTP/1.1" 400 968
0:0:0:0:0:0:0:1 - - [14/Dec/2021:22:49:54 +0700] "GET /?form HTTP/1.1" 200 4859
0:0:0:0:0:0:0:1 - - [14/Dec/2021:22:49:54 +0700] "GET /form-validation.css HTTP/1.1" 400 968
0:0:0:0:0:0:0:1 - - [14/Dec/2021:22:50:10 +0700] "GET / HTTP/1.1" 500 11745
0:0:0:0:0:0:0:1 - - [14/Dec/2021:22:50:55 +0700] "POST /form HTTP/1.1" 500 11748
0:0:0:0:0:0:0:1 - - [14/Dec/2021:22:59:36 +0700] "GET / HTTP/1.1" 500 11745
0:0:0:0:0:0:0:1 - - [14/Dec/2021:22:59:42 +0700] "GET /&form HTTP/1.1" 400 968
0:0:0:0:0:0:0:1 - - [14/Dec/2021:22:59:47 +0700] "GET /?form HTTP/1.1" 200 4859
0:0:0:0:0:0:0:1 - - [14/Dec/2021:22:59:47 +0700] "GET /form-validation.css HTTP/1.1" 400 968
0:0:0:0:0:0:0:1 - - [14/Dec/2021:23:00:32 +0700] "POST /form HTTP/1.1" 500 5482
0:0:0:0:0:0:0:1 - - [14/Dec/2021:23:01:38 +0700] "GET / HTTP/1.1" 500 11745
0:0:0:0:0:0:0:1 - - [14/Dec/2021:23:01:48 +0700] "GET /?form HTTP/1.1" 200 4859
0:0:0:0:0:0:0:1 - - [14/Dec/2021:23:01:49 +0700] "GET /form-validation.css HTTP/1.1" 400 968
0:0:0:0:0:0:0:1 - - [14/Dec/2021:23:02:43 +0700] "GET /?reg HTTP/1.1" 500 11745
0:0:0:0:0:0:0:1 - - [14/Dec/2021:23:05:25 +0700] "GET /?reg HTTP/1.1" 500 11745
0:0:0:0:0:0:0:1 - - [14/Dec/2021:23:05:28 +0700] "GET /?reg HTTP/1.1" 500 11745
0:0:0:0:0:0:0:1 - - [14/Dec/2021:23:05:34 +0700] "GET /reg HTTP/1.1" 400 968
0:0:0:0:0:0:0:1 - - [14/Dec/2021:23:05:52 +0700] "GET /user/?reg HTTP/1.1" 200 2350
0:0:0:0:0:0:0:1 - - [14/Dec/2021:23:05:52 +0700] "GET /user/img_avatar2.png HTTP/1.1" 404 949
0:0:0:0:0:0:0:1 - - [14/Dec/2021:23:09:11 +0700] "GET /user/?reg HTTP/1.1" 200 2350
0:0:0:0:0:0:0:1 - - [14/Dec/2021:23:09:12 +0700] "GET /user/img_avatar2.png HTTP/1.1" 404 949
0:0:0:0:0:0:0:1 - - [14/Dec/2021:23:09:19 +0700] "GET / HTTP/1.1" 500 11745
0:0:0:0:0:0:0:1 - - [14/Dec/2021:23:09:26 +0700] "GET /?form HTTP/1.1" 200 4859
0:0:0:0:0:0:0:1 - - [14/Dec/2021:23:09:26 +0700] "GET /form-validation.css HTTP/1.1" 400 968
0:0:0:0:0:0:0:1 - - [14/Dec/2021:23:09:29 +0700] "GET / HTTP/1.1" 500 11745
