0:0:0:0:0:0:0:1 - - [08/Dec/2021:21:20:07 +0700] "GET / HTTP/1.1" 200 1287
0:0:0:0:0:0:0:1 - - [08/Dec/2021:21:20:07 +0700] "GET /css/bootstrap.min.css HTTP/1.1" 200 83058
0:0:0:0:0:0:0:1 - - [08/Dec/2021:21:20:07 +0700] "GET /favicon.ico HTTP/1.1" 500 6059
0:0:0:0:0:0:0:1 - - [08/Dec/2021:21:20:20 +0700] "GET /?form HTTP/1.1" 200 3722
0:0:0:0:0:0:0:1 - - [08/Dec/2021:21:20:20 +0700] "GET /css/bootstrap.min.css HTTP/1.1" 304 -
0:0:0:0:0:0:0:1 - - [08/Dec/2021:21:20:21 +0700] "GET /favicon.ico HTTP/1.1" 500 3966
0:0:0:0:0:0:0:1 - - [08/Dec/2021:21:23:07 +0700] "POST /?form HTTP/1.1" 200 1287
0:0:0:0:0:0:0:1 - - [08/Dec/2021:21:23:07 +0700] "GET /css/bootstrap.min.css HTTP/1.1" 304 -
0:0:0:0:0:0:0:1 - - [08/Dec/2021:21:23:07 +0700] "GET /favicon.ico HTTP/1.1" 500 3966
0:0:0:0:0:0:0:1 - - [08/Dec/2021:21:23:10 +0700] "GET /?form HTTP/1.1" 200 3722
0:0:0:0:0:0:0:1 - - [08/Dec/2021:21:23:10 +0700] "GET /favicon.ico HTTP/1.1" 500 3966
0:0:0:0:0:0:0:1 - - [08/Dec/2021:21:23:13 +0700] "POST /?form HTTP/1.1" 200 3742
0:0:0:0:0:0:0:1 - - [08/Dec/2021:21:23:13 +0700] "GET /favicon.ico HTTP/1.1" 500 3966
0:0:0:0:0:0:0:1 - - [08/Dec/2021:21:23:15 +0700] "POST /?form HTTP/1.1" 200 3742
0:0:0:0:0:0:0:1 - - [08/Dec/2021:21:23:16 +0700] "GET /favicon.ico HTTP/1.1" 500 3966
0:0:0:0:0:0:0:1 - - [08/Dec/2021:21:23:18 +0700] "POST /?form HTTP/1.1" 200 3742
0:0:0:0:0:0:0:1 - - [08/Dec/2021:21:23:18 +0700] "GET /favicon.ico HTTP/1.1" 500 3966
0:0:0:0:0:0:0:1 - - [08/Dec/2021:21:23:29 +0700] "POST /?form HTTP/1.1" 200 1287
0:0:0:0:0:0:0:1 - - [08/Dec/2021:21:23:29 +0700] "GET /css/bootstrap.min.css HTTP/1.1" 304 -
0:0:0:0:0:0:0:1 - - [08/Dec/2021:21:23:29 +0700] "GET /favicon.ico HTTP/1.1" 500 3966
0:0:0:0:0:0:0:1 - - [08/Dec/2021:21:33:39 +0700] "GET /?form HTTP/1.1" 200 3817
0:0:0:0:0:0:0:1 - - [08/Dec/2021:21:33:39 +0700] "GET /css/bootstrap.min.css HTTP/1.1" 304 -
0:0:0:0:0:0:0:1 - - [08/Dec/2021:21:33:39 +0700] "GET /favicon.ico HTTP/1.1" 500 6059
0:0:0:0:0:0:0:1 - - [08/Dec/2021:21:35:18 +0700] "POST /?form HTTP/1.1" 200 3860
0:0:0:0:0:0:0:1 - - [08/Dec/2021:21:35:18 +0700] "GET /css/bootstrap.min.css HTTP/1.1" 304 -
0:0:0:0:0:0:0:1 - - [08/Dec/2021:21:35:18 +0700] "GET /favicon.ico HTTP/1.1" 500 3966
0:0:0:0:0:0:0:1 - - [08/Dec/2021:21:38:53 +0700] "POST /?form HTTP/1.1" 200 3846
0:0:0:0:0:0:0:1 - - [08/Dec/2021:21:38:53 +0700] "GET /css/bootstrap.min.css HTTP/1.1" 304 -
0:0:0:0:0:0:0:1 - - [08/Dec/2021:21:38:53 +0700] "GET /favicon.ico HTTP/1.1" 500 6059
0:0:0:0:0:0:0:1 - - [08/Dec/2021:21:38:55 +0700] "POST /?form HTTP/1.1" 200 3846
0:0:0:0:0:0:0:1 - - [08/Dec/2021:21:38:55 +0700] "GET /favicon.ico HTTP/1.1" 500 3966
0:0:0:0:0:0:0:1 - - [08/Dec/2021:21:39:29 +0700] "POST /?form HTTP/1.1" 200 3854
0:0:0:0:0:0:0:1 - - [08/Dec/2021:21:39:29 +0700] "GET /favicon.ico HTTP/1.1" 500 6059
0:0:0:0:0:0:0:1 - - [08/Dec/2021:21:39:33 +0700] "POST /?form HTTP/1.1" 200 3854
0:0:0:0:0:0:0:1 - - [08/Dec/2021:21:39:33 +0700] "GET /favicon.ico HTTP/1.1" 500 3966
0:0:0:0:0:0:0:1 - - [08/Dec/2021:21:39:36 +0700] "POST /?form HTTP/1.1" 200 3854
0:0:0:0:0:0:0:1 - - [08/Dec/2021:21:39:36 +0700] "GET /favicon.ico HTTP/1.1" 500 3966
0:0:0:0:0:0:0:1 - - [08/Dec/2021:21:39:39 +0700] "POST /?form HTTP/1.1" 200 3854
0:0:0:0:0:0:0:1 - - [08/Dec/2021:21:39:39 +0700] "GET /favicon.ico HTTP/1.1" 500 3966
0:0:0:0:0:0:0:1 - - [08/Dec/2021:21:41:47 +0700] "POST /?form HTTP/1.1" 200 3854
0:0:0:0:0:0:0:1 - - [08/Dec/2021:21:41:47 +0700] "GET /css/bootstrap.min.css HTTP/1.1" 304 -
0:0:0:0:0:0:0:1 - - [08/Dec/2021:21:41:48 +0700] "GET /favicon.ico HTTP/1.1" 500 3966
0:0:0:0:0:0:0:1 - - [08/Dec/2021:21:41:55 +0700] "POST /?form HTTP/1.1" 200 3854
0:0:0:0:0:0:0:1 - - [08/Dec/2021:21:41:56 +0700] "GET /favicon.ico HTTP/1.1" 500 3966
0:0:0:0:0:0:0:1 - - [08/Dec/2021:21:43:31 +0700] "POST /?form HTTP/1.1" 500 10996
0:0:0:0:0:0:0:1 - - [08/Dec/2021:21:43:32 +0700] "GET /favicon.ico HTTP/1.1" 500 6059
127.0.0.1 - - [08/Dec/2021:21:45:12 +0700] "POST /?form HTTP/1.1" 200 4010
127.0.0.1 - - [08/Dec/2021:21:45:12 +0700] "GET /css/bootstrap.min.css HTTP/1.1" 304 -
127.0.0.1 - - [08/Dec/2021:21:45:12 +0700] "GET /favicon.ico HTTP/1.1" 500 6059
0:0:0:0:0:0:0:1 - - [08/Dec/2021:21:46:21 +0700] "POST /?form HTTP/1.1" 200 4002
0:0:0:0:0:0:0:1 - - [08/Dec/2021:21:46:21 +0700] "GET /favicon.ico HTTP/1.1" 500 6059
0:0:0:0:0:0:0:1 - - [08/Dec/2021:21:55:49 +0700] "GET / HTTP/1.1" 200 1287
0:0:0:0:0:0:0:1 - - [08/Dec/2021:21:55:49 +0700] "GET /css/bootstrap.min.css HTTP/1.1" 304 -
0:0:0:0:0:0:0:1 - - [08/Dec/2021:21:55:49 +0700] "GET /favicon.ico HTTP/1.1" 500 3966
0:0:0:0:0:0:0:1 - - [08/Dec/2021:21:57:28 +0700] "GET /?form HTTP/1.1" 200 3959
0:0:0:0:0:0:0:1 - - [08/Dec/2021:21:57:29 +0700] "GET /favicon.ico HTTP/1.1" 500 3966
0:0:0:0:0:0:0:1 - - [08/Dec/2021:22:01:29 +0700] "GET /?form HTTP/1.1" 500 6174
0:0:0:0:0:0:0:1 - - [08/Dec/2021:22:01:29 +0700] "GET /favicon.ico HTTP/1.1" 500 6059
0:0:0:0:0:0:0:1 - - [08/Dec/2021:22:04:31 +0700] "GET /?form HTTP/1.1" 200 3860
0:0:0:0:0:0:0:1 - - [08/Dec/2021:22:04:31 +0700] "GET /css/bootstrap.min.css HTTP/1.1" 304 -
0:0:0:0:0:0:0:1 - - [08/Dec/2021:22:04:31 +0700] "GET /favicon.ico HTTP/1.1" 500 6059
0:0:0:0:0:0:0:1 - - [08/Dec/2021:22:08:54 +0700] "GET / HTTP/1.1" 200 1287
0:0:0:0:0:0:0:1 - - [08/Dec/2021:22:08:55 +0700] "GET /favicon.ico HTTP/1.1" 500 3966
0:0:0:0:0:0:0:1 - - [08/Dec/2021:22:11:39 +0700] "GET /?form HTTP/1.1" 200 3860
0:0:0:0:0:0:0:1 - - [08/Dec/2021:22:11:39 +0700] "GET /css/bootstrap.min.css HTTP/1.1" 304 -
0:0:0:0:0:0:0:1 - - [08/Dec/2021:22:11:39 +0700] "GET /favicon.ico HTTP/1.1" 500 3966
0:0:0:0:0:0:0:1 - - [08/Dec/2021:22:13:27 +0700] "GET /?form HTTP/1.1" 200 3860
0:0:0:0:0:0:0:1 - - [08/Dec/2021:22:13:27 +0700] "GET /favicon.ico HTTP/1.1" 500 6059
0:0:0:0:0:0:0:1 - - [08/Dec/2021:22:13:29 +0700] "GET / HTTP/1.1" 200 1581
0:0:0:0:0:0:0:1 - - [08/Dec/2021:22:13:30 +0700] "GET /favicon.ico HTTP/1.1" 500 3966
0:0:0:0:0:0:0:1 - - [08/Dec/2021:22:18:24 +0700] "GET / HTTP/1.1" 200 1581
0:0:0:0:0:0:0:1 - - [08/Dec/2021:22:18:24 +0700] "GET /css/bootstrap.min.css HTTP/1.1" 304 -
0:0:0:0:0:0:0:1 - - [08/Dec/2021:22:18:24 +0700] "GET /favicon.ico HTTP/1.1" 500 6059
0:0:0:0:0:0:0:1 - - [08/Dec/2021:22:18:27 +0700] "GET /?form HTTP/1.1" 200 3973
0:0:0:0:0:0:0:1 - - [08/Dec/2021:22:18:27 +0700] "GET /favicon.ico HTTP/1.1" 500 3966
0:0:0:0:0:0:0:1 - - [08/Dec/2021:22:19:37 +0700] "GET /?form HTTP/1.1" 200 3968
0:0:0:0:0:0:0:1 - - [08/Dec/2021:22:19:37 +0700] "GET /favicon.ico HTTP/1.1" 500 6059
0:0:0:0:0:0:0:1 - - [08/Dec/2021:22:19:42 +0700] "GET / HTTP/1.1" 200 1581
0:0:0:0:0:0:0:1 - - [08/Dec/2021:22:19:42 +0700] "GET /favicon.ico HTTP/1.1" 500 3966
0:0:0:0:0:0:0:1 - - [08/Dec/2021:22:19:45 +0700] "GET /?form HTTP/1.1" 200 3968
0:0:0:0:0:0:0:1 - - [08/Dec/2021:22:19:45 +0700] "GET /favicon.ico HTTP/1.1" 500 3966
0:0:0:0:0:0:0:1 - - [08/Dec/2021:22:20:40 +0700] "GET /?form HTTP/1.1" 200 3860
0:0:0:0:0:0:0:1 - - [08/Dec/2021:22:20:41 +0700] "GET /favicon.ico HTTP/1.1" 500 6059
0:0:0:0:0:0:0:1 - - [08/Dec/2021:22:21:04 +0700] "POST /?form HTTP/1.1" 200 1581
0:0:0:0:0:0:0:1 - - [08/Dec/2021:22:21:04 +0700] "GET /favicon.ico HTTP/1.1" 500 3966
0:0:0:0:0:0:0:1 - - [08/Dec/2021:22:24:50 +0700] "POST /?form HTTP/1.1" 200 1581
0:0:0:0:0:0:0:1 - - [08/Dec/2021:22:24:50 +0700] "GET /css/bootstrap.min.css HTTP/1.1" 304 -
0:0:0:0:0:0:0:1 - - [08/Dec/2021:22:24:51 +0700] "GET /favicon.ico HTTP/1.1" 500 6059
0:0:0:0:0:0:0:1 - - [08/Dec/2021:22:24:53 +0700] "GET /?form HTTP/1.1" 200 3860
0:0:0:0:0:0:0:1 - - [08/Dec/2021:22:24:53 +0700] "GET /favicon.ico HTTP/1.1" 500 3966
0:0:0:0:0:0:0:1 - - [08/Dec/2021:22:25:09 +0700] "POST /?form HTTP/1.1" 200 1581
0:0:0:0:0:0:0:1 - - [08/Dec/2021:22:25:10 +0700] "GET /favicon.ico HTTP/1.1" 500 3966
0:0:0:0:0:0:0:1 - - [08/Dec/2021:22:30:16 +0700] "POST /?form HTTP/1.1" 200 1581
0:0:0:0:0:0:0:1 - - [08/Dec/2021:22:30:16 +0700] "GET /favicon.ico HTTP/1.1" 500 3966
0:0:0:0:0:0:0:1 - - [08/Dec/2021:22:30:28 +0700] "POST /?form HTTP/1.1" 200 1581
0:0:0:0:0:0:0:1 - - [08/Dec/2021:22:30:28 +0700] "GET /favicon.ico HTTP/1.1" 500 3966
0:0:0:0:0:0:0:1 - - [08/Dec/2021:22:32:38 +0700] "POST /?form HTTP/1.1" 200 1581
0:0:0:0:0:0:0:1 - - [08/Dec/2021:22:32:38 +0700] "GET /css/bootstrap.min.css HTTP/1.1" 304 -
0:0:0:0:0:0:0:1 - - [08/Dec/2021:22:32:38 +0700] "GET /favicon.ico HTTP/1.1" 500 6059
0:0:0:0:0:0:0:1 - - [08/Dec/2021:22:32:46 +0700] "GET / HTTP/1.1" 200 1581
0:0:0:0:0:0:0:1 - - [08/Dec/2021:22:32:46 +0700] "GET /favicon.ico HTTP/1.1" 500 3966
0:0:0:0:0:0:0:1 - - [08/Dec/2021:22:32:48 +0700] "GET / HTTP/1.1" 200 1581
0:0:0:0:0:0:0:1 - - [08/Dec/2021:22:32:48 +0700] "GET /favicon.ico HTTP/1.1" 500 3966
0:0:0:0:0:0:0:1 - - [08/Dec/2021:22:32:48 +0700] "GET / HTTP/1.1" 200 1581
0:0:0:0:0:0:0:1 - - [08/Dec/2021:22:32:49 +0700] "GET /favicon.ico HTTP/1.1" 500 3966
0:0:0:0:0:0:0:1 - - [08/Dec/2021:22:32:51 +0700] "GET / HTTP/1.1" 200 1581
0:0:0:0:0:0:0:1 - - [08/Dec/2021:22:32:52 +0700] "GET /favicon.ico HTTP/1.1" 500 3966
0:0:0:0:0:0:0:1 - - [08/Dec/2021:22:32:54 +0700] "GET / HTTP/1.1" 200 1581
0:0:0:0:0:0:0:1 - - [08/Dec/2021:22:32:54 +0700] "GET /favicon.ico HTTP/1.1" 500 3966
0:0:0:0:0:0:0:1 - - [08/Dec/2021:22:33:58 +0700] "GET / HTTP/1.1" 200 1581
0:0:0:0:0:0:0:1 - - [08/Dec/2021:22:33:58 +0700] "GET /favicon.ico HTTP/1.1" 500 6059
0:0:0:0:0:0:0:1 - - [08/Dec/2021:22:34:20 +0700] "GET / HTTP/1.1" 200 1581
0:0:0:0:0:0:0:1 - - [08/Dec/2021:22:34:21 +0700] "GET /favicon.ico HTTP/1.1" 500 3966
0:0:0:0:0:0:0:1 - - [08/Dec/2021:22:40:14 +0700] "GET / HTTP/1.1" 200 1581
0:0:0:0:0:0:0:1 - - [08/Dec/2021:22:40:14 +0700] "GET /css/bootstrap.min.css HTTP/1.1" 304 -
0:0:0:0:0:0:0:1 - - [08/Dec/2021:22:40:15 +0700] "GET /favicon.ico HTTP/1.1" 500 6059
0:0:0:0:0:0:0:1 - - [08/Dec/2021:22:47:58 +0700] "GET /?form HTTP/1.1" 200 3860
0:0:0:0:0:0:0:1 - - [08/Dec/2021:22:47:59 +0700] "GET /favicon.ico HTTP/1.1" 500 3966
0:0:0:0:0:0:0:1 - - [08/Dec/2021:22:48:18 +0700] "POST /?form HTTP/1.1" 200 1581
0:0:0:0:0:0:0:1 - - [08/Dec/2021:22:48:19 +0700] "GET /favicon.ico HTTP/1.1" 500 3966
0:0:0:0:0:0:0:1 - - [08/Dec/2021:22:49:45 +0700] "GET / HTTP/1.1" 200 1581
0:0:0:0:0:0:0:1 - - [08/Dec/2021:22:49:45 +0700] "GET /css/bootstrap.min.css HTTP/1.1" 304 -
0:0:0:0:0:0:0:1 - - [08/Dec/2021:22:49:46 +0700] "GET /favicon.ico HTTP/1.1" 500 6059
0:0:0:0:0:0:0:1 - - [08/Dec/2021:22:49:50 +0700] "GET /?form HTTP/1.1" 200 3860
0:0:0:0:0:0:0:1 - - [08/Dec/2021:22:49:50 +0700] "GET /favicon.ico HTTP/1.1" 500 3966
0:0:0:0:0:0:0:1 - - [08/Dec/2021:22:50:04 +0700] "POST /?form HTTP/1.1" 200 1581
0:0:0:0:0:0:0:1 - - [08/Dec/2021:22:50:04 +0700] "GET /favicon.ico HTTP/1.1" 500 3966
0:0:0:0:0:0:0:1 - - [08/Dec/2021:22:50:29 +0700] "GET /?form HTTP/1.1" 200 3860
0:0:0:0:0:0:0:1 - - [08/Dec/2021:22:50:30 +0700] "GET /favicon.ico HTTP/1.1" 500 3966
0:0:0:0:0:0:0:1 - - [08/Dec/2021:22:51:43 +0700] "GET / HTTP/1.1" 200 1581
0:0:0:0:0:0:0:1 - - [08/Dec/2021:22:51:43 +0700] "GET /favicon.ico HTTP/1.1" 500 6059
0:0:0:0:0:0:0:1 - - [08/Dec/2021:22:51:45 +0700] "GET /?form HTTP/1.1" 200 3860
0:0:0:0:0:0:0:1 - - [08/Dec/2021:22:51:45 +0700] "GET /favicon.ico HTTP/1.1" 500 3966
0:0:0:0:0:0:0:1 - - [08/Dec/2021:22:51:59 +0700] "POST /?form HTTP/1.1" 200 1581
0:0:0:0:0:0:0:1 - - [08/Dec/2021:22:51:59 +0700] "GET /favicon.ico HTTP/1.1" 500 3966
0:0:0:0:0:0:0:1 - - [08/Dec/2021:22:54:15 +0700] "POST /?form HTTP/1.1" 200 1581
0:0:0:0:0:0:0:1 - - [08/Dec/2021:22:54:15 +0700] "GET /favicon.ico HTTP/1.1" 500 3966
0:0:0:0:0:0:0:1 - - [08/Dec/2021:22:54:18 +0700] "GET / HTTP/1.1" 200 1581
0:0:0:0:0:0:0:1 - - [08/Dec/2021:22:54:19 +0700] "GET /favicon.ico HTTP/1.1" 500 3966
0:0:0:0:0:0:0:1 - - [08/Dec/2021:22:55:40 +0700] "GET / HTTP/1.1" 200 1581
0:0:0:0:0:0:0:1 - - [08/Dec/2021:22:55:40 +0700] "GET /favicon.ico HTTP/1.1" 500 3966
0:0:0:0:0:0:0:1 - - [08/Dec/2021:22:56:56 +0700] "GET / HTTP/1.1" 200 1581
0:0:0:0:0:0:0:1 - - [08/Dec/2021:22:56:56 +0700] "GET /favicon.ico HTTP/1.1" 500 3966
0:0:0:0:0:0:0:1 - - [08/Dec/2021:22:59:18 +0700] "GET / HTTP/1.1" 200 1581
0:0:0:0:0:0:0:1 - - [08/Dec/2021:22:59:18 +0700] "GET /css/bootstrap.min.css HTTP/1.1" 304 -
0:0:0:0:0:0:0:1 - - [08/Dec/2021:22:59:18 +0700] "GET /favicon.ico HTTP/1.1" 500 6059
0:0:0:0:0:0:0:1 - - [08/Dec/2021:23:06:56 +0700] "GET / HTTP/1.1" 200 1581
0:0:0:0:0:0:0:1 - - [08/Dec/2021:23:06:56 +0700] "GET /favicon.ico HTTP/1.1" 500 6059
0:0:0:0:0:0:0:1 - - [08/Dec/2021:23:17:15 +0700] "GET / HTTP/1.1" 200 1581
0:0:0:0:0:0:0:1 - - [08/Dec/2021:23:17:15 +0700] "GET /css/bootstrap.min.css HTTP/1.1" 304 -
0:0:0:0:0:0:0:1 - - [08/Dec/2021:23:17:16 +0700] "GET /favicon.ico HTTP/1.1" 500 6059
0:0:0:0:0:0:0:1 - - [08/Dec/2021:23:17:48 +0700] "GET / HTTP/1.1" 200 1581
0:0:0:0:0:0:0:1 - - [08/Dec/2021:23:17:48 +0700] "GET /favicon.ico HTTP/1.1" 200 2862
0:0:0:0:0:0:0:1 - - [08/Dec/2021:23:17:55 +0700] "GET / HTTP/1.1" 200 1581
0:0:0:0:0:0:0:1 - - [08/Dec/2021:23:17:56 +0700] "GET / HTTP/1.1" 200 1581
0:0:0:0:0:0:0:1 - - [08/Dec/2021:23:18:27 +0700] "GET /?form HTTP/1.1" 200 3860
0:0:0:0:0:0:0:1 - - [08/Dec/2021:23:18:42 +0700] "POST /?form HTTP/1.1" 200 1581
0:0:0:0:0:0:0:1 - - [08/Dec/2021:23:19:33 +0700] "GET / HTTP/1.1" 200 1581
0:0:0:0:0:0:0:1 - - [08/Dec/2021:23:24:31 +0700] "GET / HTTP/1.1" 200 1581
0:0:0:0:0:0:0:1 - - [08/Dec/2021:23:31:36 +0700] "GET / HTTP/1.1" 200 2276
0:0:0:0:0:0:0:1 - - [08/Dec/2021:23:31:36 +0700] "GET /css/bootstrap.min.css HTTP/1.1" 304 -
0:0:0:0:0:0:0:1 - - [08/Dec/2021:23:31:37 +0700] "GET /favicon.ico HTTP/1.1" 304 -
0:0:0:0:0:0:0:1 - - [08/Dec/2021:23:31:52 +0700] "GET /1 HTTP/1.1" 200 1089
0:0:0:0:0:0:0:1 - - [08/Dec/2021:23:38:40 +0700] "GET / HTTP/1.1" 200 2280
0:0:0:0:0:0:0:1 - - [08/Dec/2021:23:38:45 +0700] "GET /?form HTTP/1.1" 200 3860
0:0:0:0:0:0:0:1 - - [08/Dec/2021:23:38:59 +0700] "POST /?form HTTP/1.1" 200 2587
0:0:0:0:0:0:0:1 - - [08/Dec/2021:23:39:14 +0700] "GET / HTTP/1.1" 200 2587
0:0:0:0:0:0:0:1 - - [08/Dec/2021:23:43:56 +0700] "GET /?form HTTP/1.1" 200 3860
0:0:0:0:0:0:0:1 - - [08/Dec/2021:23:44:10 +0700] "POST /?form HTTP/1.1" 200 2895
0:0:0:0:0:0:0:1 - - [08/Dec/2021:23:45:37 +0700] "GET /?form HTTP/1.1" 200 3860
0:0:0:0:0:0:0:1 - - [08/Dec/2021:23:45:37 +0700] "GET /css/bootstrap.min.css HTTP/1.1" 304 -
0:0:0:0:0:0:0:1 - - [08/Dec/2021:23:45:52 +0700] "POST /?form HTTP/1.1" 200 3201
