0:0:0:0:0:0:0:1 - - [13/Dec/2021:20:59:43 +0700] "GET / HTTP/1.1" 200 7096
0:0:0:0:0:0:0:1 - - [13/Dec/2021:20:59:43 +0700] "GET /css/bootstrap.min.css HTTP/1.1" 200 83058
0:0:0:0:0:0:0:1 - - [13/Dec/2021:20:59:45 +0700] "GET /favicon.ico HTTP/1.1" 200 2862
0:0:0:0:0:0:0:1 - - [13/Dec/2021:21:34:30 +0700] "GET / HTTP/1.1" 500 7826
0:0:0:0:0:0:0:1 - - [13/Dec/2021:21:35:33 +0700] "GET / HTTP/1.1" 500 7824
0:0:0:0:0:0:0:1 - - [13/Dec/2021:21:35:36 +0700] "GET / HTTP/1.1" 500 7824
0:0:0:0:0:0:0:1 - - [13/Dec/2021:21:36:01 +0700] "GET / HTTP/1.1" 500 7993
0:0:0:0:0:0:0:1 - - [13/Dec/2021:21:36:42 +0700] "GET / HTTP/1.1" 500 7828
0:0:0:0:0:0:0:1 - - [13/Dec/2021:21:37:20 +0700] "GET / HTTP/1.1" 200 1845
0:0:0:0:0:0:0:1 - - [13/Dec/2021:21:37:20 +0700] "GET /img_avatar2.png HTTP/1.1" 400 968
0:0:0:0:0:0:0:1 - - [13/Dec/2021:21:46:36 +0700] "GET / HTTP/1.1" 200 1840
0:0:0:0:0:0:0:1 - - [13/Dec/2021:21:46:36 +0700] "GET /adidas.jpg HTTP/1.1" 400 968
0:0:0:0:0:0:0:1 - - [13/Dec/2021:21:46:37 +0700] "GET / HTTP/1.1" 200 1840
0:0:0:0:0:0:0:1 - - [13/Dec/2021:21:46:37 +0700] "GET /adidas.jpg HTTP/1.1" 400 968
0:0:0:0:0:0:0:1 - - [13/Dec/2021:21:46:38 +0700] "GET / HTTP/1.1" 200 1840
0:0:0:0:0:0:0:1 - - [13/Dec/2021:21:46:38 +0700] "GET /adidas.jpg HTTP/1.1" 400 968
0:0:0:0:0:0:0:1 - - [13/Dec/2021:21:47:04 +0700] "GET / HTTP/1.1" 200 1851
0:0:0:0:0:0:0:1 - - [13/Dec/2021:21:47:04 +0700] "GET /static/img/adidas.jpg HTTP/1.1" 404 949
0:0:0:0:0:0:0:1 - - [13/Dec/2021:21:47:05 +0700] "GET / HTTP/1.1" 200 1851
0:0:0:0:0:0:0:1 - - [13/Dec/2021:21:47:05 +0700] "GET /static/img/adidas.jpg HTTP/1.1" 404 949
0:0:0:0:0:0:0:1 - - [13/Dec/2021:21:47:43 +0700] "GET / HTTP/1.1" 200 1861
0:0:0:0:0:0:0:1 - - [13/Dec/2021:21:47:43 +0700] "GET /resources/static/img/adidas.jpg HTTP/1.1" 404 949
0:0:0:0:0:0:0:1 - - [13/Dec/2021:21:47:44 +0700] "GET / HTTP/1.1" 200 1861
0:0:0:0:0:0:0:1 - - [13/Dec/2021:21:47:44 +0700] "GET /resources/static/img/adidas.jpg HTTP/1.1" 404 949
