0:0:0:0:0:0:0:1 - - [07/Dec/2021:21:14:30 +0700] "GET / HTTP/1.1" 200 1286
0:0:0:0:0:0:0:1 - - [07/Dec/2021:21:14:30 +0700] "GET /css/bootstrap.min.css HTTP/1.1" 200 83046
0:0:0:0:0:0:0:1 - - [07/Dec/2021:21:14:32 +0700] "GET /?form HTTP/1.1" 200 2589
0:0:0:0:0:0:0:1 - - [07/Dec/2021:21:17:28 +0700] "GET /?form HTTP/1.1" 500 7853
0:0:0:0:0:0:0:1 - - [07/Dec/2021:21:17:28 +0700] "GET /favicon.ico HTTP/1.1" 200 2862
0:0:0:0:0:0:0:1 - - [07/Dec/2021:21:17:30 +0700] "GET /?form HTTP/1.1" 500 7853
0:0:0:0:0:0:0:1 - - [07/Dec/2021:21:17:46 +0700] "GET /?form HTTP/1.1" 500 7853
0:0:0:0:0:0:0:1 - - [07/Dec/2021:21:17:49 +0700] "GET /?form HTTP/1.1" 500 7853
0:0:0:0:0:0:0:1 - - [07/Dec/2021:21:18:12 +0700] "GET /?form HTTP/1.1" 500 7853
0:0:0:0:0:0:0:1 - - [07/Dec/2021:21:18:12 +0700] "GET /favicon.ico HTTP/1.1" 304 -
0:0:0:0:0:0:0:1 - - [07/Dec/2021:21:19:07 +0700] "GET /?form HTTP/1.1" 200 3117
0:0:0:0:0:0:0:1 - - [07/Dec/2021:21:19:07 +0700] "GET /css/bootstrap.min.css HTTP/1.1" 304 -
0:0:0:0:0:0:0:1 - - [07/Dec/2021:21:19:07 +0700] "GET /favicon.ico HTTP/1.1" 304 -
0:0:0:0:0:0:0:1 - - [07/Dec/2021:21:19:31 +0700] "GET /?form HTTP/1.1" 200 3119
0:0:0:0:0:0:0:1 - - [07/Dec/2021:21:19:32 +0700] "GET /?form HTTP/1.1" 200 3119
0:0:0:0:0:0:0:1 - - [07/Dec/2021:21:19:39 +0700] "GET /?form HTTP/1.1" 200 3119
0:0:0:0:0:0:0:1 - - [07/Dec/2021:21:20:45 +0700] "GET /?form HTTP/1.1" 500 7853
0:0:0:0:0:0:0:1 - - [07/Dec/2021:21:20:45 +0700] "GET /favicon.ico HTTP/1.1" 304 -
0:0:0:0:0:0:0:1 - - [07/Dec/2021:21:21:13 +0700] "GET /?form HTTP/1.1" 500 7853
0:0:0:0:0:0:0:1 - - [07/Dec/2021:21:21:40 +0700] "GET /?form HTTP/1.1" 500 7853
0:0:0:0:0:0:0:1 - - [07/Dec/2021:21:21:40 +0700] "GET /favicon.ico HTTP/1.1" 304 -
0:0:0:0:0:0:0:1 - - [07/Dec/2021:21:21:47 +0700] "GET /?form HTTP/1.1" 200 3146
0:0:0:0:0:0:0:1 - - [07/Dec/2021:21:21:47 +0700] "GET /css/bootstrap.min.css HTTP/1.1" 304 -
0:0:0:0:0:0:0:1 - - [07/Dec/2021:21:34:51 +0700] "GET /?form HTTP/1.1" 200 3146
0:0:0:0:0:0:0:1 - - [07/Dec/2021:21:34:51 +0700] "GET /css/bootstrap.min.css HTTP/1.1" 304 -
0:0:0:0:0:0:0:1 - - [07/Dec/2021:21:34:52 +0700] "GET /favicon.ico HTTP/1.1" 304 -
0:0:0:0:0:0:0:1 - - [07/Dec/2021:21:45:38 +0700] "GET /?form HTTP/1.1" 500 7694
0:0:0:0:0:0:0:1 - - [07/Dec/2021:21:45:39 +0700] "GET /favicon.ico HTTP/1.1" 304 -
0:0:0:0:0:0:0:1 - - [07/Dec/2021:21:46:14 +0700] "GET /?form HTTP/1.1" 500 11983
0:0:0:0:0:0:0:1 - - [07/Dec/2021:21:47:06 +0700] "GET /?form HTTP/1.1" 500 7694
0:0:0:0:0:0:0:1 - - [07/Dec/2021:21:49:24 +0700] "GET /?form HTTP/1.1" 500 7694
0:0:0:0:0:0:0:1 - - [07/Dec/2021:21:49:24 +0700] "GET /favicon.ico HTTP/1.1" 304 -
0:0:0:0:0:0:0:1 - - [07/Dec/2021:21:49:48 +0700] "GET /?form HTTP/1.1" 200 3299
0:0:0:0:0:0:0:1 - - [07/Dec/2021:21:49:48 +0700] "GET /css/bootstrap.min.css HTTP/1.1" 304 -
0:0:0:0:0:0:0:1 - - [07/Dec/2021:21:50:06 +0700] "GET /?form HTTP/1.1" 200 3299
0:0:0:0:0:0:0:1 - - [07/Dec/2021:21:50:07 +0700] "GET /?form HTTP/1.1" 200 3299
0:0:0:0:0:0:0:1 - - [07/Dec/2021:21:50:13 +0700] "GET /?form HTTP/1.1" 500 7694
0:0:0:0:0:0:0:1 - - [07/Dec/2021:21:50:58 +0700] "GET /?form HTTP/1.1" 500 7694
0:0:0:0:0:0:0:1 - - [07/Dec/2021:21:54:20 +0700] "GET /?form HTTP/1.1" 500 7694
0:0:0:0:0:0:0:1 - - [07/Dec/2021:21:54:20 +0700] "GET /?form HTTP/1.1" 500 7694
0:0:0:0:0:0:0:1 - - [07/Dec/2021:21:54:21 +0700] "GET /favicon.ico HTTP/1.1" 304 -
0:0:0:0:0:0:0:1 - - [07/Dec/2021:21:55:54 +0700] "GET /?form HTTP/1.1" 500 7694
0:0:0:0:0:0:0:1 - - [07/Dec/2021:21:55:54 +0700] "GET /?form HTTP/1.1" 500 7694
0:0:0:0:0:0:0:1 - - [07/Dec/2021:21:58:43 +0700] "GET /?form HTTP/1.1" 500 7694
0:0:0:0:0:0:0:1 - - [07/Dec/2021:21:58:44 +0700] "GET /favicon.ico HTTP/1.1" 304 -
0:0:0:0:0:0:0:1 - - [07/Dec/2021:21:59:47 +0700] "GET /?form HTTP/1.1" 500 7694
0:0:0:0:0:0:0:1 - - [07/Dec/2021:22:00:08 +0700] "GET /?form HTTP/1.1" 500 7694
0:0:0:0:0:0:0:1 - - [07/Dec/2021:22:00:53 +0700] "GET /?form HTTP/1.1" 500 7694
0:0:0:0:0:0:0:1 - - [07/Dec/2021:22:01:13 +0700] "GET /?form HTTP/1.1" 200 2982
0:0:0:0:0:0:0:1 - - [07/Dec/2021:22:01:13 +0700] "GET /css/bootstrap.min.css HTTP/1.1" 304 -
0:0:0:0:0:0:0:1 - - [07/Dec/2021:22:01:13 +0700] "GET /?form HTTP/1.1" 200 2982
0:0:0:0:0:0:0:1 - - [07/Dec/2021:22:01:52 +0700] "GET /?form HTTP/1.1" 500 7694
0:0:0:0:0:0:0:1 - - [07/Dec/2021:22:03:05 +0700] "GET /?form HTTP/1.1" 500 7688
0:0:0:0:0:0:0:1 - - [07/Dec/2021:22:03:26 +0700] "GET /?form HTTP/1.1" 500 7688
0:0:0:0:0:0:0:1 - - [07/Dec/2021:22:03:26 +0700] "GET /favicon.ico HTTP/1.1" 304 -
0:0:0:0:0:0:0:1 - - [07/Dec/2021:22:03:27 +0700] "GET /?form HTTP/1.1" 500 7688
0:0:0:0:0:0:0:1 - - [07/Dec/2021:22:03:27 +0700] "GET /?form HTTP/1.1" 500 7688
0:0:0:0:0:0:0:1 - - [07/Dec/2021:22:04:08 +0700] "GET /?form HTTP/1.1" 500 7688
0:0:0:0:0:0:0:1 - - [07/Dec/2021:23:30:02 +0700] "GET /?form HTTP/1.1" 500 7694
0:0:0:0:0:0:0:1 - - [07/Dec/2021:23:30:02 +0700] "GET /favicon.ico HTTP/1.1" 304 -
0:0:0:0:0:0:0:1 - - [07/Dec/2021:23:30:54 +0700] "GET /?form HTTP/1.1" 200 2872
0:0:0:0:0:0:0:1 - - [07/Dec/2021:23:30:54 +0700] "GET /css/bootstrap.min.css HTTP/1.1" 304 -
0:0:0:0:0:0:0:1 - - [07/Dec/2021:23:32:18 +0700] "GET /?form HTTP/1.1" 200 3123
0:0:0:0:0:0:0:1 - - [07/Dec/2021:23:32:34 +0700] "GET /?form HTTP/1.1" 200 3123
0:0:0:0:0:0:0:1 - - [07/Dec/2021:23:32:43 +0700] "GET /?form HTTP/1.1" 200 3124
0:0:0:0:0:0:0:1 - - [07/Dec/2021:23:32:43 +0700] "GET /?form HTTP/1.1" 200 3124
0:0:0:0:0:0:0:1 - - [07/Dec/2021:23:32:44 +0700] "GET /?form HTTP/1.1" 200 3124
0:0:0:0:0:0:0:1 - - [07/Dec/2021:23:39:30 +0700] "GET /?form HTTP/1.1" 200 3446
0:0:0:0:0:0:0:1 - - [07/Dec/2021:23:57:35 +0700] "GET /?form HTTP/1.1" 200 3666
0:0:0:0:0:0:0:1 - - [07/Dec/2021:23:57:35 +0700] "GET /css/bootstrap.min.css HTTP/1.1" 304 -
0:0:0:0:0:0:0:1 - - [07/Dec/2021:23:57:35 +0700] "GET /getPercent() HTTP/1.1" 400 968
0:0:0:0:0:0:0:1 - - [07/Dec/2021:23:57:35 +0700] "GET /favicon.ico HTTP/1.1" 304 -
